Loaded 2 core(s) and 5 job(s) using Round Robin (RR) with a quantum of 1 scheduling...

=== [TIME 0] ===
A new job, job 0 (running time=3, priority=2), arrived. Job 0 is now running on core 0.
  Queue: 0(0) 

At the end of time unit 0...
  Core  0: 0
  Core  1: -

  Queue: 0(0) 

=== [TIME 1] ===
Job 0, running on core 0, had its quantum expire. Core 0 is now running job 0.
  Queue: 0(0) 

A new job, job 1 (running time=10, priority=3), arrived. Job 1 is now running on core 1.
  Queue: 0(0) 1(1) 

At the end of time unit 1...
  Core  0: 00
  Core  1: -1

  Queue: 0(0) 1(1) 

=== [TIME 2] ===
Job 0, running on core 0, had its quantum expire. Core 0 is now running job 0.
  Queue: 1(1) 0(0) 

Job 1, running on core 1, had its quantum expire. Core 1 is now running job 1.
  Queue: 0(0) 1(1) 

A new job, job 2 (running time=5, priority=1), arrived. Job 2 is set to idle (-1).
  Queue: 0(0) 1(1) 2(-1) 

At the end of time unit 2...
  Core  0: 000
  Core  1: -11

  Queue: 0(0) 1(1) 2(-1) 

=== [TIME 3] ===
Job 0, running on core 0, finished. Core 0 is now running job 2.
  Queue: 1(1) 2(0) 

Job 1, running on core 1, had its quantum expire. Core 1 is now running job 1.
  Queue: 2(0) 1(1) 

A new job, job 3 (running time=2, priority=4), arrived. Job 3 is set to idle (-1).
  Queue: 2(0) 1(1) 3(-1) 

At the end of time unit 3...
  Core  0: 0002
  Core  1: -111

  Queue: 2(0) 1(1) 3(-1) 

=== [TIME 4] ===
Job 2, running on core 0, had its quantum expire. Core 0 is now running job 3.
  Queue: 1(1) 3(0) 2(-1) 

Job 1, running on core 1, had its quantum expire. Core 1 is now running job 2.
  Queue: 3(0) 2(1) 1(-1) 

A new job, job 4 (running time=4, priority=5), arrived. Job 4 is set to idle (-1).
  Queue: 3(0) 2(1) 1(-1) 4(-1) 

At the end of time unit 4...
  Core  0: 00023
  Core  1: -1112

  Queue: 3(0) 2(1) 1(-1) 4(-1) 

=== [TIME 5] ===
Job 3, running on core 0, had its quantum expire. Core 0 is now running job 1.
  Queue: 2(1) 1(0) 4(-1) 3(-1) 

Job 2, running on core 1, had its quantum expire. Core 1 is now running job 4.
  Queue: 1(0) 4(1) 3(-1) 2(-1) 

At the end of time unit 5...
  Core  0: 000231
  Core  1: -11124

  Queue: 1(0) 4(1) 3(-1) 2(-1) 

=== [TIME 6] ===
Job 1, running on core 0, had its quantum expire. Core 0 is now running job 3.
  Queue: 4(1) 3(0) 2(-1) 1(-1) 

Job 4, running on core 1, had its quantum expire. Core 1 is now running job 2.
  Queue: 3(0) 2(1) 1(-1) 4(-1) 

At the end of time unit 6...
  Core  0: 0002313
  Core  1: -111242

  Queue: 3(0) 2(1) 1(-1) 4(-1) 

=== [TIME 7] ===
Job 3, running on core 0, finished. Core 0 is now running job 1.
  Queue: 2(1) 1(0) 4(-1) 

Job 2, running on core 1, had its quantum expire. Core 1 is now running job 4.
  Queue: 1(0) 4(1) 2(-1) 

At the end of time unit 7...
  Core  0: 00023131
  Core  1: -1112424

  Queue: 1(0) 4(1) 2(-1) 

=== [TIME 8] ===
Job 1, running on core 0, had its quantum expire. Core 0 is now running job 2.
  Queue: 4(1) 2(0) 1(-1) 

Job 4, running on core 1, had its quantum expire. Core 1 is now running job 1.
  Queue: 2(0) 1(1) 4(-1) 

At the end of time unit 8...
  Core  0: 000231312
  Core  1: -11124241

  Queue: 2(0) 1(1) 4(-1) 

=== [TIME 9] ===
Job 2, running on core 0, had its quantum expire. Core 0 is now running job 4.
  Queue: 1(1) 4(0) 2(-1) 

Job 1, running on core 1, had its quantum expire. Core 1 is now running job 2.
  Queue: 4(0) 2(1) 1(-1) 

At the end of time unit 9...
  Core  0: 0002313124
  Core  1: -111242412

  Queue: 4(0) 2(1) 1(-1) 

=== [TIME 10] ===
Job 2, running on core 1, finished. Core 1 is now running job 1.
  Queue: 4(0) 1(1) 

Job 4, running on core 0, had its quantum expire. Core 0 is now running job 4.
  Queue: 1(1) 4(0) 

At the end of time unit 10...
  Core  0: 00023131244
  Core  1: -1112424121

  Queue: 1(1) 4(0) 

=== [TIME 11] ===
Job 4, running on core 0, finished. Core 0 is now running job -1.
  Queue: 1(1) 

Job 1, running on core 1, had its quantum expire. Core 1 is now running job 1.
  Queue: 1(1) 

At the end of time unit 11...
  Core  0: 00023131244-
  Core  1: -11124241211

  Queue: 1(1) 

=== [TIME 12] ===
Job 1, running on core 1, had its quantum expire. Core 1 is now running job 1.
  Queue: 1(1) 

At the end of time unit 12...
  Core  0: 00023131244--
  Core  1: -111242412111

  Queue: 1(1) 

=== [TIME 13] ===
Job 1, running on core 1, had its quantum expire. Core 1 is now running job 1.
  Queue: 1(1) 

At the end of time unit 13...
  Core  0: 00023131244---
  Core  1: -1112424121111

  Queue: 1(1) 

=== [TIME 14] ===
Job 1, running on core 1, finished. Core 1 is now running job -1.
  Queue: 

FINAL TIMING DIAGRAM:
  Core  0: 00023131244---
  Core  1: -1112424121111

Average Waiting Time: 2.20
Average Turnaround Time: 7.00
Average Response Time: 0.60
