Loaded 2 core(s) and 4 job(s) using Preemptive Shortest Job First (PSJF) scheduling...

=== [TIME 0] ===
A new job, job 0 (running time=8, priority=4), arrived. Job 0 is now running on core 0.
  Queue: 0(0) 

At the end of time unit 0...
  Core  0: 0
  Core  1: -

  Queue: 0(0) 

=== [TIME 1] ===
At the end of time unit 1...
  Core  0: 00
  Core  1: --

  Queue: 0(0) 

=== [TIME 2] ===
At the end of time unit 2...
  Core  0: 000
  Core  1: ---

  Queue: 0(0) 

=== [TIME 3] ===
At the end of time unit 3...
  Core  0: 0000
  Core  1: ----

  Queue: 0(0) 

=== [TIME 4] ===
A new job, job 1 (running time=6, priority=1), arrived. Job 1 is now running on core 1.
  Queue: 0(0) 1(1) 

At the end of time unit 4...
  Core  0: 00000
  Core  1: ----1

  Queue: 0(0) 1(1) 

=== [TIME 5] ===
At the end of time unit 5...
  Core  0: 000000
  Core  1: ----11

  Queue: 0(0) 1(1) 

=== [TIME 6] ===
At the end of time unit 6...
  Core  0: 0000000
  Core  1: ----111

  Queue: 0(0) 1(1) 

=== [TIME 7] ===
At the end of time unit 7...
  Core  0: 00000000
  Core  1: ----1111

  Queue: 0(0) 1(1) 

=== [TIME 8] ===
Job 0, running on core 0, finished. Core 0 is now running job -1.
  Queue: 1(1) 

At the end of time unit 8...
  Core  0: 00000000-
  Core  1: ----11111

  Queue: 1(1) 

=== [TIME 9] ===
At the end of time unit 9...
  Core  0: 00000000--
  Core  1: ----111111

  Queue: 1(1) 

=== [TIME 10] ===
Job 1, running on core 1, finished. Core 1 is now running job -1.
  Queue: 

At the end of time unit 10...
  Core  0: 00000000---
  Core  1: ----111111-

  Queue: 

=== [TIME 11] ===
At the end of time unit 11...
  Core  0: 00000000----
  Core  1: ----111111--

  Queue: 

=== [TIME 12] ===
At the end of time unit 12...
  Core  0: 00000000-----
  Core  1: ----111111---

  Queue: 

=== [TIME 13] ===
At the end of time unit 13...
  Core  0: 00000000------
  Core  1: ----111111----

  Queue: 

=== [TIME 14] ===
At the end of time unit 14...
  Core  0: 00000000-------
  Core  1: ----111111-----

  Queue: 

=== [TIME 15] ===
At the end of time unit 15...
  Core  0: 00000000--------
  Core  1: ----111111------

  Queue: 

=== [TIME 16] ===
At the end of time unit 16...
  Core  0: 00000000---------
  Core  1: ----111111-------

  Queue: 

=== [TIME 17] ===
At the end of time unit 17...
  Core  0: 00000000----------
  Core  1: ----111111--------

  Queue: 

=== [TIME 18] ===
At the end of time unit 18...
  Core  0: 00000000-----------
  Core  1: ----111111---------

  Queue: 

=== [TIME 19] ===
At the end of time unit 19...
  Core  0: 00000000------------
  Core  1: ----111111----------

  Queue: 

=== [TIME 20] ===
A new job, job 2 (running time=7, priority=3), arrived. Job 2 is now running on core 0.
  Queue: 2(0) 

At the end of time unit 20...
  Core  0: 00000000------------2
  Core  1: ----111111-----------

  Queue: 2(0) 

=== [TIME 21] ===
At the end of time unit 21...
  Core  0: 00000000------------22
  Core  1: ----111111------------

  Queue: 2(0) 

=== [TIME 22] ===
A new job, job 3 (running time=3, priority=2), arrived. Job 3 is now running on core 1.
  Queue: 3(1) 2(0) 

At the end of time unit 22...
  Core  0: 00000000------------222
  Core  1: ----111111------------3

  Queue: 3(1) 2(0) 

=== [TIME 23] ===
At the end of time unit 23...
  Core  0: 00000000------------2222
  Core  1: ----111111------------33

  Queue: 3(1) 2(0) 

=== [TIME 24] ===
At the end of time unit 24...
  Core  0: 00000000------------22222
  Core  1: ----111111------------333

  Queue: 3(1) 2(0) 

=== [TIME 25] ===
Job 3, running on core 1, finished. Core 1 is now running job -1.
  Queue: 2(0) 

At the end of time unit 25...
  Core  0: 00000000------------222222
  Core  1: ----111111------------333-

  Queue: 2(0) 

=== [TIME 26] ===
At the end of time unit 26...
  Core  0: 00000000------------2222222
  Core  1: ----111111------------333--

  Queue: 2(0) 

=== [TIME 27] ===
Job 2, running on core 0, finished. Core 0 is now running job -1.
  Queue: 

FINAL TIMING DIAGRAM:
  Core  0: 00000000------------2222222
  Core  1: ----111111------------333--

Average Waiting Time: 0.00
Average Turnaround Time: 6.00
Average Response Time: 0.00
