Loaded 4 core(s) and 18 job(s) using Non-preemptive Priority (PRI) scheduling...

=== [TIME 0] ===
A new job, job 0 (running time=3, priority=2), arrived. Job 0 is now running on core 0.
  Queue: 0(0) 

At the end of time unit 0...
  Core  0: 0
  Core  1: -
  Core  2: -
  Core  3: -

  Queue: 0(0) 

=== [TIME 1] ===
A new job, job 1 (running time=20, priority=3), arrived. Job 1 is now running on core 1.
  Queue: 0(0) 1(1) 

At the end of time unit 1...
  Core  0: 00
  Core  1: -1
  Core  2: --
  Core  3: --

  Queue: 0(0) 1(1) 

=== [TIME 2] ===
A new job, job 2 (running time=5, priority=1), arrived. Job 2 is now running on core 2.
  Queue: 2(2) 0(0) 1(1) 

At the end of time unit 2...
  Core  0: 000
  Core  1: -11
  Core  2: --2
  Core  3: ---

  Queue: 2(2) 0(0) 1(1) 

=== [TIME 3] ===
Job 0, running on core 0, finished. Core 0 is now running job -1.
  Queue: 2(2) 1(1) 

A new job, job 3 (running time=2, priority=4), arrived. Job 3 is now running on core 0.
  Queue: 2(2) 1(1) 3(0) 

At the end of time unit 3...
  Core  0: 0003
  Core  1: -111
  Core  2: --22
  Core  3: ----

  Queue: 2(2) 1(1) 3(0) 

=== [TIME 4] ===
A new job, job 4 (running time=4, priority=5), arrived. Job 4 is now running on core 3.
  Queue: 2(2) 1(1) 3(0) 4(3) 

At the end of time unit 4...
  Core  0: 00033
  Core  1: -1111
  Core  2: --222
  Core  3: ----4

  Queue: 2(2) 1(1) 3(0) 4(3) 

=== [TIME 5] ===
Job 3, running on core 0, finished. Core 0 is now running job -1.
  Queue: 2(2) 1(1) 4(3) 

A new job, job 5 (running time=8, priority=3), arrived. Job 5 is now running on core 0.
  Queue: 2(2) 1(1) 5(0) 4(3) 

At the end of time unit 5...
  Core  0: 000335
  Core  1: -11111
  Core  2: --2222
  Core  3: ----44

  Queue: 2(2) 1(1) 5(0) 4(3) 

=== [TIME 6] ===
A new job, job 6 (running time=11, priority=2), arrived. Job 6 is set to idle (-1).
  Queue: 2(2) 6(-1) 1(1) 5(0) 4(3) 

At the end of time unit 6...
  Core  0: 0003355
  Core  1: -111111
  Core  2: --22222
  Core  3: ----444

  Queue: 2(2) 6(-1) 1(1) 5(0) 4(3) 

=== [TIME 7] ===
Job 2, running on core 2, finished. Core 2 is now running job 6.
  Queue: 6(2) 1(1) 5(0) 4(3) 

A new job, job 7 (running time=3, priority=4), arrived. Job 7 is set to idle (-1).
  Queue: 6(2) 1(1) 5(0) 7(-1) 4(3) 

At the end of time unit 7...
  Core  0: 00033555
  Core  1: -1111111
  Core  2: --222226
  Core  3: ----4444

  Queue: 6(2) 1(1) 5(0) 7(-1) 4(3) 

=== [TIME 8] ===
Job 4, running on core 3, finished. Core 3 is now running job 7.
  Queue: 6(2) 1(1) 5(0) 7(3) 

A new job, job 8 (running time=15, priority=1), arrived. Job 8 is set to idle (-1).
  Queue: 8(-1) 6(2) 1(1) 5(0) 7(3) 

At the end of time unit 8...
  Core  0: 000335555
  Core  1: -11111111
  Core  2: --2222266
  Core  3: ----44447

  Queue: 8(-1) 6(2) 1(1) 5(0) 7(3) 

=== [TIME 9] ===
A new job, job 9 (running time=9, priority=4), arrived. Job 9 is set to idle (-1).
  Queue: 8(-1) 6(2) 1(1) 5(0) 7(3) 9(-1) 

At the end of time unit 9...
  Core  0: 0003355555
  Core  1: -111111111
  Core  2: --22222666
  Core  3: ----444477

  Queue: 8(-1) 6(2) 1(1) 5(0) 7(3) 9(-1) 

=== [TIME 10] ===
A new job, job 10 (running time=12, priority=2), arrived. Job 10 is set to idle (-1).
  Queue: 8(-1) 6(2) 10(-1) 1(1) 5(0) 7(3) 9(-1) 

At the end of time unit 10...
  Core  0: 00033555555
  Core  1: -1111111111
  Core  2: --222226666
  Core  3: ----4444777

  Queue: 8(-1) 6(2) 10(-1) 1(1) 5(0) 7(3) 9(-1) 

=== [TIME 11] ===
Job 7, running on core 3, finished. Core 3 is now running job 8.
  Queue: 8(3) 6(2) 10(-1) 1(1) 5(0) 9(-1) 

A new job, job 11 (running time=9, priority=3), arrived. Job 11 is set to idle (-1).
  Queue: 8(3) 6(2) 10(-1) 1(1) 5(0) 11(-1) 9(-1) 

At the end of time unit 11...
  Core  0: 000335555555
  Core  1: -11111111111
  Core  2: --2222266666
  Core  3: ----44447778

  Queue: 8(3) 6(2) 10(-1) 1(1) 5(0) 11(-1) 9(-1) 

=== [TIME 12] ===
A new job, job 12 (running time=14, priority=2), arrived. Job 12 is set to idle (-1).
  Queue: 8(3) 6(2) 10(-1) 12(-1) 1(1) 5(0) 11(-1) 9(-1) 

At the end of time unit 12...
  Core  0: 0003355555555
  Core  1: -111111111111
  Core  2: --22222666666
  Core  3: ----444477788

  Queue: 8(3) 6(2) 10(-1) 12(-1) 1(1) 5(0) 11(-1) 9(-1) 

=== [TIME 13] ===
Job 5, running on core 0, finished. Core 0 is now running job 10.
  Queue: 8(3) 6(2) 10(0) 12(-1) 1(1) 11(-1) 9(-1) 

A new job, job 13 (running time=2, priority=5), arrived. Job 13 is set to idle (-1).
  Queue: 8(3) 6(2) 10(0) 12(-1) 1(1) 11(-1) 9(-1) 13(-1) 

At the end of time unit 13...
  Core  0: 0003355555555a
  Core  1: -1111111111111
  Core  2: --222226666666
  Core  3: ----4444777888

  Queue: 8(3) 6(2) 10(0) 12(-1) 1(1) 11(-1) 9(-1) 13(-1) 

=== [TIME 14] ===
A new job, job 14 (running time=7, priority=3), arrived. Job 14 is set to idle (-1).
  Queue: 8(3) 6(2) 10(0) 12(-1) 1(1) 11(-1) 14(-1) 9(-1) 13(-1) 

At the end of time unit 14...
  Core  0: 0003355555555aa
  Core  1: -11111111111111
  Core  2: --2222266666666
  Core  3: ----44447778888

  Queue: 8(3) 6(2) 10(0) 12(-1) 1(1) 11(-1) 14(-1) 9(-1) 13(-1) 

=== [TIME 15] ===
A new job, job 15 (running time=12, priority=2), arrived. Job 15 is set to idle (-1).
  Queue: 8(3) 6(2) 10(0) 12(-1) 15(-1) 1(1) 11(-1) 14(-1) 9(-1) 13(-1) 

At the end of time unit 15...
  Core  0: 0003355555555aaa
  Core  1: -111111111111111
  Core  2: --22222666666666
  Core  3: ----444477788888

  Queue: 8(3) 6(2) 10(0) 12(-1) 15(-1) 1(1) 11(-1) 14(-1) 9(-1) 13(-1) 

=== [TIME 16] ===
A new job, job 16 (running time=15, priority=1), arrived. Job 16 is set to idle (-1).
  Queue: 8(3) 16(-1) 6(2) 10(0) 12(-1) 15(-1) 1(1) 11(-1) 14(-1) 9(-1) 13(-1) 

At the end of time unit 16...
  Core  0: 0003355555555aaaa
  Core  1: -1111111111111111
  Core  2: --222226666666666
  Core  3: ----4444777888888

  Queue: 8(3) 16(-1) 6(2) 10(0) 12(-1) 15(-1) 1(1) 11(-1) 14(-1) 9(-1) 13(-1) 

=== [TIME 17] ===
A new job, job 17 (running time=9, priority=4), arrived. Job 17 is set to idle (-1).
  Queue: 8(3) 16(-1) 6(2) 10(0) 12(-1) 15(-1) 1(1) 11(-1) 14(-1) 9(-1) 17(-1) 13(-1) 

At the end of time unit 17...
  Core  0: 0003355555555aaaaa
  Core  1: -11111111111111111
  Core  2: --2222266666666666
  Core  3: ----44447778888888

  Queue: 8(3) 16(-1) 6(2) 10(0) 12(-1) 15(-1) 1(1) 11(-1) 14(-1) 9(-1) 17(-1) 13(-1) 

=== [TIME 18] ===
Job 6, running on core 2, finished. Core 2 is now running job 16.
  Queue: 8(3) 16(2) 10(0) 12(-1) 15(-1) 1(1) 11(-1) 14(-1) 9(-1) 17(-1) 13(-1) 

At the end of time unit 18...
  Core  0: 0003355555555aaaaaa
  Core  1: -111111111111111111
  Core  2: --2222266666666666g
  Core  3: ----444477788888888

  Queue: 8(3) 16(2) 10(0) 12(-1) 15(-1) 1(1) 11(-1) 14(-1) 9(-1) 17(-1) 13(-1) 

=== [TIME 19] ===
At the end of time unit 19...
  Core  0: 0003355555555aaaaaaa
  Core  1: -1111111111111111111
  Core  2: --2222266666666666gg
  Core  3: ----4444777888888888

  Queue: 8(3) 16(2) 10(0) 12(-1) 15(-1) 1(1) 11(-1) 14(-1) 9(-1) 17(-1) 13(-1) 

=== [TIME 20] ===
At the end of time unit 20...
  Core  0: 0003355555555aaaaaaaa
  Core  1: -11111111111111111111
  Core  2: --2222266666666666ggg
  Core  3: ----44447778888888888

  Queue: 8(3) 16(2) 10(0) 12(-1) 15(-1) 1(1) 11(-1) 14(-1) 9(-1) 17(-1) 13(-1) 

=== [TIME 21] ===
Job 1, running on core 1, finished. Core 1 is now running job 12.
  Queue: 8(3) 16(2) 10(0) 12(1) 15(-1) 11(-1) 14(-1) 9(-1) 17(-1) 13(-1) 

At the end of time unit 21...
  Core  0: 0003355555555aaaaaaaaa
  Core  1: -11111111111111111111c
  Core  2: --2222266666666666gggg
  Core  3: ----444477788888888888

  Queue: 8(3) 16(2) 10(0) 12(1) 15(-1) 11(-1) 14(-1) 9(-1) 17(-1) 13(-1) 

=== [TIME 22] ===
At the end of time unit 22...
  Core  0: 0003355555555aaaaaaaaaa
  Core  1: -11111111111111111111cc
  Core  2: --2222266666666666ggggg
  Core  3: ----4444777888888888888

  Queue: 8(3) 16(2) 10(0) 12(1) 15(-1) 11(-1) 14(-1) 9(-1) 17(-1) 13(-1) 

=== [TIME 23] ===
At the end of time unit 23...
  Core  0: 0003355555555aaaaaaaaaaa
  Core  1: -11111111111111111111ccc
  Core  2: --2222266666666666gggggg
  Core  3: ----44447778888888888888

  Queue: 8(3) 16(2) 10(0) 12(1) 15(-1) 11(-1) 14(-1) 9(-1) 17(-1) 13(-1) 

=== [TIME 24] ===
At the end of time unit 24...
  Core  0: 0003355555555aaaaaaaaaaaa
  Core  1: -11111111111111111111cccc
  Core  2: --2222266666666666ggggggg
  Core  3: ----444477788888888888888

  Queue: 8(3) 16(2) 10(0) 12(1) 15(-1) 11(-1) 14(-1) 9(-1) 17(-1) 13(-1) 

=== [TIME 25] ===
Job 10, running on core 0, finished. Core 0 is now running job 15.
  Queue: 8(3) 16(2) 12(1) 15(0) 11(-1) 14(-1) 9(-1) 17(-1) 13(-1) 

At the end of time unit 25...
  Core  0: 0003355555555aaaaaaaaaaaaf
  Core  1: -11111111111111111111ccccc
  Core  2: --2222266666666666gggggggg
  Core  3: ----4444777888888888888888

  Queue: 8(3) 16(2) 12(1) 15(0) 11(-1) 14(-1) 9(-1) 17(-1) 13(-1) 

=== [TIME 26] ===
Job 8, running on core 3, finished. Core 3 is now running job 11.
  Queue: 16(2) 12(1) 15(0) 11(3) 14(-1) 9(-1) 17(-1) 13(-1) 

At the end of time unit 26...
  Core  0: 0003355555555aaaaaaaaaaaaff
  Core  1: -11111111111111111111cccccc
  Core  2: --2222266666666666ggggggggg
  Core  3: ----4444777888888888888888b

  Queue: 16(2) 12(1) 15(0) 11(3) 14(-1) 9(-1) 17(-1) 13(-1) 

=== [TIME 27] ===
At the end of time unit 27...
  Core  0: 0003355555555aaaaaaaaaaaafff
  Core  1: -11111111111111111111ccccccc
  Core  2: --2222266666666666gggggggggg
  Core  3: ----4444777888888888888888bb

  Queue: 16(2) 12(1) 15(0) 11(3) 14(-1) 9(-1) 17(-1) 13(-1) 

=== [TIME 28] ===
At the end of time unit 28...
  Core  0: 0003355555555aaaaaaaaaaaaffff
  Core  1: -11111111111111111111cccccccc
  Core  2: --2222266666666666ggggggggggg
  Core  3: ----4444777888888888888888bbb

  Queue: 16(2) 12(1) 15(0) 11(3) 14(-1) 9(-1) 17(-1) 13(-1) 

=== [TIME 29] ===
At the end of time unit 29...
  Core  0: 0003355555555aaaaaaaaaaaafffff
  Core  1: -11111111111111111111ccccccccc
  Core  2: --2222266666666666gggggggggggg
  Core  3: ----4444777888888888888888bbbb

  Queue: 16(2) 12(1) 15(0) 11(3) 14(-1) 9(-1) 17(-1) 13(-1) 

=== [TIME 30] ===
At the end of time unit 30...
  Core  0: 0003355555555aaaaaaaaaaaaffffff
  Core  1: -11111111111111111111cccccccccc
  Core  2: --2222266666666666ggggggggggggg
  Core  3: ----4444777888888888888888bbbbb

  Queue: 16(2) 12(1) 15(0) 11(3) 14(-1) 9(-1) 17(-1) 13(-1) 

=== [TIME 31] ===
At the end of time unit 31...
  Core  0: 0003355555555aaaaaaaaaaaafffffff
  Core  1: -11111111111111111111ccccccccccc
  Core  2: --2222266666666666gggggggggggggg
  Core  3: ----4444777888888888888888bbbbbb

  Queue: 16(2) 12(1) 15(0) 11(3) 14(-1) 9(-1) 17(-1) 13(-1) 

=== [TIME 32] ===
At the end of time unit 32...
  Core  0: 0003355555555aaaaaaaaaaaaffffffff
  Core  1: -11111111111111111111cccccccccccc
  Core  2: --2222266666666666ggggggggggggggg
  Core  3: ----4444777888888888888888bbbbbbb

  Queue: 16(2) 12(1) 15(0) 11(3) 14(-1) 9(-1) 17(-1) 13(-1) 

=== [TIME 33] ===
Job 16, running on core 2, finished. Core 2 is now running job 14.
  Queue: 12(1) 15(0) 11(3) 14(2) 9(-1) 17(-1) 13(-1) 

At the end of time unit 33...
  Core  0: 0003355555555aaaaaaaaaaaafffffffff
  Core  1: -11111111111111111111ccccccccccccc
  Core  2: --2222266666666666ggggggggggggggge
  Core  3: ----4444777888888888888888bbbbbbbb

  Queue: 12(1) 15(0) 11(3) 14(2) 9(-1) 17(-1) 13(-1) 

=== [TIME 34] ===
At the end of time unit 34...
  Core  0: 0003355555555aaaaaaaaaaaaffffffffff
  Core  1: -11111111111111111111cccccccccccccc
  Core  2: --2222266666666666gggggggggggggggee
  Core  3: ----4444777888888888888888bbbbbbbbb

  Queue: 12(1) 15(0) 11(3) 14(2) 9(-1) 17(-1) 13(-1) 

=== [TIME 35] ===
Job 12, running on core 1, finished. Core 1 is now running job 9.
  Queue: 15(0) 11(3) 14(2) 9(1) 17(-1) 13(-1) 

Job 11, running on core 3, finished. Core 3 is now running job 17.
  Queue: 15(0) 14(2) 9(1) 17(3) 13(-1) 

At the end of time unit 35...
  Core  0: 0003355555555aaaaaaaaaaaafffffffffff
  Core  1: -11111111111111111111cccccccccccccc9
  Core  2: --2222266666666666gggggggggggggggeee
  Core  3: ----4444777888888888888888bbbbbbbbbh

  Queue: 15(0) 14(2) 9(1) 17(3) 13(-1) 

=== [TIME 36] ===
At the end of time unit 36...
  Core  0: 0003355555555aaaaaaaaaaaaffffffffffff
  Core  1: -11111111111111111111cccccccccccccc99
  Core  2: --2222266666666666gggggggggggggggeeee
  Core  3: ----4444777888888888888888bbbbbbbbbhh

  Queue: 15(0) 14(2) 9(1) 17(3) 13(-1) 

=== [TIME 37] ===
Job 15, running on core 0, finished. Core 0 is now running job 13.
  Queue: 14(2) 9(1) 17(3) 13(0) 

At the end of time unit 37...
  Core  0: 0003355555555aaaaaaaaaaaaffffffffffffd
  Core  1: -11111111111111111111cccccccccccccc999
  Core  2: --2222266666666666gggggggggggggggeeeee
  Core  3: ----4444777888888888888888bbbbbbbbbhhh

  Queue: 14(2) 9(1) 17(3) 13(0) 

=== [TIME 38] ===
At the end of time unit 38...
  Core  0: 0003355555555aaaaaaaaaaaaffffffffffffdd
  Core  1: -11111111111111111111cccccccccccccc9999
  Core  2: --2222266666666666gggggggggggggggeeeeee
  Core  3: ----4444777888888888888888bbbbbbbbbhhhh

  Queue: 14(2) 9(1) 17(3) 13(0) 

=== [TIME 39] ===
Job 13, running on core 0, finished. Core 0 is now running job -1.
  Queue: 14(2) 9(1) 17(3) 

At the end of time unit 39...
  Core  0: 0003355555555aaaaaaaaaaaaffffffffffffdd-
  Core  1: -11111111111111111111cccccccccccccc99999
  Core  2: --2222266666666666gggggggggggggggeeeeeee
  Core  3: ----4444777888888888888888bbbbbbbbbhhhhh

  Queue: 14(2) 9(1) 17(3) 

=== [TIME 40] ===
Job 14, running on core 2, finished. Core 2 is now running job -1.
  Queue: 9(1) 17(3) 

At the end of time unit 40...
  Core  0: 0003355555555aaaaaaaaaaaaffffffffffffdd--
  Core  1: -11111111111111111111cccccccccccccc999999
  Core  2: --2222266666666666gggggggggggggggeeeeeee-
  Core  3: ----4444777888888888888888bbbbbbbbbhhhhhh

  Queue: 9(1) 17(3) 

=== [TIME 41] ===
At the end of time unit 41...
  Core  0: 0003355555555aaaaaaaaaaaaffffffffffffdd---
  Core  1: -11111111111111111111cccccccccccccc9999999
  Core  2: --2222266666666666gggggggggggggggeeeeeee--
  Core  3: ----4444777888888888888888bbbbbbbbbhhhhhhh

  Queue: 9(1) 17(3) 

=== [TIME 42] ===
At the end of time unit 42...
  Core  0: 0003355555555aaaaaaaaaaaaffffffffffffdd----
  Core  1: -11111111111111111111cccccccccccccc99999999
  Core  2: --2222266666666666gggggggggggggggeeeeeee---
  Core  3: ----4444777888888888888888bbbbbbbbbhhhhhhhh

  Queue: 9(1) 17(3) 

=== [TIME 43] ===
At the end of time unit 43...
  Core  0: 0003355555555aaaaaaaaaaaaffffffffffffdd-----
  Core  1: -11111111111111111111cccccccccccccc999999999
  Core  2: --2222266666666666gggggggggggggggeeeeeee----
  Core  3: ----4444777888888888888888bbbbbbbbbhhhhhhhhh

  Queue: 9(1) 17(3) 

=== [TIME 44] ===
Job 17, running on core 3, finished. Core 3 is now running job -1.
  Queue: 9(1) 

Job 9, running on core 1, finished. Core 1 is now running job -1.
  Queue: 

FINAL TIMING DIAGRAM:
  Core  0: 0003355555555aaaaaaaaaaaaffffffffffffdd-----
  Core  1: -11111111111111111111cccccccccccccc999999999
  Core  2: --2222266666666666gggggggggggggggeeeeeee----
  Core  3: ----4444777888888888888888bbbbbbbbbhhhhhhhhh

Average Waiting Time: 7.28
Average Turnaround Time: 16.17
Average Response Time: 7.28
