Loaded 1 core(s) and 5 job(s) using Round Robin (RR) with a quantum of 2 scheduling...

=== [TIME 0] ===
A new job, job 0 (running time=3, priority=2), arrived. Job 0 is now running on core 0.
  Queue: 0(0) 

At the end of time unit 0...
  Core  0: 0

  Queue: 0(0) 

=== [TIME 1] ===
A new job, job 1 (running time=10, priority=3), arrived. Job 1 is set to idle (-1).
  Queue: 0(0) 1(-1) 

At the end of time unit 1...
  Core  0: 00

  Queue: 0(0) 1(-1) 

=== [TIME 2] ===
Job 0, running on core 0, had its quantum expire. Core 0 is now running job 1.
  Queue: 1(0) 0(-1) 

A new job, job 2 (running time=5, priority=1), arrived. Job 2 is set to idle (-1).
  Queue: 1(0) 0(-1) 2(-1) 

At the end of time unit 2...
  Core  0: 001

  Queue: 1(0) 0(-1) 2(-1) 

=== [TIME 3] ===
A new job, job 3 (running time=2, priority=4), arrived. Job 3 is set to idle (-1).
  Queue: 1(0) 0(-1) 2(-1) 3(-1) 

At the end of time unit 3...
  Core  0: 0011

  Queue: 1(0) 0(-1) 2(-1) 3(-1) 

=== [TIME 4] ===
Job 1, running on core 0, had its quantum expire. Core 0 is now running job 0.
  Queue: 0(0) 2(-1) 3(-1) 1(-1) 

A new job, job 4 (running time=4, priority=5), arrived. Job 4 is set to idle (-1).
  Queue: 0(0) 2(-1) 3(-1) 1(-1) 4(-1) 

At the end of time unit 4...
  Core  0: 00110

  Queue: 0(0) 2(-1) 3(-1) 1(-1) 4(-1) 

=== [TIME 5] ===
Job 0, running on core 0, finished. Core 0 is now running job 2.
  Queue: 2(0) 3(-1) 1(-1) 4(-1) 

At the end of time unit 5...
  Core  0: 001102

  Queue: 2(0) 3(-1) 1(-1) 4(-1) 

=== [TIME 6] ===
At the end of time unit 6...
  Core  0: 0011022

  Queue: 2(0) 3(-1) 1(-1) 4(-1) 

=== [TIME 7] ===
Job 2, running on core 0, had its quantum expire. Core 0 is now running job 3.
  Queue: 3(0) 1(-1) 4(-1) 2(-1) 

At the end of time unit 7...
  Core  0: 00110223

  Queue: 3(0) 1(-1) 4(-1) 2(-1) 

=== [TIME 8] ===
At the end of time unit 8...
  Core  0: 001102233

  Queue: 3(0) 1(-1) 4(-1) 2(-1) 

=== [TIME 9] ===
Job 3, running on core 0, finished. Core 0 is now running job 1.
  Queue: 1(0) 4(-1) 2(-1) 

At the end of time unit 9...
  Core  0: 0011022331

  Queue: 1(0) 4(-1) 2(-1) 

=== [TIME 10] ===
At the end of time unit 10...
  Core  0: 00110223311

  Queue: 1(0) 4(-1) 2(-1) 

=== [TIME 11] ===
Job 1, running on core 0, had its quantum expire. Core 0 is now running job 4.
  Queue: 4(0) 2(-1) 1(-1) 

At the end of time unit 11...
  Core  0: 001102233114

  Queue: 4(0) 2(-1) 1(-1) 

=== [TIME 12] ===
At the end of time unit 12...
  Core  0: 0011022331144

  Queue: 4(0) 2(-1) 1(-1) 

=== [TIME 13] ===
Job 4, running on core 0, had its quantum expire. Core 0 is now running job 2.
  Queue: 2(0) 1(-1) 4(-1) 

At the end of time unit 13...
  Core  0: 00110223311442

  Queue: 2(0) 1(-1) 4(-1) 

=== [TIME 14] ===
At the end of time unit 14...
  Core  0: 001102233114422

  Queue: 2(0) 1(-1) 4(-1) 

=== [TIME 15] ===
Job 2, running on core 0, had its quantum expire. Core 0 is now running job 1.
  Queue: 1(0) 4(-1) 2(-1) 

At the end of time unit 15...
  Core  0: 0011022331144221

  Queue: 1(0) 4(-1) 2(-1) 

=== [TIME 16] ===
At the end of time unit 16...
  Core  0: 00110223311442211

  Queue: 1(0) 4(-1) 2(-1) 

=== [TIME 17] ===
Job 1, running on core 0, had its quantum expire. Core 0 is now running job 4.
  Queue: 4(0) 2(-1) 1(-1) 

At the end of time unit 17...
  Core  0: 001102233114422114

  Queue: 4(0) 2(-1) 1(-1) 

=== [TIME 18] ===
At the end of time unit 18...
  Core  0: 0011022331144221144

  Queue: 4(0) 2(-1) 1(-1) 

=== [TIME 19] ===
Job 4, running on core 0, finished. Core 0 is now running job 2.
  Queue: 2(0) 1(-1) 

At the end of time unit 19...
  Core  0: 00110223311442211442

  Queue: 2(0) 1(-1) 

=== [TIME 20] ===
Job 2, running on core 0, finished. Core 0 is now running job 1.
  Queue: 1(0) 

At the end of time unit 20...
  Core  0: 001102233114422114421

  Queue: 1(0) 

=== [TIME 21] ===
At the end of time unit 21...
  Core  0: 0011022331144221144211

  Queue: 1(0) 

=== [TIME 22] ===
Job 1, running on core 0, had its quantum expire. Core 0 is now running job 1.
  Queue: 1(0) 

At the end of time unit 22...
  Core  0: 00110223311442211442111

  Queue: 1(0) 

=== [TIME 23] ===
At the end of time unit 23...
  Core  0: 001102233114422114421111

  Queue: 1(0) 

=== [TIME 24] ===
Job 1, running on core 0, finished. Core 0 is now running job -1.
  Queue: 

FINAL TIMING DIAGRAM:
  Core  0: 001102233114422114421111

Average Waiting Time: 8.60
Average Turnaround Time: 13.40
Average Response Time: 3.00
