Loaded 2 core(s) and 18 job(s) using Non-preemptive Shortest Job First (SJF) scheduling...

=== [TIME 0] ===
A new job, job 0 (running time=3, priority=2), arrived. Job 0 is now running on core 0.
  Queue: 0(0) 

At the end of time unit 0...
  Core  0: 0
  Core  1: -

  Queue: 0(0) 

=== [TIME 1] ===
A new job, job 1 (running time=20, priority=3), arrived. Job 1 is now running on core 1.
  Queue: 0(0) 1(1) 

At the end of time unit 1...
  Core  0: 00
  Core  1: -1

  Queue: 0(0) 1(1) 

=== [TIME 2] ===
A new job, job 2 (running time=5, priority=1), arrived. Job 2 is set to idle (-1).
  Queue: 0(0) 2(-1) 1(1) 

At the end of time unit 2...
  Core  0: 000
  Core  1: -11

  Queue: 0(0) 2(-1) 1(1) 

=== [TIME 3] ===
Job 0, running on core 0, finished. Core 0 is now running job 2.
  Queue: 2(0) 1(1) 

A new job, job 3 (running time=2, priority=4), arrived. Job 3 is set to idle (-1).
  Queue: 3(-1) 2(0) 1(1) 

At the end of time unit 3...
  Core  0: 0002
  Core  1: -111

  Queue: 3(-1) 2(0) 1(1) 

=== [TIME 4] ===
A new job, job 4 (running time=4, priority=5), arrived. Job 4 is set to idle (-1).
  Queue: 3(-1) 2(0) 4(-1) 1(1) 

At the end of time unit 4...
  Core  0: 00022
  Core  1: -1111

  Queue: 3(-1) 2(0) 4(-1) 1(1) 

=== [TIME 5] ===
A new job, job 5 (running time=8, priority=3), arrived. Job 5 is set to idle (-1).
  Queue: 3(-1) 2(0) 4(-1) 5(-1) 1(1) 

At the end of time unit 5...
  Core  0: 000222
  Core  1: -11111

  Queue: 3(-1) 2(0) 4(-1) 5(-1) 1(1) 

=== [TIME 6] ===
A new job, job 6 (running time=11, priority=2), arrived. Job 6 is set to idle (-1).
  Queue: 3(-1) 2(0) 4(-1) 5(-1) 6(-1) 1(1) 

At the end of time unit 6...
  Core  0: 0002222
  Core  1: -111111

  Queue: 3(-1) 2(0) 4(-1) 5(-1) 6(-1) 1(1) 

=== [TIME 7] ===
A new job, job 7 (running time=3, priority=4), arrived. Job 7 is set to idle (-1).
  Queue: 3(-1) 2(0) 7(-1) 4(-1) 5(-1) 6(-1) 1(1) 

At the end of time unit 7...
  Core  0: 00022222
  Core  1: -1111111

  Queue: 3(-1) 2(0) 7(-1) 4(-1) 5(-1) 6(-1) 1(1) 

=== [TIME 8] ===
Job 2, running on core 0, finished. Core 0 is now running job 3.
  Queue: 3(0) 7(-1) 4(-1) 5(-1) 6(-1) 1(1) 

A new job, job 8 (running time=15, priority=1), arrived. Job 8 is set to idle (-1).
  Queue: 3(0) 7(-1) 4(-1) 5(-1) 6(-1) 1(1) 8(-1) 

At the end of time unit 8...
  Core  0: 000222223
  Core  1: -11111111

  Queue: 3(0) 7(-1) 4(-1) 5(-1) 6(-1) 1(1) 8(-1) 

=== [TIME 9] ===
A new job, job 9 (running time=9, priority=4), arrived. Job 9 is set to idle (-1).
  Queue: 3(0) 7(-1) 4(-1) 5(-1) 9(-1) 6(-1) 1(1) 8(-1) 

At the end of time unit 9...
  Core  0: 0002222233
  Core  1: -111111111

  Queue: 3(0) 7(-1) 4(-1) 5(-1) 9(-1) 6(-1) 1(1) 8(-1) 

=== [TIME 10] ===
Job 3, running on core 0, finished. Core 0 is now running job 7.
  Queue: 7(0) 4(-1) 5(-1) 9(-1) 6(-1) 1(1) 8(-1) 

A new job, job 10 (running time=12, priority=2), arrived. Job 10 is set to idle (-1).
  Queue: 7(0) 4(-1) 5(-1) 9(-1) 6(-1) 1(1) 10(-1) 8(-1) 

At the end of time unit 10...
  Core  0: 00022222337
  Core  1: -1111111111

  Queue: 7(0) 4(-1) 5(-1) 9(-1) 6(-1) 1(1) 10(-1) 8(-1) 

=== [TIME 11] ===
A new job, job 11 (running time=9, priority=3), arrived. Job 11 is set to idle (-1).
  Queue: 7(0) 4(-1) 5(-1) 9(-1) 11(-1) 6(-1) 1(1) 10(-1) 8(-1) 

At the end of time unit 11...
  Core  0: 000222223377
  Core  1: -11111111111

  Queue: 7(0) 4(-1) 5(-1) 9(-1) 11(-1) 6(-1) 1(1) 10(-1) 8(-1) 

=== [TIME 12] ===
A new job, job 12 (running time=14, priority=2), arrived. Job 12 is set to idle (-1).
  Queue: 7(0) 4(-1) 5(-1) 9(-1) 11(-1) 6(-1) 1(1) 10(-1) 12(-1) 8(-1) 

At the end of time unit 12...
  Core  0: 0002222233777
  Core  1: -111111111111

  Queue: 7(0) 4(-1) 5(-1) 9(-1) 11(-1) 6(-1) 1(1) 10(-1) 12(-1) 8(-1) 

=== [TIME 13] ===
Job 7, running on core 0, finished. Core 0 is now running job 4.
  Queue: 4(0) 5(-1) 9(-1) 11(-1) 6(-1) 1(1) 10(-1) 12(-1) 8(-1) 

A new job, job 13 (running time=2, priority=5), arrived. Job 13 is set to idle (-1).
  Queue: 13(-1) 4(0) 5(-1) 9(-1) 11(-1) 6(-1) 1(1) 10(-1) 12(-1) 8(-1) 

At the end of time unit 13...
  Core  0: 00022222337774
  Core  1: -1111111111111

  Queue: 13(-1) 4(0) 5(-1) 9(-1) 11(-1) 6(-1) 1(1) 10(-1) 12(-1) 8(-1) 

=== [TIME 14] ===
A new job, job 14 (running time=7, priority=3), arrived. Job 14 is set to idle (-1).
  Queue: 13(-1) 4(0) 14(-1) 5(-1) 9(-1) 11(-1) 6(-1) 1(1) 10(-1) 12(-1) 8(-1) 

At the end of time unit 14...
  Core  0: 000222223377744
  Core  1: -11111111111111

  Queue: 13(-1) 4(0) 14(-1) 5(-1) 9(-1) 11(-1) 6(-1) 1(1) 10(-1) 12(-1) 8(-1) 

=== [TIME 15] ===
A new job, job 15 (running time=12, priority=2), arrived. Job 15 is set to idle (-1).
  Queue: 13(-1) 4(0) 14(-1) 5(-1) 9(-1) 11(-1) 6(-1) 1(1) 10(-1) 15(-1) 12(-1) 8(-1) 

At the end of time unit 15...
  Core  0: 0002222233777444
  Core  1: -111111111111111

  Queue: 13(-1) 4(0) 14(-1) 5(-1) 9(-1) 11(-1) 6(-1) 1(1) 10(-1) 15(-1) 12(-1) 8(-1) 

=== [TIME 16] ===
A new job, job 16 (running time=15, priority=1), arrived. Job 16 is set to idle (-1).
  Queue: 13(-1) 4(0) 14(-1) 5(-1) 9(-1) 11(-1) 6(-1) 1(1) 10(-1) 15(-1) 12(-1) 8(-1) 16(-1) 

At the end of time unit 16...
  Core  0: 00022222337774444
  Core  1: -1111111111111111

  Queue: 13(-1) 4(0) 14(-1) 5(-1) 9(-1) 11(-1) 6(-1) 1(1) 10(-1) 15(-1) 12(-1) 8(-1) 16(-1) 

=== [TIME 17] ===
Job 4, running on core 0, finished. Core 0 is now running job 13.
  Queue: 13(0) 14(-1) 5(-1) 9(-1) 11(-1) 6(-1) 1(1) 10(-1) 15(-1) 12(-1) 8(-1) 16(-1) 

A new job, job 17 (running time=9, priority=4), arrived. Job 17 is set to idle (-1).
  Queue: 13(0) 14(-1) 5(-1) 9(-1) 11(-1) 17(-1) 6(-1) 1(1) 10(-1) 15(-1) 12(-1) 8(-1) 16(-1) 

At the end of time unit 17...
  Core  0: 00022222337774444d
  Core  1: -11111111111111111

  Queue: 13(0) 14(-1) 5(-1) 9(-1) 11(-1) 17(-1) 6(-1) 1(1) 10(-1) 15(-1) 12(-1) 8(-1) 16(-1) 

=== [TIME 18] ===
At the end of time unit 18...
  Core  0: 00022222337774444dd
  Core  1: -111111111111111111

  Queue: 13(0) 14(-1) 5(-1) 9(-1) 11(-1) 17(-1) 6(-1) 1(1) 10(-1) 15(-1) 12(-1) 8(-1) 16(-1) 

=== [TIME 19] ===
Job 13, running on core 0, finished. Core 0 is now running job 14.
  Queue: 14(0) 5(-1) 9(-1) 11(-1) 17(-1) 6(-1) 1(1) 10(-1) 15(-1) 12(-1) 8(-1) 16(-1) 

At the end of time unit 19...
  Core  0: 00022222337774444dde
  Core  1: -1111111111111111111

  Queue: 14(0) 5(-1) 9(-1) 11(-1) 17(-1) 6(-1) 1(1) 10(-1) 15(-1) 12(-1) 8(-1) 16(-1) 

=== [TIME 20] ===
At the end of time unit 20...
  Core  0: 00022222337774444ddee
  Core  1: -11111111111111111111

  Queue: 14(0) 5(-1) 9(-1) 11(-1) 17(-1) 6(-1) 1(1) 10(-1) 15(-1) 12(-1) 8(-1) 16(-1) 

=== [TIME 21] ===
Job 1, running on core 1, finished. Core 1 is now running job 5.
  Queue: 14(0) 5(1) 9(-1) 11(-1) 17(-1) 6(-1) 10(-1) 15(-1) 12(-1) 8(-1) 16(-1) 

At the end of time unit 21...
  Core  0: 00022222337774444ddeee
  Core  1: -111111111111111111115

  Queue: 14(0) 5(1) 9(-1) 11(-1) 17(-1) 6(-1) 10(-1) 15(-1) 12(-1) 8(-1) 16(-1) 

=== [TIME 22] ===
At the end of time unit 22...
  Core  0: 00022222337774444ddeeee
  Core  1: -1111111111111111111155

  Queue: 14(0) 5(1) 9(-1) 11(-1) 17(-1) 6(-1) 10(-1) 15(-1) 12(-1) 8(-1) 16(-1) 

=== [TIME 23] ===
At the end of time unit 23...
  Core  0: 00022222337774444ddeeeee
  Core  1: -11111111111111111111555

  Queue: 14(0) 5(1) 9(-1) 11(-1) 17(-1) 6(-1) 10(-1) 15(-1) 12(-1) 8(-1) 16(-1) 

=== [TIME 24] ===
At the end of time unit 24...
  Core  0: 00022222337774444ddeeeeee
  Core  1: -111111111111111111115555

  Queue: 14(0) 5(1) 9(-1) 11(-1) 17(-1) 6(-1) 10(-1) 15(-1) 12(-1) 8(-1) 16(-1) 

=== [TIME 25] ===
At the end of time unit 25...
  Core  0: 00022222337774444ddeeeeeee
  Core  1: -1111111111111111111155555

  Queue: 14(0) 5(1) 9(-1) 11(-1) 17(-1) 6(-1) 10(-1) 15(-1) 12(-1) 8(-1) 16(-1) 

=== [TIME 26] ===
Job 14, running on core 0, finished. Core 0 is now running job 9.
  Queue: 5(1) 9(0) 11(-1) 17(-1) 6(-1) 10(-1) 15(-1) 12(-1) 8(-1) 16(-1) 

At the end of time unit 26...
  Core  0: 00022222337774444ddeeeeeee9
  Core  1: -11111111111111111111555555

  Queue: 5(1) 9(0) 11(-1) 17(-1) 6(-1) 10(-1) 15(-1) 12(-1) 8(-1) 16(-1) 

=== [TIME 27] ===
At the end of time unit 27...
  Core  0: 00022222337774444ddeeeeeee99
  Core  1: -111111111111111111115555555

  Queue: 5(1) 9(0) 11(-1) 17(-1) 6(-1) 10(-1) 15(-1) 12(-1) 8(-1) 16(-1) 

=== [TIME 28] ===
At the end of time unit 28...
  Core  0: 00022222337774444ddeeeeeee999
  Core  1: -1111111111111111111155555555

  Queue: 5(1) 9(0) 11(-1) 17(-1) 6(-1) 10(-1) 15(-1) 12(-1) 8(-1) 16(-1) 

=== [TIME 29] ===
Job 5, running on core 1, finished. Core 1 is now running job 11.
  Queue: 9(0) 11(1) 17(-1) 6(-1) 10(-1) 15(-1) 12(-1) 8(-1) 16(-1) 

At the end of time unit 29...
  Core  0: 00022222337774444ddeeeeeee9999
  Core  1: -1111111111111111111155555555b

  Queue: 9(0) 11(1) 17(-1) 6(-1) 10(-1) 15(-1) 12(-1) 8(-1) 16(-1) 

=== [TIME 30] ===
At the end of time unit 30...
  Core  0: 00022222337774444ddeeeeeee99999
  Core  1: -1111111111111111111155555555bb

  Queue: 9(0) 11(1) 17(-1) 6(-1) 10(-1) 15(-1) 12(-1) 8(-1) 16(-1) 

=== [TIME 31] ===
At the end of time unit 31...
  Core  0: 00022222337774444ddeeeeeee999999
  Core  1: -1111111111111111111155555555bbb

  Queue: 9(0) 11(1) 17(-1) 6(-1) 10(-1) 15(-1) 12(-1) 8(-1) 16(-1) 

=== [TIME 32] ===
At the end of time unit 32...
  Core  0: 00022222337774444ddeeeeeee9999999
  Core  1: -1111111111111111111155555555bbbb

  Queue: 9(0) 11(1) 17(-1) 6(-1) 10(-1) 15(-1) 12(-1) 8(-1) 16(-1) 

=== [TIME 33] ===
At the end of time unit 33...
  Core  0: 00022222337774444ddeeeeeee99999999
  Core  1: -1111111111111111111155555555bbbbb

  Queue: 9(0) 11(1) 17(-1) 6(-1) 10(-1) 15(-1) 12(-1) 8(-1) 16(-1) 

=== [TIME 34] ===
At the end of time unit 34...
  Core  0: 00022222337774444ddeeeeeee999999999
  Core  1: -1111111111111111111155555555bbbbbb

  Queue: 9(0) 11(1) 17(-1) 6(-1) 10(-1) 15(-1) 12(-1) 8(-1) 16(-1) 

=== [TIME 35] ===
Job 9, running on core 0, finished. Core 0 is now running job 17.
  Queue: 11(1) 17(0) 6(-1) 10(-1) 15(-1) 12(-1) 8(-1) 16(-1) 

At the end of time unit 35...
  Core  0: 00022222337774444ddeeeeeee999999999h
  Core  1: -1111111111111111111155555555bbbbbbb

  Queue: 11(1) 17(0) 6(-1) 10(-1) 15(-1) 12(-1) 8(-1) 16(-1) 

=== [TIME 36] ===
At the end of time unit 36...
  Core  0: 00022222337774444ddeeeeeee999999999hh
  Core  1: -1111111111111111111155555555bbbbbbbb

  Queue: 11(1) 17(0) 6(-1) 10(-1) 15(-1) 12(-1) 8(-1) 16(-1) 

=== [TIME 37] ===
At the end of time unit 37...
  Core  0: 00022222337774444ddeeeeeee999999999hhh
  Core  1: -1111111111111111111155555555bbbbbbbbb

  Queue: 11(1) 17(0) 6(-1) 10(-1) 15(-1) 12(-1) 8(-1) 16(-1) 

=== [TIME 38] ===
Job 11, running on core 1, finished. Core 1 is now running job 6.
  Queue: 17(0) 6(1) 10(-1) 15(-1) 12(-1) 8(-1) 16(-1) 

At the end of time unit 38...
  Core  0: 00022222337774444ddeeeeeee999999999hhhh
  Core  1: -1111111111111111111155555555bbbbbbbbb6

  Queue: 17(0) 6(1) 10(-1) 15(-1) 12(-1) 8(-1) 16(-1) 

=== [TIME 39] ===
At the end of time unit 39...
  Core  0: 00022222337774444ddeeeeeee999999999hhhhh
  Core  1: -1111111111111111111155555555bbbbbbbbb66

  Queue: 17(0) 6(1) 10(-1) 15(-1) 12(-1) 8(-1) 16(-1) 

=== [TIME 40] ===
At the end of time unit 40...
  Core  0: 00022222337774444ddeeeeeee999999999hhhhhh
  Core  1: -1111111111111111111155555555bbbbbbbbb666

  Queue: 17(0) 6(1) 10(-1) 15(-1) 12(-1) 8(-1) 16(-1) 

=== [TIME 41] ===
At the end of time unit 41...
  Core  0: 00022222337774444ddeeeeeee999999999hhhhhhh
  Core  1: -1111111111111111111155555555bbbbbbbbb6666

  Queue: 17(0) 6(1) 10(-1) 15(-1) 12(-1) 8(-1) 16(-1) 

=== [TIME 42] ===
At the end of time unit 42...
  Core  0: 00022222337774444ddeeeeeee999999999hhhhhhhh
  Core  1: -1111111111111111111155555555bbbbbbbbb66666

  Queue: 17(0) 6(1) 10(-1) 15(-1) 12(-1) 8(-1) 16(-1) 

=== [TIME 43] ===
At the end of time unit 43...
  Core  0: 00022222337774444ddeeeeeee999999999hhhhhhhhh
  Core  1: -1111111111111111111155555555bbbbbbbbb666666

  Queue: 17(0) 6(1) 10(-1) 15(-1) 12(-1) 8(-1) 16(-1) 

=== [TIME 44] ===
Job 17, running on core 0, finished. Core 0 is now running job 10.
  Queue: 6(1) 10(0) 15(-1) 12(-1) 8(-1) 16(-1) 

At the end of time unit 44...
  Core  0: 00022222337774444ddeeeeeee999999999hhhhhhhhha
  Core  1: -1111111111111111111155555555bbbbbbbbb6666666

  Queue: 6(1) 10(0) 15(-1) 12(-1) 8(-1) 16(-1) 

=== [TIME 45] ===
At the end of time unit 45...
  Core  0: 00022222337774444ddeeeeeee999999999hhhhhhhhhaa
  Core  1: -1111111111111111111155555555bbbbbbbbb66666666

  Queue: 6(1) 10(0) 15(-1) 12(-1) 8(-1) 16(-1) 

=== [TIME 46] ===
At the end of time unit 46...
  Core  0: 00022222337774444ddeeeeeee999999999hhhhhhhhhaaa
  Core  1: -1111111111111111111155555555bbbbbbbbb666666666

  Queue: 6(1) 10(0) 15(-1) 12(-1) 8(-1) 16(-1) 

=== [TIME 47] ===
At the end of time unit 47...
  Core  0: 00022222337774444ddeeeeeee999999999hhhhhhhhhaaaa
  Core  1: -1111111111111111111155555555bbbbbbbbb6666666666

  Queue: 6(1) 10(0) 15(-1) 12(-1) 8(-1) 16(-1) 

=== [TIME 48] ===
At the end of time unit 48...
  Core  0: 00022222337774444ddeeeeeee999999999hhhhhhhhhaaaaa
  Core  1: -1111111111111111111155555555bbbbbbbbb66666666666

  Queue: 6(1) 10(0) 15(-1) 12(-1) 8(-1) 16(-1) 

=== [TIME 49] ===
Job 6, running on core 1, finished. Core 1 is now running job 15.
  Queue: 10(0) 15(1) 12(-1) 8(-1) 16(-1) 

At the end of time unit 49...
  Core  0: 00022222337774444ddeeeeeee999999999hhhhhhhhhaaaaaa
  Core  1: -1111111111111111111155555555bbbbbbbbb66666666666f

  Queue: 10(0) 15(1) 12(-1) 8(-1) 16(-1) 

=== [TIME 50] ===
At the end of time unit 50...
  Core  0: 00022222337774444ddeeeeeee999999999hhhhhhhhhaaaaaaa
  Core  1: -1111111111111111111155555555bbbbbbbbb66666666666ff

  Queue: 10(0) 15(1) 12(-1) 8(-1) 16(-1) 

=== [TIME 51] ===
At the end of time unit 51...
  Core  0: 00022222337774444ddeeeeeee999999999hhhhhhhhhaaaaaaaa
  Core  1: -1111111111111111111155555555bbbbbbbbb66666666666fff

  Queue: 10(0) 15(1) 12(-1) 8(-1) 16(-1) 

=== [TIME 52] ===
At the end of time unit 52...
  Core  0: 00022222337774444ddeeeeeee999999999hhhhhhhhhaaaaaaaaa
  Core  1: -1111111111111111111155555555bbbbbbbbb66666666666ffff

  Queue: 10(0) 15(1) 12(-1) 8(-1) 16(-1) 

=== [TIME 53] ===
At the end of time unit 53...
  Core  0: 00022222337774444ddeeeeeee999999999hhhhhhhhhaaaaaaaaaa
  Core  1: -1111111111111111111155555555bbbbbbbbb66666666666fffff

  Queue: 10(0) 15(1) 12(-1) 8(-1) 16(-1) 

=== [TIME 54] ===
At the end of time unit 54...
  Core  0: 00022222337774444ddeeeeeee999999999hhhhhhhhhaaaaaaaaaaa
  Core  1: -1111111111111111111155555555bbbbbbbbb66666666666ffffff

  Queue: 10(0) 15(1) 12(-1) 8(-1) 16(-1) 

=== [TIME 55] ===
At the end of time unit 55...
  Core  0: 00022222337774444ddeeeeeee999999999hhhhhhhhhaaaaaaaaaaaa
  Core  1: -1111111111111111111155555555bbbbbbbbb66666666666fffffff

  Queue: 10(0) 15(1) 12(-1) 8(-1) 16(-1) 

=== [TIME 56] ===
Job 10, running on core 0, finished. Core 0 is now running job 12.
  Queue: 15(1) 12(0) 8(-1) 16(-1) 

At the end of time unit 56...
  Core  0: 00022222337774444ddeeeeeee999999999hhhhhhhhhaaaaaaaaaaaac
  Core  1: -1111111111111111111155555555bbbbbbbbb66666666666ffffffff

  Queue: 15(1) 12(0) 8(-1) 16(-1) 

=== [TIME 57] ===
At the end of time unit 57...
  Core  0: 00022222337774444ddeeeeeee999999999hhhhhhhhhaaaaaaaaaaaacc
  Core  1: -1111111111111111111155555555bbbbbbbbb66666666666fffffffff

  Queue: 15(1) 12(0) 8(-1) 16(-1) 

=== [TIME 58] ===
At the end of time unit 58...
  Core  0: 00022222337774444ddeeeeeee999999999hhhhhhhhhaaaaaaaaaaaaccc
  Core  1: -1111111111111111111155555555bbbbbbbbb66666666666ffffffffff

  Queue: 15(1) 12(0) 8(-1) 16(-1) 

=== [TIME 59] ===
At the end of time unit 59...
  Core  0: 00022222337774444ddeeeeeee999999999hhhhhhhhhaaaaaaaaaaaacccc
  Core  1: -1111111111111111111155555555bbbbbbbbb66666666666fffffffffff

  Queue: 15(1) 12(0) 8(-1) 16(-1) 

=== [TIME 60] ===
At the end of time unit 60...
  Core  0: 00022222337774444ddeeeeeee999999999hhhhhhhhhaaaaaaaaaaaaccccc
  Core  1: -1111111111111111111155555555bbbbbbbbb66666666666ffffffffffff

  Queue: 15(1) 12(0) 8(-1) 16(-1) 

=== [TIME 61] ===
Job 15, running on core 1, finished. Core 1 is now running job 8.
  Queue: 12(0) 8(1) 16(-1) 

At the end of time unit 61...
  Core  0: 00022222337774444ddeeeeeee999999999hhhhhhhhhaaaaaaaaaaaacccccc
  Core  1: -1111111111111111111155555555bbbbbbbbb66666666666ffffffffffff8

  Queue: 12(0) 8(1) 16(-1) 

=== [TIME 62] ===
At the end of time unit 62...
  Core  0: 00022222337774444ddeeeeeee999999999hhhhhhhhhaaaaaaaaaaaaccccccc
  Core  1: -1111111111111111111155555555bbbbbbbbb66666666666ffffffffffff88

  Queue: 12(0) 8(1) 16(-1) 

=== [TIME 63] ===
At the end of time unit 63...
  Core  0: 00022222337774444ddeeeeeee999999999hhhhhhhhhaaaaaaaaaaaacccccccc
  Core  1: -1111111111111111111155555555bbbbbbbbb66666666666ffffffffffff888

  Queue: 12(0) 8(1) 16(-1) 

=== [TIME 64] ===
At the end of time unit 64...
  Core  0: 00022222337774444ddeeeeeee999999999hhhhhhhhhaaaaaaaaaaaaccccccccc
  Core  1: -1111111111111111111155555555bbbbbbbbb66666666666ffffffffffff8888

  Queue: 12(0) 8(1) 16(-1) 

=== [TIME 65] ===
At the end of time unit 65...
  Core  0: 00022222337774444ddeeeeeee999999999hhhhhhhhhaaaaaaaaaaaacccccccccc
  Core  1: -1111111111111111111155555555bbbbbbbbb66666666666ffffffffffff88888

  Queue: 12(0) 8(1) 16(-1) 

=== [TIME 66] ===
At the end of time unit 66...
  Core  0: 00022222337774444ddeeeeeee999999999hhhhhhhhhaaaaaaaaaaaaccccccccccc
  Core  1: -1111111111111111111155555555bbbbbbbbb66666666666ffffffffffff888888

  Queue: 12(0) 8(1) 16(-1) 

=== [TIME 67] ===
At the end of time unit 67...
  Core  0: 00022222337774444ddeeeeeee999999999hhhhhhhhhaaaaaaaaaaaacccccccccccc
  Core  1: -1111111111111111111155555555bbbbbbbbb66666666666ffffffffffff8888888

  Queue: 12(0) 8(1) 16(-1) 

=== [TIME 68] ===
At the end of time unit 68...
  Core  0: 00022222337774444ddeeeeeee999999999hhhhhhhhhaaaaaaaaaaaaccccccccccccc
  Core  1: -1111111111111111111155555555bbbbbbbbb66666666666ffffffffffff88888888

  Queue: 12(0) 8(1) 16(-1) 

=== [TIME 69] ===
At the end of time unit 69...
  Core  0: 00022222337774444ddeeeeeee999999999hhhhhhhhhaaaaaaaaaaaacccccccccccccc
  Core  1: -1111111111111111111155555555bbbbbbbbb66666666666ffffffffffff888888888

  Queue: 12(0) 8(1) 16(-1) 

=== [TIME 70] ===
Job 12, running on core 0, finished. Core 0 is now running job 16.
  Queue: 8(1) 16(0) 

At the end of time unit 70...
  Core  0: 00022222337774444ddeeeeeee999999999hhhhhhhhhaaaaaaaaaaaaccccccccccccccg
  Core  1: -1111111111111111111155555555bbbbbbbbb66666666666ffffffffffff8888888888

  Queue: 8(1) 16(0) 

=== [TIME 71] ===
At the end of time unit 71...
  Core  0: 00022222337774444ddeeeeeee999999999hhhhhhhhhaaaaaaaaaaaaccccccccccccccgg
  Core  1: -1111111111111111111155555555bbbbbbbbb66666666666ffffffffffff88888888888

  Queue: 8(1) 16(0) 

=== [TIME 72] ===
At the end of time unit 72...
  Core  0: 00022222337774444ddeeeeeee999999999hhhhhhhhhaaaaaaaaaaaaccccccccccccccggg
  Core  1: -1111111111111111111155555555bbbbbbbbb66666666666ffffffffffff888888888888

  Queue: 8(1) 16(0) 

=== [TIME 73] ===
At the end of time unit 73...
  Core  0: 00022222337774444ddeeeeeee999999999hhhhhhhhhaaaaaaaaaaaaccccccccccccccgggg
  Core  1: -1111111111111111111155555555bbbbbbbbb66666666666ffffffffffff8888888888888

  Queue: 8(1) 16(0) 

=== [TIME 74] ===
At the end of time unit 74...
  Core  0: 00022222337774444ddeeeeeee999999999hhhhhhhhhaaaaaaaaaaaaccccccccccccccggggg
  Core  1: -1111111111111111111155555555bbbbbbbbb66666666666ffffffffffff88888888888888

  Queue: 8(1) 16(0) 

=== [TIME 75] ===
At the end of time unit 75...
  Core  0: 00022222337774444ddeeeeeee999999999hhhhhhhhhaaaaaaaaaaaaccccccccccccccgggggg
  Core  1: -1111111111111111111155555555bbbbbbbbb66666666666ffffffffffff888888888888888

  Queue: 8(1) 16(0) 

=== [TIME 76] ===
Job 8, running on core 1, finished. Core 1 is now running job -1.
  Queue: 16(0) 

At the end of time unit 76...
  Core  0: 00022222337774444ddeeeeeee999999999hhhhhhhhhaaaaaaaaaaaaccccccccccccccggggggg
  Core  1: -1111111111111111111155555555bbbbbbbbb66666666666ffffffffffff888888888888888-

  Queue: 16(0) 

=== [TIME 77] ===
At the end of time unit 77...
  Core  0: 00022222337774444ddeeeeeee999999999hhhhhhhhhaaaaaaaaaaaaccccccccccccccgggggggg
  Core  1: -1111111111111111111155555555bbbbbbbbb66666666666ffffffffffff888888888888888--

  Queue: 16(0) 

=== [TIME 78] ===
At the end of time unit 78...
  Core  0: 00022222337774444ddeeeeeee999999999hhhhhhhhhaaaaaaaaaaaaccccccccccccccggggggggg
  Core  1: -1111111111111111111155555555bbbbbbbbb66666666666ffffffffffff888888888888888---

  Queue: 16(0) 

=== [TIME 79] ===
At the end of time unit 79...
  Core  0: 00022222337774444ddeeeeeee999999999hhhhhhhhhaaaaaaaaaaaaccccccccccccccgggggggggg
  Core  1: -1111111111111111111155555555bbbbbbbbb66666666666ffffffffffff888888888888888----

  Queue: 16(0) 

=== [TIME 80] ===
At the end of time unit 80...
  Core  0: 00022222337774444ddeeeeeee999999999hhhhhhhhhaaaaaaaaaaaaccccccccccccccggggggggggg
  Core  1: -1111111111111111111155555555bbbbbbbbb66666666666ffffffffffff888888888888888-----

  Queue: 16(0) 

=== [TIME 81] ===
At the end of time unit 81...
  Core  0: 00022222337774444ddeeeeeee999999999hhhhhhhhhaaaaaaaaaaaaccccccccccccccgggggggggggg
  Core  1: -1111111111111111111155555555bbbbbbbbb66666666666ffffffffffff888888888888888------

  Queue: 16(0) 

=== [TIME 82] ===
At the end of time unit 82...
  Core  0: 00022222337774444ddeeeeeee999999999hhhhhhhhhaaaaaaaaaaaaccccccccccccccggggggggggggg
  Core  1: -1111111111111111111155555555bbbbbbbbb66666666666ffffffffffff888888888888888-------

  Queue: 16(0) 

=== [TIME 83] ===
At the end of time unit 83...
  Core  0: 00022222337774444ddeeeeeee999999999hhhhhhhhhaaaaaaaaaaaaccccccccccccccgggggggggggggg
  Core  1: -1111111111111111111155555555bbbbbbbbb66666666666ffffffffffff888888888888888--------

  Queue: 16(0) 

=== [TIME 84] ===
At the end of time unit 84...
  Core  0: 00022222337774444ddeeeeeee999999999hhhhhhhhhaaaaaaaaaaaaccccccccccccccggggggggggggggg
  Core  1: -1111111111111111111155555555bbbbbbbbb66666666666ffffffffffff888888888888888---------

  Queue: 16(0) 

=== [TIME 85] ===
Job 16, running on core 0, finished. Core 0 is now running job -1.
  Queue: 

FINAL TIMING DIAGRAM:
  Core  0: 00022222337774444ddeeeeeee999999999hhhhhhhhhaaaaaaaaaaaaccccccccccccccggggggggggggggg
  Core  1: -1111111111111111111155555555bbbbbbbbb66666666666ffffffffffff888888888888888---------

Average Waiting Time: 19.28
Average Turnaround Time: 28.17
Average Response Time: 19.28
