Loaded 2 core(s) and 5 job(s) using Preemptive Shortest Job First (PSJF) scheduling...

=== [TIME 0] ===
A new job, job 0 (running time=3, priority=2), arrived. Job 0 is now running on core 0.
  Queue: 0(0) 

At the end of time unit 0...
  Core  0: 0
  Core  1: -

  Queue: 0(0) 

=== [TIME 1] ===
A new job, job 1 (running time=10, priority=3), arrived. Job 1 is now running on core 1.
  Queue: 0(0) 1(1) 

At the end of time unit 1...
  Core  0: 00
  Core  1: -1

  Queue: 0(0) 1(1) 

=== [TIME 2] ===
A new job, job 2 (running time=5, priority=1), arrived. Job 2 is now running on core 1.
  Queue: 0(0) 2(1) 1(-1) 

At the end of time unit 2...
  Core  0: 000
  Core  1: -12

  Queue: 0(0) 2(1) 1(-1) 

=== [TIME 3] ===
Job 0, running on core 0, finished. Core 0 is now running job 1.
  Queue: 2(1) 1(0) 

A new job, job 3 (running time=2, priority=4), arrived. Job 3 is now running on core 0.
  Queue: 3(0) 2(1) 1(-1) 

At the end of time unit 3...
  Core  0: 0003
  Core  1: -122

  Queue: 3(0) 2(1) 1(-1) 

=== [TIME 4] ===
A new job, job 4 (running time=4, priority=5), arrived. Job 4 is set to idle (-1).
  Queue: 3(0) 2(1) 4(-1) 1(-1) 

At the end of time unit 4...
  Core  0: 00033
  Core  1: -1222

  Queue: 3(0) 2(1) 4(-1) 1(-1) 

=== [TIME 5] ===
Job 3, running on core 0, finished. Core 0 is now running job 4.
  Queue: 2(1) 4(0) 1(-1) 

At the end of time unit 5...
  Core  0: 000334
  Core  1: -12222

  Queue: 2(1) 4(0) 1(-1) 

=== [TIME 6] ===
At the end of time unit 6...
  Core  0: 0003344
  Core  1: -122222

  Queue: 2(1) 4(0) 1(-1) 

=== [TIME 7] ===
Job 2, running on core 1, finished. Core 1 is now running job 1.
  Queue: 4(0) 1(1) 

At the end of time unit 7...
  Core  0: 00033444
  Core  1: -1222221

  Queue: 4(0) 1(1) 

=== [TIME 8] ===
At the end of time unit 8...
  Core  0: 000334444
  Core  1: -12222211

  Queue: 4(0) 1(1) 

=== [TIME 9] ===
Job 4, running on core 0, finished. Core 0 is now running job -1.
  Queue: 1(1) 

At the end of time unit 9...
  Core  0: 000334444-
  Core  1: -122222111

  Queue: 1(1) 

=== [TIME 10] ===
At the end of time unit 10...
  Core  0: 000334444--
  Core  1: -1222221111

  Queue: 1(1) 

=== [TIME 11] ===
At the end of time unit 11...
  Core  0: 000334444---
  Core  1: -12222211111

  Queue: 1(1) 

=== [TIME 12] ===
At the end of time unit 12...
  Core  0: 000334444----
  Core  1: -122222111111

  Queue: 1(1) 

=== [TIME 13] ===
At the end of time unit 13...
  Core  0: 000334444-----
  Core  1: -1222221111111

  Queue: 1(1) 

=== [TIME 14] ===
At the end of time unit 14...
  Core  0: 000334444------
  Core  1: -12222211111111

  Queue: 1(1) 

=== [TIME 15] ===
At the end of time unit 15...
  Core  0: 000334444-------
  Core  1: -122222111111111

  Queue: 1(1) 

=== [TIME 16] ===
Job 1, running on core 1, finished. Core 1 is now running job -1.
  Queue: 

FINAL TIMING DIAGRAM:
  Core  0: 000334444-------
  Core  1: -122222111111111

Average Waiting Time: 1.20
Average Turnaround Time: 6.00
Average Response Time: 0.20
