Loaded 2 core(s) and 18 job(s) using Preemptive Shortest Job First (PSJF) scheduling...

=== [TIME 0] ===
A new job, job 0 (running time=3, priority=2), arrived. Job 0 is now running on core 0.
  Queue: 0(0) 

At the end of time unit 0...
  Core  0: 0
  Core  1: -

  Queue: 0(0) 

=== [TIME 1] ===
A new job, job 1 (running time=20, priority=3), arrived. Job 1 is now running on core 1.
  Queue: 0(0) 1(1) 

At the end of time unit 1...
  Core  0: 00
  Core  1: -1

  Queue: 0(0) 1(1) 

=== [TIME 2] ===
A new job, job 2 (running time=5, priority=1), arrived. Job 2 is now running on core 1.
  Queue: 0(0) 2(1) 1(-1) 

At the end of time unit 2...
  Core  0: 000
  Core  1: -12

  Queue: 0(0) 2(1) 1(-1) 

=== [TIME 3] ===
Job 0, running on core 0, finished. Core 0 is now running job 1.
  Queue: 2(1) 1(0) 

A new job, job 3 (running time=2, priority=4), arrived. Job 3 is now running on core 0.
  Queue: 3(0) 2(1) 1(-1) 

At the end of time unit 3...
  Core  0: 0003
  Core  1: -122

  Queue: 3(0) 2(1) 1(-1) 

=== [TIME 4] ===
A new job, job 4 (running time=4, priority=5), arrived. Job 4 is set to idle (-1).
  Queue: 3(0) 2(1) 4(-1) 1(-1) 

At the end of time unit 4...
  Core  0: 00033
  Core  1: -1222

  Queue: 3(0) 2(1) 4(-1) 1(-1) 

=== [TIME 5] ===
Job 3, running on core 0, finished. Core 0 is now running job 4.
  Queue: 2(1) 4(0) 1(-1) 

A new job, job 5 (running time=8, priority=3), arrived. Job 5 is set to idle (-1).
  Queue: 2(1) 4(0) 5(-1) 1(-1) 

At the end of time unit 5...
  Core  0: 000334
  Core  1: -12222

  Queue: 2(1) 4(0) 5(-1) 1(-1) 

=== [TIME 6] ===
A new job, job 6 (running time=11, priority=2), arrived. Job 6 is set to idle (-1).
  Queue: 2(1) 4(0) 5(-1) 6(-1) 1(-1) 

At the end of time unit 6...
  Core  0: 0003344
  Core  1: -122222

  Queue: 2(1) 4(0) 5(-1) 6(-1) 1(-1) 

=== [TIME 7] ===
Job 2, running on core 1, finished. Core 1 is now running job 5.
  Queue: 4(0) 5(1) 6(-1) 1(-1) 

A new job, job 7 (running time=3, priority=4), arrived. Job 7 is now running on core 1.
  Queue: 4(0) 7(1) 5(-1) 6(-1) 1(-1) 

At the end of time unit 7...
  Core  0: 00033444
  Core  1: -1222227

  Queue: 4(0) 7(1) 5(-1) 6(-1) 1(-1) 

=== [TIME 8] ===
A new job, job 8 (running time=15, priority=1), arrived. Job 8 is set to idle (-1).
  Queue: 4(0) 7(1) 5(-1) 6(-1) 8(-1) 1(-1) 

At the end of time unit 8...
  Core  0: 000334444
  Core  1: -12222277

  Queue: 4(0) 7(1) 5(-1) 6(-1) 8(-1) 1(-1) 

=== [TIME 9] ===
Job 4, running on core 0, finished. Core 0 is now running job 5.
  Queue: 7(1) 5(0) 6(-1) 8(-1) 1(-1) 

A new job, job 9 (running time=9, priority=4), arrived. Job 9 is set to idle (-1).
  Queue: 7(1) 5(0) 9(-1) 6(-1) 8(-1) 1(-1) 

At the end of time unit 9...
  Core  0: 0003344445
  Core  1: -122222777

  Queue: 7(1) 5(0) 9(-1) 6(-1) 8(-1) 1(-1) 

=== [TIME 10] ===
Job 7, running on core 1, finished. Core 1 is now running job 9.
  Queue: 5(0) 9(1) 6(-1) 8(-1) 1(-1) 

A new job, job 10 (running time=12, priority=2), arrived. Job 10 is set to idle (-1).
  Queue: 5(0) 9(1) 6(-1) 10(-1) 8(-1) 1(-1) 

At the end of time unit 10...
  Core  0: 00033444455
  Core  1: -1222227779

  Queue: 5(0) 9(1) 6(-1) 10(-1) 8(-1) 1(-1) 

=== [TIME 11] ===
A new job, job 11 (running time=9, priority=3), arrived. Job 11 is set to idle (-1).
  Queue: 5(0) 9(1) 11(-1) 6(-1) 10(-1) 8(-1) 1(-1) 

At the end of time unit 11...
  Core  0: 000334444555
  Core  1: -12222277799

  Queue: 5(0) 9(1) 11(-1) 6(-1) 10(-1) 8(-1) 1(-1) 

=== [TIME 12] ===
A new job, job 12 (running time=14, priority=2), arrived. Job 12 is set to idle (-1).
  Queue: 5(0) 9(1) 11(-1) 6(-1) 10(-1) 12(-1) 8(-1) 1(-1) 

At the end of time unit 12...
  Core  0: 0003344445555
  Core  1: -122222777999

  Queue: 5(0) 9(1) 11(-1) 6(-1) 10(-1) 12(-1) 8(-1) 1(-1) 

=== [TIME 13] ===
A new job, job 13 (running time=2, priority=5), arrived. Job 13 is now running on core 1.
  Queue: 13(1) 5(0) 9(-1) 11(-1) 6(-1) 10(-1) 12(-1) 8(-1) 1(-1) 

At the end of time unit 13...
  Core  0: 00033444455555
  Core  1: -122222777999d

  Queue: 13(1) 5(0) 9(-1) 11(-1) 6(-1) 10(-1) 12(-1) 8(-1) 1(-1) 

=== [TIME 14] ===
A new job, job 14 (running time=7, priority=3), arrived. Job 14 is set to idle (-1).
  Queue: 13(1) 5(0) 9(-1) 14(-1) 11(-1) 6(-1) 10(-1) 12(-1) 8(-1) 1(-1) 

At the end of time unit 14...
  Core  0: 000334444555555
  Core  1: -122222777999dd

  Queue: 13(1) 5(0) 9(-1) 14(-1) 11(-1) 6(-1) 10(-1) 12(-1) 8(-1) 1(-1) 

=== [TIME 15] ===
Job 13, running on core 1, finished. Core 1 is now running job 9.
  Queue: 5(0) 9(1) 14(-1) 11(-1) 6(-1) 10(-1) 12(-1) 8(-1) 1(-1) 

A new job, job 15 (running time=12, priority=2), arrived. Job 15 is set to idle (-1).
  Queue: 5(0) 9(1) 14(-1) 11(-1) 6(-1) 10(-1) 15(-1) 12(-1) 8(-1) 1(-1) 

At the end of time unit 15...
  Core  0: 0003344445555555
  Core  1: -122222777999dd9

  Queue: 5(0) 9(1) 14(-1) 11(-1) 6(-1) 10(-1) 15(-1) 12(-1) 8(-1) 1(-1) 

=== [TIME 16] ===
A new job, job 16 (running time=15, priority=1), arrived. Job 16 is set to idle (-1).
  Queue: 5(0) 9(1) 14(-1) 11(-1) 6(-1) 10(-1) 15(-1) 12(-1) 8(-1) 16(-1) 1(-1) 

At the end of time unit 16...
  Core  0: 00033444455555555
  Core  1: -122222777999dd99

  Queue: 5(0) 9(1) 14(-1) 11(-1) 6(-1) 10(-1) 15(-1) 12(-1) 8(-1) 16(-1) 1(-1) 

=== [TIME 17] ===
Job 5, running on core 0, finished. Core 0 is now running job 14.
  Queue: 9(1) 14(0) 11(-1) 6(-1) 10(-1) 15(-1) 12(-1) 8(-1) 16(-1) 1(-1) 

A new job, job 17 (running time=9, priority=4), arrived. Job 17 is set to idle (-1).
  Queue: 9(1) 14(0) 11(-1) 17(-1) 6(-1) 10(-1) 15(-1) 12(-1) 8(-1) 16(-1) 1(-1) 

At the end of time unit 17...
  Core  0: 00033444455555555e
  Core  1: -122222777999dd999

  Queue: 9(1) 14(0) 11(-1) 17(-1) 6(-1) 10(-1) 15(-1) 12(-1) 8(-1) 16(-1) 1(-1) 

=== [TIME 18] ===
At the end of time unit 18...
  Core  0: 00033444455555555ee
  Core  1: -122222777999dd9999

  Queue: 9(1) 14(0) 11(-1) 17(-1) 6(-1) 10(-1) 15(-1) 12(-1) 8(-1) 16(-1) 1(-1) 

=== [TIME 19] ===
At the end of time unit 19...
  Core  0: 00033444455555555eee
  Core  1: -122222777999dd99999

  Queue: 9(1) 14(0) 11(-1) 17(-1) 6(-1) 10(-1) 15(-1) 12(-1) 8(-1) 16(-1) 1(-1) 

=== [TIME 20] ===
At the end of time unit 20...
  Core  0: 00033444455555555eeee
  Core  1: -122222777999dd999999

  Queue: 9(1) 14(0) 11(-1) 17(-1) 6(-1) 10(-1) 15(-1) 12(-1) 8(-1) 16(-1) 1(-1) 

=== [TIME 21] ===
Job 9, running on core 1, finished. Core 1 is now running job 11.
  Queue: 14(0) 11(1) 17(-1) 6(-1) 10(-1) 15(-1) 12(-1) 8(-1) 16(-1) 1(-1) 

At the end of time unit 21...
  Core  0: 00033444455555555eeeee
  Core  1: -122222777999dd999999b

  Queue: 14(0) 11(1) 17(-1) 6(-1) 10(-1) 15(-1) 12(-1) 8(-1) 16(-1) 1(-1) 

=== [TIME 22] ===
At the end of time unit 22...
  Core  0: 00033444455555555eeeeee
  Core  1: -122222777999dd999999bb

  Queue: 14(0) 11(1) 17(-1) 6(-1) 10(-1) 15(-1) 12(-1) 8(-1) 16(-1) 1(-1) 

=== [TIME 23] ===
At the end of time unit 23...
  Core  0: 00033444455555555eeeeeee
  Core  1: -122222777999dd999999bbb

  Queue: 14(0) 11(1) 17(-1) 6(-1) 10(-1) 15(-1) 12(-1) 8(-1) 16(-1) 1(-1) 

=== [TIME 24] ===
Job 14, running on core 0, finished. Core 0 is now running job 17.
  Queue: 11(1) 17(0) 6(-1) 10(-1) 15(-1) 12(-1) 8(-1) 16(-1) 1(-1) 

At the end of time unit 24...
  Core  0: 00033444455555555eeeeeeeh
  Core  1: -122222777999dd999999bbbb

  Queue: 11(1) 17(0) 6(-1) 10(-1) 15(-1) 12(-1) 8(-1) 16(-1) 1(-1) 

=== [TIME 25] ===
At the end of time unit 25...
  Core  0: 00033444455555555eeeeeeehh
  Core  1: -122222777999dd999999bbbbb

  Queue: 11(1) 17(0) 6(-1) 10(-1) 15(-1) 12(-1) 8(-1) 16(-1) 1(-1) 

=== [TIME 26] ===
At the end of time unit 26...
  Core  0: 00033444455555555eeeeeeehhh
  Core  1: -122222777999dd999999bbbbbb

  Queue: 11(1) 17(0) 6(-1) 10(-1) 15(-1) 12(-1) 8(-1) 16(-1) 1(-1) 

=== [TIME 27] ===
At the end of time unit 27...
  Core  0: 00033444455555555eeeeeeehhhh
  Core  1: -122222777999dd999999bbbbbbb

  Queue: 11(1) 17(0) 6(-1) 10(-1) 15(-1) 12(-1) 8(-1) 16(-1) 1(-1) 

=== [TIME 28] ===
At the end of time unit 28...
  Core  0: 00033444455555555eeeeeeehhhhh
  Core  1: -122222777999dd999999bbbbbbbb

  Queue: 11(1) 17(0) 6(-1) 10(-1) 15(-1) 12(-1) 8(-1) 16(-1) 1(-1) 

=== [TIME 29] ===
At the end of time unit 29...
  Core  0: 00033444455555555eeeeeeehhhhhh
  Core  1: -122222777999dd999999bbbbbbbbb

  Queue: 11(1) 17(0) 6(-1) 10(-1) 15(-1) 12(-1) 8(-1) 16(-1) 1(-1) 

=== [TIME 30] ===
Job 11, running on core 1, finished. Core 1 is now running job 6.
  Queue: 17(0) 6(1) 10(-1) 15(-1) 12(-1) 8(-1) 16(-1) 1(-1) 

At the end of time unit 30...
  Core  0: 00033444455555555eeeeeeehhhhhhh
  Core  1: -122222777999dd999999bbbbbbbbb6

  Queue: 17(0) 6(1) 10(-1) 15(-1) 12(-1) 8(-1) 16(-1) 1(-1) 

=== [TIME 31] ===
At the end of time unit 31...
  Core  0: 00033444455555555eeeeeeehhhhhhhh
  Core  1: -122222777999dd999999bbbbbbbbb66

  Queue: 17(0) 6(1) 10(-1) 15(-1) 12(-1) 8(-1) 16(-1) 1(-1) 

=== [TIME 32] ===
At the end of time unit 32...
  Core  0: 00033444455555555eeeeeeehhhhhhhhh
  Core  1: -122222777999dd999999bbbbbbbbb666

  Queue: 17(0) 6(1) 10(-1) 15(-1) 12(-1) 8(-1) 16(-1) 1(-1) 

=== [TIME 33] ===
Job 17, running on core 0, finished. Core 0 is now running job 10.
  Queue: 6(1) 10(0) 15(-1) 12(-1) 8(-1) 16(-1) 1(-1) 

At the end of time unit 33...
  Core  0: 00033444455555555eeeeeeehhhhhhhhha
  Core  1: -122222777999dd999999bbbbbbbbb6666

  Queue: 6(1) 10(0) 15(-1) 12(-1) 8(-1) 16(-1) 1(-1) 

=== [TIME 34] ===
At the end of time unit 34...
  Core  0: 00033444455555555eeeeeeehhhhhhhhhaa
  Core  1: -122222777999dd999999bbbbbbbbb66666

  Queue: 6(1) 10(0) 15(-1) 12(-1) 8(-1) 16(-1) 1(-1) 

=== [TIME 35] ===
At the end of time unit 35...
  Core  0: 00033444455555555eeeeeeehhhhhhhhhaaa
  Core  1: -122222777999dd999999bbbbbbbbb666666

  Queue: 6(1) 10(0) 15(-1) 12(-1) 8(-1) 16(-1) 1(-1) 

=== [TIME 36] ===
At the end of time unit 36...
  Core  0: 00033444455555555eeeeeeehhhhhhhhhaaaa
  Core  1: -122222777999dd999999bbbbbbbbb6666666

  Queue: 6(1) 10(0) 15(-1) 12(-1) 8(-1) 16(-1) 1(-1) 

=== [TIME 37] ===
At the end of time unit 37...
  Core  0: 00033444455555555eeeeeeehhhhhhhhhaaaaa
  Core  1: -122222777999dd999999bbbbbbbbb66666666

  Queue: 6(1) 10(0) 15(-1) 12(-1) 8(-1) 16(-1) 1(-1) 

=== [TIME 38] ===
At the end of time unit 38...
  Core  0: 00033444455555555eeeeeeehhhhhhhhhaaaaaa
  Core  1: -122222777999dd999999bbbbbbbbb666666666

  Queue: 6(1) 10(0) 15(-1) 12(-1) 8(-1) 16(-1) 1(-1) 

=== [TIME 39] ===
At the end of time unit 39...
  Core  0: 00033444455555555eeeeeeehhhhhhhhhaaaaaaa
  Core  1: -122222777999dd999999bbbbbbbbb6666666666

  Queue: 6(1) 10(0) 15(-1) 12(-1) 8(-1) 16(-1) 1(-1) 

=== [TIME 40] ===
At the end of time unit 40...
  Core  0: 00033444455555555eeeeeeehhhhhhhhhaaaaaaaa
  Core  1: -122222777999dd999999bbbbbbbbb66666666666

  Queue: 6(1) 10(0) 15(-1) 12(-1) 8(-1) 16(-1) 1(-1) 

=== [TIME 41] ===
Job 6, running on core 1, finished. Core 1 is now running job 15.
  Queue: 10(0) 15(1) 12(-1) 8(-1) 16(-1) 1(-1) 

At the end of time unit 41...
  Core  0: 00033444455555555eeeeeeehhhhhhhhhaaaaaaaaa
  Core  1: -122222777999dd999999bbbbbbbbb66666666666f

  Queue: 10(0) 15(1) 12(-1) 8(-1) 16(-1) 1(-1) 

=== [TIME 42] ===
At the end of time unit 42...
  Core  0: 00033444455555555eeeeeeehhhhhhhhhaaaaaaaaaa
  Core  1: -122222777999dd999999bbbbbbbbb66666666666ff

  Queue: 10(0) 15(1) 12(-1) 8(-1) 16(-1) 1(-1) 

=== [TIME 43] ===
At the end of time unit 43...
  Core  0: 00033444455555555eeeeeeehhhhhhhhhaaaaaaaaaaa
  Core  1: -122222777999dd999999bbbbbbbbb66666666666fff

  Queue: 10(0) 15(1) 12(-1) 8(-1) 16(-1) 1(-1) 

=== [TIME 44] ===
At the end of time unit 44...
  Core  0: 00033444455555555eeeeeeehhhhhhhhhaaaaaaaaaaaa
  Core  1: -122222777999dd999999bbbbbbbbb66666666666ffff

  Queue: 10(0) 15(1) 12(-1) 8(-1) 16(-1) 1(-1) 

=== [TIME 45] ===
Job 10, running on core 0, finished. Core 0 is now running job 12.
  Queue: 15(1) 12(0) 8(-1) 16(-1) 1(-1) 

At the end of time unit 45...
  Core  0: 00033444455555555eeeeeeehhhhhhhhhaaaaaaaaaaaac
  Core  1: -122222777999dd999999bbbbbbbbb66666666666fffff

  Queue: 15(1) 12(0) 8(-1) 16(-1) 1(-1) 

=== [TIME 46] ===
At the end of time unit 46...
  Core  0: 00033444455555555eeeeeeehhhhhhhhhaaaaaaaaaaaacc
  Core  1: -122222777999dd999999bbbbbbbbb66666666666ffffff

  Queue: 15(1) 12(0) 8(-1) 16(-1) 1(-1) 

=== [TIME 47] ===
At the end of time unit 47...
  Core  0: 00033444455555555eeeeeeehhhhhhhhhaaaaaaaaaaaaccc
  Core  1: -122222777999dd999999bbbbbbbbb66666666666fffffff

  Queue: 15(1) 12(0) 8(-1) 16(-1) 1(-1) 

=== [TIME 48] ===
At the end of time unit 48...
  Core  0: 00033444455555555eeeeeeehhhhhhhhhaaaaaaaaaaaacccc
  Core  1: -122222777999dd999999bbbbbbbbb66666666666ffffffff

  Queue: 15(1) 12(0) 8(-1) 16(-1) 1(-1) 

=== [TIME 49] ===
At the end of time unit 49...
  Core  0: 00033444455555555eeeeeeehhhhhhhhhaaaaaaaaaaaaccccc
  Core  1: -122222777999dd999999bbbbbbbbb66666666666fffffffff

  Queue: 15(1) 12(0) 8(-1) 16(-1) 1(-1) 

=== [TIME 50] ===
At the end of time unit 50...
  Core  0: 00033444455555555eeeeeeehhhhhhhhhaaaaaaaaaaaacccccc
  Core  1: -122222777999dd999999bbbbbbbbb66666666666ffffffffff

  Queue: 15(1) 12(0) 8(-1) 16(-1) 1(-1) 

=== [TIME 51] ===
At the end of time unit 51...
  Core  0: 00033444455555555eeeeeeehhhhhhhhhaaaaaaaaaaaaccccccc
  Core  1: -122222777999dd999999bbbbbbbbb66666666666fffffffffff

  Queue: 15(1) 12(0) 8(-1) 16(-1) 1(-1) 

=== [TIME 52] ===
At the end of time unit 52...
  Core  0: 00033444455555555eeeeeeehhhhhhhhhaaaaaaaaaaaacccccccc
  Core  1: -122222777999dd999999bbbbbbbbb66666666666ffffffffffff

  Queue: 15(1) 12(0) 8(-1) 16(-1) 1(-1) 

=== [TIME 53] ===
Job 15, running on core 1, finished. Core 1 is now running job 8.
  Queue: 12(0) 8(1) 16(-1) 1(-1) 

At the end of time unit 53...
  Core  0: 00033444455555555eeeeeeehhhhhhhhhaaaaaaaaaaaaccccccccc
  Core  1: -122222777999dd999999bbbbbbbbb66666666666ffffffffffff8

  Queue: 12(0) 8(1) 16(-1) 1(-1) 

=== [TIME 54] ===
At the end of time unit 54...
  Core  0: 00033444455555555eeeeeeehhhhhhhhhaaaaaaaaaaaacccccccccc
  Core  1: -122222777999dd999999bbbbbbbbb66666666666ffffffffffff88

  Queue: 12(0) 8(1) 16(-1) 1(-1) 

=== [TIME 55] ===
At the end of time unit 55...
  Core  0: 00033444455555555eeeeeeehhhhhhhhhaaaaaaaaaaaaccccccccccc
  Core  1: -122222777999dd999999bbbbbbbbb66666666666ffffffffffff888

  Queue: 12(0) 8(1) 16(-1) 1(-1) 

=== [TIME 56] ===
At the end of time unit 56...
  Core  0: 00033444455555555eeeeeeehhhhhhhhhaaaaaaaaaaaacccccccccccc
  Core  1: -122222777999dd999999bbbbbbbbb66666666666ffffffffffff8888

  Queue: 12(0) 8(1) 16(-1) 1(-1) 

=== [TIME 57] ===
At the end of time unit 57...
  Core  0: 00033444455555555eeeeeeehhhhhhhhhaaaaaaaaaaaaccccccccccccc
  Core  1: -122222777999dd999999bbbbbbbbb66666666666ffffffffffff88888

  Queue: 12(0) 8(1) 16(-1) 1(-1) 

=== [TIME 58] ===
At the end of time unit 58...
  Core  0: 00033444455555555eeeeeeehhhhhhhhhaaaaaaaaaaaacccccccccccccc
  Core  1: -122222777999dd999999bbbbbbbbb66666666666ffffffffffff888888

  Queue: 12(0) 8(1) 16(-1) 1(-1) 

=== [TIME 59] ===
Job 12, running on core 0, finished. Core 0 is now running job 16.
  Queue: 8(1) 16(0) 1(-1) 

At the end of time unit 59...
  Core  0: 00033444455555555eeeeeeehhhhhhhhhaaaaaaaaaaaaccccccccccccccg
  Core  1: -122222777999dd999999bbbbbbbbb66666666666ffffffffffff8888888

  Queue: 8(1) 16(0) 1(-1) 

=== [TIME 60] ===
At the end of time unit 60...
  Core  0: 00033444455555555eeeeeeehhhhhhhhhaaaaaaaaaaaaccccccccccccccgg
  Core  1: -122222777999dd999999bbbbbbbbb66666666666ffffffffffff88888888

  Queue: 8(1) 16(0) 1(-1) 

=== [TIME 61] ===
At the end of time unit 61...
  Core  0: 00033444455555555eeeeeeehhhhhhhhhaaaaaaaaaaaaccccccccccccccggg
  Core  1: -122222777999dd999999bbbbbbbbb66666666666ffffffffffff888888888

  Queue: 8(1) 16(0) 1(-1) 

=== [TIME 62] ===
At the end of time unit 62...
  Core  0: 00033444455555555eeeeeeehhhhhhhhhaaaaaaaaaaaaccccccccccccccgggg
  Core  1: -122222777999dd999999bbbbbbbbb66666666666ffffffffffff8888888888

  Queue: 8(1) 16(0) 1(-1) 

=== [TIME 63] ===
At the end of time unit 63...
  Core  0: 00033444455555555eeeeeeehhhhhhhhhaaaaaaaaaaaaccccccccccccccggggg
  Core  1: -122222777999dd999999bbbbbbbbb66666666666ffffffffffff88888888888

  Queue: 8(1) 16(0) 1(-1) 

=== [TIME 64] ===
At the end of time unit 64...
  Core  0: 00033444455555555eeeeeeehhhhhhhhhaaaaaaaaaaaaccccccccccccccgggggg
  Core  1: -122222777999dd999999bbbbbbbbb66666666666ffffffffffff888888888888

  Queue: 8(1) 16(0) 1(-1) 

=== [TIME 65] ===
At the end of time unit 65...
  Core  0: 00033444455555555eeeeeeehhhhhhhhhaaaaaaaaaaaaccccccccccccccggggggg
  Core  1: -122222777999dd999999bbbbbbbbb66666666666ffffffffffff8888888888888

  Queue: 8(1) 16(0) 1(-1) 

=== [TIME 66] ===
At the end of time unit 66...
  Core  0: 00033444455555555eeeeeeehhhhhhhhhaaaaaaaaaaaaccccccccccccccgggggggg
  Core  1: -122222777999dd999999bbbbbbbbb66666666666ffffffffffff88888888888888

  Queue: 8(1) 16(0) 1(-1) 

=== [TIME 67] ===
At the end of time unit 67...
  Core  0: 00033444455555555eeeeeeehhhhhhhhhaaaaaaaaaaaaccccccccccccccggggggggg
  Core  1: -122222777999dd999999bbbbbbbbb66666666666ffffffffffff888888888888888

  Queue: 8(1) 16(0) 1(-1) 

=== [TIME 68] ===
Job 8, running on core 1, finished. Core 1 is now running job 1.
  Queue: 16(0) 1(1) 

At the end of time unit 68...
  Core  0: 00033444455555555eeeeeeehhhhhhhhhaaaaaaaaaaaaccccccccccccccgggggggggg
  Core  1: -122222777999dd999999bbbbbbbbb66666666666ffffffffffff8888888888888881

  Queue: 16(0) 1(1) 

=== [TIME 69] ===
At the end of time unit 69...
  Core  0: 00033444455555555eeeeeeehhhhhhhhhaaaaaaaaaaaaccccccccccccccggggggggggg
  Core  1: -122222777999dd999999bbbbbbbbb66666666666ffffffffffff88888888888888811

  Queue: 16(0) 1(1) 

=== [TIME 70] ===
At the end of time unit 70...
  Core  0: 00033444455555555eeeeeeehhhhhhhhhaaaaaaaaaaaaccccccccccccccgggggggggggg
  Core  1: -122222777999dd999999bbbbbbbbb66666666666ffffffffffff888888888888888111

  Queue: 16(0) 1(1) 

=== [TIME 71] ===
At the end of time unit 71...
  Core  0: 00033444455555555eeeeeeehhhhhhhhhaaaaaaaaaaaaccccccccccccccggggggggggggg
  Core  1: -122222777999dd999999bbbbbbbbb66666666666ffffffffffff8888888888888881111

  Queue: 16(0) 1(1) 

=== [TIME 72] ===
At the end of time unit 72...
  Core  0: 00033444455555555eeeeeeehhhhhhhhhaaaaaaaaaaaaccccccccccccccgggggggggggggg
  Core  1: -122222777999dd999999bbbbbbbbb66666666666ffffffffffff88888888888888811111

  Queue: 16(0) 1(1) 

=== [TIME 73] ===
At the end of time unit 73...
  Core  0: 00033444455555555eeeeeeehhhhhhhhhaaaaaaaaaaaaccccccccccccccggggggggggggggg
  Core  1: -122222777999dd999999bbbbbbbbb66666666666ffffffffffff888888888888888111111

  Queue: 16(0) 1(1) 

=== [TIME 74] ===
Job 16, running on core 0, finished. Core 0 is now running job -1.
  Queue: 1(1) 

At the end of time unit 74...
  Core  0: 00033444455555555eeeeeeehhhhhhhhhaaaaaaaaaaaaccccccccccccccggggggggggggggg-
  Core  1: -122222777999dd999999bbbbbbbbb66666666666ffffffffffff8888888888888881111111

  Queue: 1(1) 

=== [TIME 75] ===
At the end of time unit 75...
  Core  0: 00033444455555555eeeeeeehhhhhhhhhaaaaaaaaaaaaccccccccccccccggggggggggggggg--
  Core  1: -122222777999dd999999bbbbbbbbb66666666666ffffffffffff88888888888888811111111

  Queue: 1(1) 

=== [TIME 76] ===
At the end of time unit 76...
  Core  0: 00033444455555555eeeeeeehhhhhhhhhaaaaaaaaaaaaccccccccccccccggggggggggggggg---
  Core  1: -122222777999dd999999bbbbbbbbb66666666666ffffffffffff888888888888888111111111

  Queue: 1(1) 

=== [TIME 77] ===
At the end of time unit 77...
  Core  0: 00033444455555555eeeeeeehhhhhhhhhaaaaaaaaaaaaccccccccccccccggggggggggggggg----
  Core  1: -122222777999dd999999bbbbbbbbb66666666666ffffffffffff8888888888888881111111111

  Queue: 1(1) 

=== [TIME 78] ===
At the end of time unit 78...
  Core  0: 00033444455555555eeeeeeehhhhhhhhhaaaaaaaaaaaaccccccccccccccggggggggggggggg-----
  Core  1: -122222777999dd999999bbbbbbbbb66666666666ffffffffffff88888888888888811111111111

  Queue: 1(1) 

=== [TIME 79] ===
At the end of time unit 79...
  Core  0: 00033444455555555eeeeeeehhhhhhhhhaaaaaaaaaaaaccccccccccccccggggggggggggggg------
  Core  1: -122222777999dd999999bbbbbbbbb66666666666ffffffffffff888888888888888111111111111

  Queue: 1(1) 

=== [TIME 80] ===
At the end of time unit 80...
  Core  0: 00033444455555555eeeeeeehhhhhhhhhaaaaaaaaaaaaccccccccccccccggggggggggggggg-------
  Core  1: -122222777999dd999999bbbbbbbbb66666666666ffffffffffff8888888888888881111111111111

  Queue: 1(1) 

=== [TIME 81] ===
At the end of time unit 81...
  Core  0: 00033444455555555eeeeeeehhhhhhhhhaaaaaaaaaaaaccccccccccccccggggggggggggggg--------
  Core  1: -122222777999dd999999bbbbbbbbb66666666666ffffffffffff88888888888888811111111111111

  Queue: 1(1) 

=== [TIME 82] ===
At the end of time unit 82...
  Core  0: 00033444455555555eeeeeeehhhhhhhhhaaaaaaaaaaaaccccccccccccccggggggggggggggg---------
  Core  1: -122222777999dd999999bbbbbbbbb66666666666ffffffffffff888888888888888111111111111111

  Queue: 1(1) 

=== [TIME 83] ===
At the end of time unit 83...
  Core  0: 00033444455555555eeeeeeehhhhhhhhhaaaaaaaaaaaaccccccccccccccggggggggggggggg----------
  Core  1: -122222777999dd999999bbbbbbbbb66666666666ffffffffffff8888888888888881111111111111111

  Queue: 1(1) 

=== [TIME 84] ===
At the end of time unit 84...
  Core  0: 00033444455555555eeeeeeehhhhhhhhhaaaaaaaaaaaaccccccccccccccggggggggggggggg-----------
  Core  1: -122222777999dd999999bbbbbbbbb66666666666ffffffffffff88888888888888811111111111111111

  Queue: 1(1) 

=== [TIME 85] ===
At the end of time unit 85...
  Core  0: 00033444455555555eeeeeeehhhhhhhhhaaaaaaaaaaaaccccccccccccccggggggggggggggg------------
  Core  1: -122222777999dd999999bbbbbbbbb66666666666ffffffffffff888888888888888111111111111111111

  Queue: 1(1) 

=== [TIME 86] ===
At the end of time unit 86...
  Core  0: 00033444455555555eeeeeeehhhhhhhhhaaaaaaaaaaaaccccccccccccccggggggggggggggg-------------
  Core  1: -122222777999dd999999bbbbbbbbb66666666666ffffffffffff8888888888888881111111111111111111

  Queue: 1(1) 

=== [TIME 87] ===
Job 1, running on core 1, finished. Core 1 is now running job -1.
  Queue: 

FINAL TIMING DIAGRAM:
  Core  0: 00033444455555555eeeeeeehhhhhhhhhaaaaaaaaaaaaccccccccccccccggggggggggggggg-------------
  Core  1: -122222777999dd999999bbbbbbbbb66666666666ffffffffffff8888888888888881111111111111111111

Average Waiting Time: 16.00
Average Turnaround Time: 24.89
Average Response Time: 12.22
