Loaded 2 core(s) and 5 job(s) using Round Robin (RR) with a quantum of 4 scheduling...

=== [TIME 0] ===
A new job, job 0 (running time=3, priority=2), arrived. Job 0 is now running on core 0.
  Queue: 0(0) 

At the end of time unit 0...
  Core  0: 0
  Core  1: -

  Queue: 0(0) 

=== [TIME 1] ===
A new job, job 1 (running time=10, priority=3), arrived. Job 1 is now running on core 1.
  Queue: 0(0) 1(1) 

At the end of time unit 1...
  Core  0: 00
  Core  1: -1

  Queue: 0(0) 1(1) 

=== [TIME 2] ===
A new job, job 2 (running time=5, priority=1), arrived. Job 2 is set to idle (-1).
  Queue: 0(0) 1(1) 2(-1) 

At the end of time unit 2...
  Core  0: 000
  Core  1: -11

  Queue: 0(0) 1(1) 2(-1) 

=== [TIME 3] ===
Job 0, running on core 0, finished. Core 0 is now running job 2.
  Queue: 1(1) 2(0) 

A new job, job 3 (running time=2, priority=4), arrived. Job 3 is set to idle (-1).
  Queue: 1(1) 2(0) 3(-1) 

At the end of time unit 3...
  Core  0: 0002
  Core  1: -111

  Queue: 1(1) 2(0) 3(-1) 

=== [TIME 4] ===
A new job, job 4 (running time=4, priority=5), arrived. Job 4 is set to idle (-1).
  Queue: 1(1) 2(0) 3(-1) 4(-1) 

At the end of time unit 4...
  Core  0: 00022
  Core  1: -1111

  Queue: 1(1) 2(0) 3(-1) 4(-1) 

=== [TIME 5] ===
Job 1, running on core 1, had its quantum expire. Core 1 is now running job 3.
  Queue: 2(0) 3(1) 4(-1) 1(-1) 

At the end of time unit 5...
  Core  0: 000222
  Core  1: -11113

  Queue: 2(0) 3(1) 4(-1) 1(-1) 

=== [TIME 6] ===
At the end of time unit 6...
  Core  0: 0002222
  Core  1: -111133

  Queue: 2(0) 3(1) 4(-1) 1(-1) 

=== [TIME 7] ===
Job 3, running on core 1, finished. Core 1 is now running job 4.
  Queue: 2(0) 4(1) 1(-1) 

Job 2, running on core 0, had its quantum expire. Core 0 is now running job 1.
  Queue: 4(1) 1(0) 2(-1) 

At the end of time unit 7...
  Core  0: 00022221
  Core  1: -1111334

  Queue: 4(1) 1(0) 2(-1) 

=== [TIME 8] ===
At the end of time unit 8...
  Core  0: 000222211
  Core  1: -11113344

  Queue: 4(1) 1(0) 2(-1) 

=== [TIME 9] ===
At the end of time unit 9...
  Core  0: 0002222111
  Core  1: -111133444

  Queue: 4(1) 1(0) 2(-1) 

=== [TIME 10] ===
At the end of time unit 10...
  Core  0: 00022221111
  Core  1: -1111334444

  Queue: 4(1) 1(0) 2(-1) 

=== [TIME 11] ===
Job 4, running on core 1, finished. Core 1 is now running job 2.
  Queue: 1(0) 2(1) 

Job 1, running on core 0, had its quantum expire. Core 0 is now running job 1.
  Queue: 2(1) 1(0) 

At the end of time unit 11...
  Core  0: 000222211111
  Core  1: -11113344442

  Queue: 2(1) 1(0) 

=== [TIME 12] ===
Job 2, running on core 1, finished. Core 1 is now running job -1.
  Queue: 1(0) 

At the end of time unit 12...
  Core  0: 0002222111111
  Core  1: -11113344442-

  Queue: 1(0) 

=== [TIME 13] ===
Job 1, running on core 0, finished. Core 0 is now running job -1.
  Queue: 

FINAL TIMING DIAGRAM:
  Core  0: 0002222111111
  Core  1: -11113344442-

Average Waiting Time: 2.40
Average Turnaround Time: 7.20
Average Response Time: 1.20
