Loaded 4 core(s) and 18 job(s) using First Come First Served (FCFS) scheduling...

=== [TIME 0] ===
A new job, job 0 (running time=3, priority=2), arrived. Job 0 is now running on core 0.
  Queue: 0(0) 

At the end of time unit 0...
  Core  0: 0
  Core  1: -
  Core  2: -
  Core  3: -

  Queue: 0(0) 

=== [TIME 1] ===
A new job, job 1 (running time=20, priority=3), arrived. Job 1 is now running on core 1.
  Queue: 0(0) 1(1) 

At the end of time unit 1...
  Core  0: 00
  Core  1: -1
  Core  2: --
  Core  3: --

  Queue: 0(0) 1(1) 

=== [TIME 2] ===
A new job, job 2 (running time=5, priority=1), arrived. Job 2 is now running on core 2.
  Queue: 0(0) 1(1) 2(2) 

At the end of time unit 2...
  Core  0: 000
  Core  1: -11
  Core  2: --2
  Core  3: ---

  Queue: 0(0) 1(1) 2(2) 

=== [TIME 3] ===
Job 0, running on core 0, finished. Core 0 is now running job -1.
  Queue: 1(1) 2(2) 

A new job, job 3 (running time=2, priority=4), arrived. Job 3 is now running on core 0.
  Queue: 1(1) 2(2) 3(0) 

At the end of time unit 3...
  Core  0: 0003
  Core  1: -111
  Core  2: --22
  Core  3: ----

  Queue: 1(1) 2(2) 3(0) 

=== [TIME 4] ===
A new job, job 4 (running time=4, priority=5), arrived. Job 4 is now running on core 3.
  Queue: 1(1) 2(2) 3(0) 4(3) 

At the end of time unit 4...
  Core  0: 00033
  Core  1: -1111
  Core  2: --222
  Core  3: ----4

  Queue: 1(1) 2(2) 3(0) 4(3) 

=== [TIME 5] ===
Job 3, running on core 0, finished. Core 0 is now running job -1.
  Queue: 1(1) 2(2) 4(3) 

A new job, job 5 (running time=8, priority=3), arrived. Job 5 is now running on core 0.
  Queue: 1(1) 2(2) 4(3) 5(0) 

At the end of time unit 5...
  Core  0: 000335
  Core  1: -11111
  Core  2: --2222
  Core  3: ----44

  Queue: 1(1) 2(2) 4(3) 5(0) 

=== [TIME 6] ===
A new job, job 6 (running time=11, priority=2), arrived. Job 6 is set to idle (-1).
  Queue: 1(1) 2(2) 4(3) 5(0) 6(-1) 

At the end of time unit 6...
  Core  0: 0003355
  Core  1: -111111
  Core  2: --22222
  Core  3: ----444

  Queue: 1(1) 2(2) 4(3) 5(0) 6(-1) 

=== [TIME 7] ===
Job 2, running on core 2, finished. Core 2 is now running job 6.
  Queue: 1(1) 4(3) 5(0) 6(2) 

A new job, job 7 (running time=3, priority=4), arrived. Job 7 is set to idle (-1).
  Queue: 1(1) 4(3) 5(0) 6(2) 7(-1) 

At the end of time unit 7...
  Core  0: 00033555
  Core  1: -1111111
  Core  2: --222226
  Core  3: ----4444

  Queue: 1(1) 4(3) 5(0) 6(2) 7(-1) 

=== [TIME 8] ===
Job 4, running on core 3, finished. Core 3 is now running job 7.
  Queue: 1(1) 5(0) 6(2) 7(3) 

A new job, job 8 (running time=15, priority=1), arrived. Job 8 is set to idle (-1).
  Queue: 1(1) 5(0) 6(2) 7(3) 8(-1) 

At the end of time unit 8...
  Core  0: 000335555
  Core  1: -11111111
  Core  2: --2222266
  Core  3: ----44447

  Queue: 1(1) 5(0) 6(2) 7(3) 8(-1) 

=== [TIME 9] ===
A new job, job 9 (running time=9, priority=4), arrived. Job 9 is set to idle (-1).
  Queue: 1(1) 5(0) 6(2) 7(3) 8(-1) 9(-1) 

At the end of time unit 9...
  Core  0: 0003355555
  Core  1: -111111111
  Core  2: --22222666
  Core  3: ----444477

  Queue: 1(1) 5(0) 6(2) 7(3) 8(-1) 9(-1) 

=== [TIME 10] ===
A new job, job 10 (running time=12, priority=2), arrived. Job 10 is set to idle (-1).
  Queue: 1(1) 5(0) 6(2) 7(3) 8(-1) 9(-1) 10(-1) 

At the end of time unit 10...
  Core  0: 00033555555
  Core  1: -1111111111
  Core  2: --222226666
  Core  3: ----4444777

  Queue: 1(1) 5(0) 6(2) 7(3) 8(-1) 9(-1) 10(-1) 

=== [TIME 11] ===
Job 7, running on core 3, finished. Core 3 is now running job 8.
  Queue: 1(1) 5(0) 6(2) 8(3) 9(-1) 10(-1) 

A new job, job 11 (running time=9, priority=3), arrived. Job 11 is set to idle (-1).
  Queue: 1(1) 5(0) 6(2) 8(3) 9(-1) 10(-1) 11(-1) 

At the end of time unit 11...
  Core  0: 000335555555
  Core  1: -11111111111
  Core  2: --2222266666
  Core  3: ----44447778

  Queue: 1(1) 5(0) 6(2) 8(3) 9(-1) 10(-1) 11(-1) 

=== [TIME 12] ===
A new job, job 12 (running time=14, priority=2), arrived. Job 12 is set to idle (-1).
  Queue: 1(1) 5(0) 6(2) 8(3) 9(-1) 10(-1) 11(-1) 12(-1) 

At the end of time unit 12...
  Core  0: 0003355555555
  Core  1: -111111111111
  Core  2: --22222666666
  Core  3: ----444477788

  Queue: 1(1) 5(0) 6(2) 8(3) 9(-1) 10(-1) 11(-1) 12(-1) 

=== [TIME 13] ===
Job 5, running on core 0, finished. Core 0 is now running job 9.
  Queue: 1(1) 6(2) 8(3) 9(0) 10(-1) 11(-1) 12(-1) 

A new job, job 13 (running time=2, priority=5), arrived. Job 13 is set to idle (-1).
  Queue: 1(1) 6(2) 8(3) 9(0) 10(-1) 11(-1) 12(-1) 13(-1) 

At the end of time unit 13...
  Core  0: 00033555555559
  Core  1: -1111111111111
  Core  2: --222226666666
  Core  3: ----4444777888

  Queue: 1(1) 6(2) 8(3) 9(0) 10(-1) 11(-1) 12(-1) 13(-1) 

=== [TIME 14] ===
A new job, job 14 (running time=7, priority=3), arrived. Job 14 is set to idle (-1).
  Queue: 1(1) 6(2) 8(3) 9(0) 10(-1) 11(-1) 12(-1) 13(-1) 14(-1) 

At the end of time unit 14...
  Core  0: 000335555555599
  Core  1: -11111111111111
  Core  2: --2222266666666
  Core  3: ----44447778888

  Queue: 1(1) 6(2) 8(3) 9(0) 10(-1) 11(-1) 12(-1) 13(-1) 14(-1) 

=== [TIME 15] ===
A new job, job 15 (running time=12, priority=2), arrived. Job 15 is set to idle (-1).
  Queue: 1(1) 6(2) 8(3) 9(0) 10(-1) 11(-1) 12(-1) 13(-1) 14(-1) 15(-1) 

At the end of time unit 15...
  Core  0: 0003355555555999
  Core  1: -111111111111111
  Core  2: --22222666666666
  Core  3: ----444477788888

  Queue: 1(1) 6(2) 8(3) 9(0) 10(-1) 11(-1) 12(-1) 13(-1) 14(-1) 15(-1) 

=== [TIME 16] ===
A new job, job 16 (running time=15, priority=1), arrived. Job 16 is set to idle (-1).
  Queue: 1(1) 6(2) 8(3) 9(0) 10(-1) 11(-1) 12(-1) 13(-1) 14(-1) 15(-1) 16(-1) 

At the end of time unit 16...
  Core  0: 00033555555559999
  Core  1: -1111111111111111
  Core  2: --222226666666666
  Core  3: ----4444777888888

  Queue: 1(1) 6(2) 8(3) 9(0) 10(-1) 11(-1) 12(-1) 13(-1) 14(-1) 15(-1) 16(-1) 

=== [TIME 17] ===
A new job, job 17 (running time=9, priority=4), arrived. Job 17 is set to idle (-1).
  Queue: 1(1) 6(2) 8(3) 9(0) 10(-1) 11(-1) 12(-1) 13(-1) 14(-1) 15(-1) 16(-1) 17(-1) 

At the end of time unit 17...
  Core  0: 000335555555599999
  Core  1: -11111111111111111
  Core  2: --2222266666666666
  Core  3: ----44447778888888

  Queue: 1(1) 6(2) 8(3) 9(0) 10(-1) 11(-1) 12(-1) 13(-1) 14(-1) 15(-1) 16(-1) 17(-1) 

=== [TIME 18] ===
Job 6, running on core 2, finished. Core 2 is now running job 10.
  Queue: 1(1) 8(3) 9(0) 10(2) 11(-1) 12(-1) 13(-1) 14(-1) 15(-1) 16(-1) 17(-1) 

At the end of time unit 18...
  Core  0: 0003355555555999999
  Core  1: -111111111111111111
  Core  2: --2222266666666666a
  Core  3: ----444477788888888

  Queue: 1(1) 8(3) 9(0) 10(2) 11(-1) 12(-1) 13(-1) 14(-1) 15(-1) 16(-1) 17(-1) 

=== [TIME 19] ===
At the end of time unit 19...
  Core  0: 00033555555559999999
  Core  1: -1111111111111111111
  Core  2: --2222266666666666aa
  Core  3: ----4444777888888888

  Queue: 1(1) 8(3) 9(0) 10(2) 11(-1) 12(-1) 13(-1) 14(-1) 15(-1) 16(-1) 17(-1) 

=== [TIME 20] ===
At the end of time unit 20...
  Core  0: 000335555555599999999
  Core  1: -11111111111111111111
  Core  2: --2222266666666666aaa
  Core  3: ----44447778888888888

  Queue: 1(1) 8(3) 9(0) 10(2) 11(-1) 12(-1) 13(-1) 14(-1) 15(-1) 16(-1) 17(-1) 

=== [TIME 21] ===
Job 1, running on core 1, finished. Core 1 is now running job 11.
  Queue: 8(3) 9(0) 10(2) 11(1) 12(-1) 13(-1) 14(-1) 15(-1) 16(-1) 17(-1) 

At the end of time unit 21...
  Core  0: 0003355555555999999999
  Core  1: -11111111111111111111b
  Core  2: --2222266666666666aaaa
  Core  3: ----444477788888888888

  Queue: 8(3) 9(0) 10(2) 11(1) 12(-1) 13(-1) 14(-1) 15(-1) 16(-1) 17(-1) 

=== [TIME 22] ===
Job 9, running on core 0, finished. Core 0 is now running job 12.
  Queue: 8(3) 10(2) 11(1) 12(0) 13(-1) 14(-1) 15(-1) 16(-1) 17(-1) 

At the end of time unit 22...
  Core  0: 0003355555555999999999c
  Core  1: -11111111111111111111bb
  Core  2: --2222266666666666aaaaa
  Core  3: ----4444777888888888888

  Queue: 8(3) 10(2) 11(1) 12(0) 13(-1) 14(-1) 15(-1) 16(-1) 17(-1) 

=== [TIME 23] ===
At the end of time unit 23...
  Core  0: 0003355555555999999999cc
  Core  1: -11111111111111111111bbb
  Core  2: --2222266666666666aaaaaa
  Core  3: ----44447778888888888888

  Queue: 8(3) 10(2) 11(1) 12(0) 13(-1) 14(-1) 15(-1) 16(-1) 17(-1) 

=== [TIME 24] ===
At the end of time unit 24...
  Core  0: 0003355555555999999999ccc
  Core  1: -11111111111111111111bbbb
  Core  2: --2222266666666666aaaaaaa
  Core  3: ----444477788888888888888

  Queue: 8(3) 10(2) 11(1) 12(0) 13(-1) 14(-1) 15(-1) 16(-1) 17(-1) 

=== [TIME 25] ===
At the end of time unit 25...
  Core  0: 0003355555555999999999cccc
  Core  1: -11111111111111111111bbbbb
  Core  2: --2222266666666666aaaaaaaa
  Core  3: ----4444777888888888888888

  Queue: 8(3) 10(2) 11(1) 12(0) 13(-1) 14(-1) 15(-1) 16(-1) 17(-1) 

=== [TIME 26] ===
Job 8, running on core 3, finished. Core 3 is now running job 13.
  Queue: 10(2) 11(1) 12(0) 13(3) 14(-1) 15(-1) 16(-1) 17(-1) 

At the end of time unit 26...
  Core  0: 0003355555555999999999ccccc
  Core  1: -11111111111111111111bbbbbb
  Core  2: --2222266666666666aaaaaaaaa
  Core  3: ----4444777888888888888888d

  Queue: 10(2) 11(1) 12(0) 13(3) 14(-1) 15(-1) 16(-1) 17(-1) 

=== [TIME 27] ===
At the end of time unit 27...
  Core  0: 0003355555555999999999cccccc
  Core  1: -11111111111111111111bbbbbbb
  Core  2: --2222266666666666aaaaaaaaaa
  Core  3: ----4444777888888888888888dd

  Queue: 10(2) 11(1) 12(0) 13(3) 14(-1) 15(-1) 16(-1) 17(-1) 

=== [TIME 28] ===
Job 13, running on core 3, finished. Core 3 is now running job 14.
  Queue: 10(2) 11(1) 12(0) 14(3) 15(-1) 16(-1) 17(-1) 

At the end of time unit 28...
  Core  0: 0003355555555999999999ccccccc
  Core  1: -11111111111111111111bbbbbbbb
  Core  2: --2222266666666666aaaaaaaaaaa
  Core  3: ----4444777888888888888888dde

  Queue: 10(2) 11(1) 12(0) 14(3) 15(-1) 16(-1) 17(-1) 

=== [TIME 29] ===
At the end of time unit 29...
  Core  0: 0003355555555999999999cccccccc
  Core  1: -11111111111111111111bbbbbbbbb
  Core  2: --2222266666666666aaaaaaaaaaaa
  Core  3: ----4444777888888888888888ddee

  Queue: 10(2) 11(1) 12(0) 14(3) 15(-1) 16(-1) 17(-1) 

=== [TIME 30] ===
Job 10, running on core 2, finished. Core 2 is now running job 15.
  Queue: 11(1) 12(0) 14(3) 15(2) 16(-1) 17(-1) 

Job 11, running on core 1, finished. Core 1 is now running job 16.
  Queue: 12(0) 14(3) 15(2) 16(1) 17(-1) 

At the end of time unit 30...
  Core  0: 0003355555555999999999ccccccccc
  Core  1: -11111111111111111111bbbbbbbbbg
  Core  2: --2222266666666666aaaaaaaaaaaaf
  Core  3: ----4444777888888888888888ddeee

  Queue: 12(0) 14(3) 15(2) 16(1) 17(-1) 

=== [TIME 31] ===
At the end of time unit 31...
  Core  0: 0003355555555999999999cccccccccc
  Core  1: -11111111111111111111bbbbbbbbbgg
  Core  2: --2222266666666666aaaaaaaaaaaaff
  Core  3: ----4444777888888888888888ddeeee

  Queue: 12(0) 14(3) 15(2) 16(1) 17(-1) 

=== [TIME 32] ===
At the end of time unit 32...
  Core  0: 0003355555555999999999ccccccccccc
  Core  1: -11111111111111111111bbbbbbbbbggg
  Core  2: --2222266666666666aaaaaaaaaaaafff
  Core  3: ----4444777888888888888888ddeeeee

  Queue: 12(0) 14(3) 15(2) 16(1) 17(-1) 

=== [TIME 33] ===
At the end of time unit 33...
  Core  0: 0003355555555999999999cccccccccccc
  Core  1: -11111111111111111111bbbbbbbbbgggg
  Core  2: --2222266666666666aaaaaaaaaaaaffff
  Core  3: ----4444777888888888888888ddeeeeee

  Queue: 12(0) 14(3) 15(2) 16(1) 17(-1) 

=== [TIME 34] ===
At the end of time unit 34...
  Core  0: 0003355555555999999999ccccccccccccc
  Core  1: -11111111111111111111bbbbbbbbbggggg
  Core  2: --2222266666666666aaaaaaaaaaaafffff
  Core  3: ----4444777888888888888888ddeeeeeee

  Queue: 12(0) 14(3) 15(2) 16(1) 17(-1) 

=== [TIME 35] ===
Job 14, running on core 3, finished. Core 3 is now running job 17.
  Queue: 12(0) 15(2) 16(1) 17(3) 

At the end of time unit 35...
  Core  0: 0003355555555999999999cccccccccccccc
  Core  1: -11111111111111111111bbbbbbbbbgggggg
  Core  2: --2222266666666666aaaaaaaaaaaaffffff
  Core  3: ----4444777888888888888888ddeeeeeeeh

  Queue: 12(0) 15(2) 16(1) 17(3) 

=== [TIME 36] ===
Job 12, running on core 0, finished. Core 0 is now running job -1.
  Queue: 15(2) 16(1) 17(3) 

At the end of time unit 36...
  Core  0: 0003355555555999999999cccccccccccccc-
  Core  1: -11111111111111111111bbbbbbbbbggggggg
  Core  2: --2222266666666666aaaaaaaaaaaafffffff
  Core  3: ----4444777888888888888888ddeeeeeeehh

  Queue: 15(2) 16(1) 17(3) 

=== [TIME 37] ===
At the end of time unit 37...
  Core  0: 0003355555555999999999cccccccccccccc--
  Core  1: -11111111111111111111bbbbbbbbbgggggggg
  Core  2: --2222266666666666aaaaaaaaaaaaffffffff
  Core  3: ----4444777888888888888888ddeeeeeeehhh

  Queue: 15(2) 16(1) 17(3) 

=== [TIME 38] ===
At the end of time unit 38...
  Core  0: 0003355555555999999999cccccccccccccc---
  Core  1: -11111111111111111111bbbbbbbbbggggggggg
  Core  2: --2222266666666666aaaaaaaaaaaafffffffff
  Core  3: ----4444777888888888888888ddeeeeeeehhhh

  Queue: 15(2) 16(1) 17(3) 

=== [TIME 39] ===
At the end of time unit 39...
  Core  0: 0003355555555999999999cccccccccccccc----
  Core  1: -11111111111111111111bbbbbbbbbgggggggggg
  Core  2: --2222266666666666aaaaaaaaaaaaffffffffff
  Core  3: ----4444777888888888888888ddeeeeeeehhhhh

  Queue: 15(2) 16(1) 17(3) 

=== [TIME 40] ===
At the end of time unit 40...
  Core  0: 0003355555555999999999cccccccccccccc-----
  Core  1: -11111111111111111111bbbbbbbbbggggggggggg
  Core  2: --2222266666666666aaaaaaaaaaaafffffffffff
  Core  3: ----4444777888888888888888ddeeeeeeehhhhhh

  Queue: 15(2) 16(1) 17(3) 

=== [TIME 41] ===
At the end of time unit 41...
  Core  0: 0003355555555999999999cccccccccccccc------
  Core  1: -11111111111111111111bbbbbbbbbgggggggggggg
  Core  2: --2222266666666666aaaaaaaaaaaaffffffffffff
  Core  3: ----4444777888888888888888ddeeeeeeehhhhhhh

  Queue: 15(2) 16(1) 17(3) 

=== [TIME 42] ===
Job 15, running on core 2, finished. Core 2 is now running job -1.
  Queue: 16(1) 17(3) 

At the end of time unit 42...
  Core  0: 0003355555555999999999cccccccccccccc-------
  Core  1: -11111111111111111111bbbbbbbbbggggggggggggg
  Core  2: --2222266666666666aaaaaaaaaaaaffffffffffff-
  Core  3: ----4444777888888888888888ddeeeeeeehhhhhhhh

  Queue: 16(1) 17(3) 

=== [TIME 43] ===
At the end of time unit 43...
  Core  0: 0003355555555999999999cccccccccccccc--------
  Core  1: -11111111111111111111bbbbbbbbbgggggggggggggg
  Core  2: --2222266666666666aaaaaaaaaaaaffffffffffff--
  Core  3: ----4444777888888888888888ddeeeeeeehhhhhhhhh

  Queue: 16(1) 17(3) 

=== [TIME 44] ===
Job 17, running on core 3, finished. Core 3 is now running job -1.
  Queue: 16(1) 

At the end of time unit 44...
  Core  0: 0003355555555999999999cccccccccccccc---------
  Core  1: -11111111111111111111bbbbbbbbbggggggggggggggg
  Core  2: --2222266666666666aaaaaaaaaaaaffffffffffff---
  Core  3: ----4444777888888888888888ddeeeeeeehhhhhhhhh-

  Queue: 16(1) 

=== [TIME 45] ===
Job 16, running on core 1, finished. Core 1 is now running job -1.
  Queue: 

FINAL TIMING DIAGRAM:
  Core  0: 0003355555555999999999cccccccccccccc---------
  Core  1: -11111111111111111111bbbbbbbbbggggggggggggggg
  Core  2: --2222266666666666aaaaaaaaaaaaffffffffffff---
  Core  3: ----4444777888888888888888ddeeeeeeehhhhhhhhh-

Average Waiting Time: 6.17
Average Turnaround Time: 15.06
Average Response Time: 6.17
