Loaded 2 core(s) and 18 job(s) using Round Robin (RR) with a quantum of 1 scheduling...

=== [TIME 0] ===
A new job, job 0 (running time=3, priority=2), arrived. Job 0 is now running on core 0.
  Queue: 0(0) 

At the end of time unit 0...
  Core  0: 0
  Core  1: -

  Queue: 0(0) 

=== [TIME 1] ===
Job 0, running on core 0, had its quantum expire. Core 0 is now running job 0.
  Queue: 0(0) 

A new job, job 1 (running time=20, priority=3), arrived. Job 1 is now running on core 1.
  Queue: 0(0) 1(1) 

At the end of time unit 1...
  Core  0: 00
  Core  1: -1

  Queue: 0(0) 1(1) 

=== [TIME 2] ===
Job 0, running on core 0, had its quantum expire. Core 0 is now running job 0.
  Queue: 1(1) 0(0) 

Job 1, running on core 1, had its quantum expire. Core 1 is now running job 1.
  Queue: 0(0) 1(1) 

A new job, job 2 (running time=5, priority=1), arrived. Job 2 is set to idle (-1).
  Queue: 0(0) 1(1) 2(-1) 

At the end of time unit 2...
  Core  0: 000
  Core  1: -11

  Queue: 0(0) 1(1) 2(-1) 

=== [TIME 3] ===
Job 0, running on core 0, finished. Core 0 is now running job 2.
  Queue: 1(1) 2(0) 

Job 1, running on core 1, had its quantum expire. Core 1 is now running job 1.
  Queue: 2(0) 1(1) 

A new job, job 3 (running time=2, priority=4), arrived. Job 3 is set to idle (-1).
  Queue: 2(0) 1(1) 3(-1) 

At the end of time unit 3...
  Core  0: 0002
  Core  1: -111

  Queue: 2(0) 1(1) 3(-1) 

=== [TIME 4] ===
Job 2, running on core 0, had its quantum expire. Core 0 is now running job 3.
  Queue: 1(1) 3(0) 2(-1) 

Job 1, running on core 1, had its quantum expire. Core 1 is now running job 2.
  Queue: 3(0) 2(1) 1(-1) 

A new job, job 4 (running time=4, priority=5), arrived. Job 4 is set to idle (-1).
  Queue: 3(0) 2(1) 1(-1) 4(-1) 

At the end of time unit 4...
  Core  0: 00023
  Core  1: -1112

  Queue: 3(0) 2(1) 1(-1) 4(-1) 

=== [TIME 5] ===
Job 3, running on core 0, had its quantum expire. Core 0 is now running job 1.
  Queue: 2(1) 1(0) 4(-1) 3(-1) 

Job 2, running on core 1, had its quantum expire. Core 1 is now running job 4.
  Queue: 1(0) 4(1) 3(-1) 2(-1) 

A new job, job 5 (running time=8, priority=3), arrived. Job 5 is set to idle (-1).
  Queue: 1(0) 4(1) 3(-1) 2(-1) 5(-1) 

At the end of time unit 5...
  Core  0: 000231
  Core  1: -11124

  Queue: 1(0) 4(1) 3(-1) 2(-1) 5(-1) 

=== [TIME 6] ===
Job 1, running on core 0, had its quantum expire. Core 0 is now running job 3.
  Queue: 4(1) 3(0) 2(-1) 5(-1) 1(-1) 

Job 4, running on core 1, had its quantum expire. Core 1 is now running job 2.
  Queue: 3(0) 2(1) 5(-1) 1(-1) 4(-1) 

A new job, job 6 (running time=11, priority=2), arrived. Job 6 is set to idle (-1).
  Queue: 3(0) 2(1) 5(-1) 1(-1) 4(-1) 6(-1) 

At the end of time unit 6...
  Core  0: 0002313
  Core  1: -111242

  Queue: 3(0) 2(1) 5(-1) 1(-1) 4(-1) 6(-1) 

=== [TIME 7] ===
Job 3, running on core 0, finished. Core 0 is now running job 5.
  Queue: 2(1) 5(0) 1(-1) 4(-1) 6(-1) 

Job 2, running on core 1, had its quantum expire. Core 1 is now running job 1.
  Queue: 5(0) 1(1) 4(-1) 6(-1) 2(-1) 

A new job, job 7 (running time=3, priority=4), arrived. Job 7 is set to idle (-1).
  Queue: 5(0) 1(1) 4(-1) 6(-1) 2(-1) 7(-1) 

At the end of time unit 7...
  Core  0: 00023135
  Core  1: -1112421

  Queue: 5(0) 1(1) 4(-1) 6(-1) 2(-1) 7(-1) 

=== [TIME 8] ===
Job 5, running on core 0, had its quantum expire. Core 0 is now running job 4.
  Queue: 1(1) 4(0) 6(-1) 2(-1) 7(-1) 5(-1) 

Job 1, running on core 1, had its quantum expire. Core 1 is now running job 6.
  Queue: 4(0) 6(1) 2(-1) 7(-1) 5(-1) 1(-1) 

A new job, job 8 (running time=15, priority=1), arrived. Job 8 is set to idle (-1).
  Queue: 4(0) 6(1) 2(-1) 7(-1) 5(-1) 1(-1) 8(-1) 

At the end of time unit 8...
  Core  0: 000231354
  Core  1: -11124216

  Queue: 4(0) 6(1) 2(-1) 7(-1) 5(-1) 1(-1) 8(-1) 

=== [TIME 9] ===
Job 4, running on core 0, had its quantum expire. Core 0 is now running job 2.
  Queue: 6(1) 2(0) 7(-1) 5(-1) 1(-1) 8(-1) 4(-1) 

Job 6, running on core 1, had its quantum expire. Core 1 is now running job 7.
  Queue: 2(0) 7(1) 5(-1) 1(-1) 8(-1) 4(-1) 6(-1) 

A new job, job 9 (running time=9, priority=4), arrived. Job 9 is set to idle (-1).
  Queue: 2(0) 7(1) 5(-1) 1(-1) 8(-1) 4(-1) 6(-1) 9(-1) 

At the end of time unit 9...
  Core  0: 0002313542
  Core  1: -111242167

  Queue: 2(0) 7(1) 5(-1) 1(-1) 8(-1) 4(-1) 6(-1) 9(-1) 

=== [TIME 10] ===
Job 2, running on core 0, had its quantum expire. Core 0 is now running job 5.
  Queue: 7(1) 5(0) 1(-1) 8(-1) 4(-1) 6(-1) 9(-1) 2(-1) 

Job 7, running on core 1, had its quantum expire. Core 1 is now running job 1.
  Queue: 5(0) 1(1) 8(-1) 4(-1) 6(-1) 9(-1) 2(-1) 7(-1) 

A new job, job 10 (running time=12, priority=2), arrived. Job 10 is set to idle (-1).
  Queue: 5(0) 1(1) 8(-1) 4(-1) 6(-1) 9(-1) 2(-1) 7(-1) 10(-1) 

At the end of time unit 10...
  Core  0: 00023135425
  Core  1: -1112421671

  Queue: 5(0) 1(1) 8(-1) 4(-1) 6(-1) 9(-1) 2(-1) 7(-1) 10(-1) 

=== [TIME 11] ===
Job 5, running on core 0, had its quantum expire. Core 0 is now running job 8.
  Queue: 1(1) 8(0) 4(-1) 6(-1) 9(-1) 2(-1) 7(-1) 10(-1) 5(-1) 

Job 1, running on core 1, had its quantum expire. Core 1 is now running job 4.
  Queue: 8(0) 4(1) 6(-1) 9(-1) 2(-1) 7(-1) 10(-1) 5(-1) 1(-1) 

A new job, job 11 (running time=9, priority=3), arrived. Job 11 is set to idle (-1).
  Queue: 8(0) 4(1) 6(-1) 9(-1) 2(-1) 7(-1) 10(-1) 5(-1) 1(-1) 11(-1) 

At the end of time unit 11...
  Core  0: 000231354258
  Core  1: -11124216714

  Queue: 8(0) 4(1) 6(-1) 9(-1) 2(-1) 7(-1) 10(-1) 5(-1) 1(-1) 11(-1) 

=== [TIME 12] ===
Job 8, running on core 0, had its quantum expire. Core 0 is now running job 6.
  Queue: 4(1) 6(0) 9(-1) 2(-1) 7(-1) 10(-1) 5(-1) 1(-1) 11(-1) 8(-1) 

Job 4, running on core 1, had its quantum expire. Core 1 is now running job 9.
  Queue: 6(0) 9(1) 2(-1) 7(-1) 10(-1) 5(-1) 1(-1) 11(-1) 8(-1) 4(-1) 

A new job, job 12 (running time=14, priority=2), arrived. Job 12 is set to idle (-1).
  Queue: 6(0) 9(1) 2(-1) 7(-1) 10(-1) 5(-1) 1(-1) 11(-1) 8(-1) 4(-1) 12(-1) 

At the end of time unit 12...
  Core  0: 0002313542586
  Core  1: -111242167149

  Queue: 6(0) 9(1) 2(-1) 7(-1) 10(-1) 5(-1) 1(-1) 11(-1) 8(-1) 4(-1) 12(-1) 

=== [TIME 13] ===
Job 6, running on core 0, had its quantum expire. Core 0 is now running job 2.
  Queue: 9(1) 2(0) 7(-1) 10(-1) 5(-1) 1(-1) 11(-1) 8(-1) 4(-1) 12(-1) 6(-1) 

Job 9, running on core 1, had its quantum expire. Core 1 is now running job 7.
  Queue: 2(0) 7(1) 10(-1) 5(-1) 1(-1) 11(-1) 8(-1) 4(-1) 12(-1) 6(-1) 9(-1) 

A new job, job 13 (running time=2, priority=5), arrived. Job 13 is set to idle (-1).
  Queue: 2(0) 7(1) 10(-1) 5(-1) 1(-1) 11(-1) 8(-1) 4(-1) 12(-1) 6(-1) 9(-1) 13(-1) 

At the end of time unit 13...
  Core  0: 00023135425862
  Core  1: -1112421671497

  Queue: 2(0) 7(1) 10(-1) 5(-1) 1(-1) 11(-1) 8(-1) 4(-1) 12(-1) 6(-1) 9(-1) 13(-1) 

=== [TIME 14] ===
Job 2, running on core 0, finished. Core 0 is now running job 10.
  Queue: 7(1) 10(0) 5(-1) 1(-1) 11(-1) 8(-1) 4(-1) 12(-1) 6(-1) 9(-1) 13(-1) 

Job 7, running on core 1, had its quantum expire. Core 1 is now running job 5.
  Queue: 10(0) 5(1) 1(-1) 11(-1) 8(-1) 4(-1) 12(-1) 6(-1) 9(-1) 13(-1) 7(-1) 

A new job, job 14 (running time=7, priority=3), arrived. Job 14 is set to idle (-1).
  Queue: 10(0) 5(1) 1(-1) 11(-1) 8(-1) 4(-1) 12(-1) 6(-1) 9(-1) 13(-1) 7(-1) 14(-1) 

At the end of time unit 14...
  Core  0: 00023135425862a
  Core  1: -11124216714975

  Queue: 10(0) 5(1) 1(-1) 11(-1) 8(-1) 4(-1) 12(-1) 6(-1) 9(-1) 13(-1) 7(-1) 14(-1) 

=== [TIME 15] ===
Job 10, running on core 0, had its quantum expire. Core 0 is now running job 1.
  Queue: 5(1) 1(0) 11(-1) 8(-1) 4(-1) 12(-1) 6(-1) 9(-1) 13(-1) 7(-1) 14(-1) 10(-1) 

Job 5, running on core 1, had its quantum expire. Core 1 is now running job 11.
  Queue: 1(0) 11(1) 8(-1) 4(-1) 12(-1) 6(-1) 9(-1) 13(-1) 7(-1) 14(-1) 10(-1) 5(-1) 

A new job, job 15 (running time=12, priority=2), arrived. Job 15 is set to idle (-1).
  Queue: 1(0) 11(1) 8(-1) 4(-1) 12(-1) 6(-1) 9(-1) 13(-1) 7(-1) 14(-1) 10(-1) 5(-1) 15(-1) 

At the end of time unit 15...
  Core  0: 00023135425862a1
  Core  1: -11124216714975b

  Queue: 1(0) 11(1) 8(-1) 4(-1) 12(-1) 6(-1) 9(-1) 13(-1) 7(-1) 14(-1) 10(-1) 5(-1) 15(-1) 

=== [TIME 16] ===
Job 1, running on core 0, had its quantum expire. Core 0 is now running job 8.
  Queue: 11(1) 8(0) 4(-1) 12(-1) 6(-1) 9(-1) 13(-1) 7(-1) 14(-1) 10(-1) 5(-1) 15(-1) 1(-1) 

Job 11, running on core 1, had its quantum expire. Core 1 is now running job 4.
  Queue: 8(0) 4(1) 12(-1) 6(-1) 9(-1) 13(-1) 7(-1) 14(-1) 10(-1) 5(-1) 15(-1) 1(-1) 11(-1) 

A new job, job 16 (running time=15, priority=1), arrived. Job 16 is set to idle (-1).
  Queue: 8(0) 4(1) 12(-1) 6(-1) 9(-1) 13(-1) 7(-1) 14(-1) 10(-1) 5(-1) 15(-1) 1(-1) 11(-1) 16(-1) 

At the end of time unit 16...
  Core  0: 00023135425862a18
  Core  1: -11124216714975b4

  Queue: 8(0) 4(1) 12(-1) 6(-1) 9(-1) 13(-1) 7(-1) 14(-1) 10(-1) 5(-1) 15(-1) 1(-1) 11(-1) 16(-1) 

=== [TIME 17] ===
Job 4, running on core 1, finished. Core 1 is now running job 12.
  Queue: 8(0) 12(1) 6(-1) 9(-1) 13(-1) 7(-1) 14(-1) 10(-1) 5(-1) 15(-1) 1(-1) 11(-1) 16(-1) 

Job 8, running on core 0, had its quantum expire. Core 0 is now running job 6.
  Queue: 12(1) 6(0) 9(-1) 13(-1) 7(-1) 14(-1) 10(-1) 5(-1) 15(-1) 1(-1) 11(-1) 16(-1) 8(-1) 

A new job, job 17 (running time=9, priority=4), arrived. Job 17 is set to idle (-1).
  Queue: 12(1) 6(0) 9(-1) 13(-1) 7(-1) 14(-1) 10(-1) 5(-1) 15(-1) 1(-1) 11(-1) 16(-1) 8(-1) 17(-1) 

At the end of time unit 17...
  Core  0: 00023135425862a186
  Core  1: -11124216714975b4c

  Queue: 12(1) 6(0) 9(-1) 13(-1) 7(-1) 14(-1) 10(-1) 5(-1) 15(-1) 1(-1) 11(-1) 16(-1) 8(-1) 17(-1) 

=== [TIME 18] ===
Job 6, running on core 0, had its quantum expire. Core 0 is now running job 9.
  Queue: 12(1) 9(0) 13(-1) 7(-1) 14(-1) 10(-1) 5(-1) 15(-1) 1(-1) 11(-1) 16(-1) 8(-1) 17(-1) 6(-1) 

Job 12, running on core 1, had its quantum expire. Core 1 is now running job 13.
  Queue: 9(0) 13(1) 7(-1) 14(-1) 10(-1) 5(-1) 15(-1) 1(-1) 11(-1) 16(-1) 8(-1) 17(-1) 6(-1) 12(-1) 

At the end of time unit 18...
  Core  0: 00023135425862a1869
  Core  1: -11124216714975b4cd

  Queue: 9(0) 13(1) 7(-1) 14(-1) 10(-1) 5(-1) 15(-1) 1(-1) 11(-1) 16(-1) 8(-1) 17(-1) 6(-1) 12(-1) 

=== [TIME 19] ===
Job 9, running on core 0, had its quantum expire. Core 0 is now running job 7.
  Queue: 13(1) 7(0) 14(-1) 10(-1) 5(-1) 15(-1) 1(-1) 11(-1) 16(-1) 8(-1) 17(-1) 6(-1) 12(-1) 9(-1) 

Job 13, running on core 1, had its quantum expire. Core 1 is now running job 14.
  Queue: 7(0) 14(1) 10(-1) 5(-1) 15(-1) 1(-1) 11(-1) 16(-1) 8(-1) 17(-1) 6(-1) 12(-1) 9(-1) 13(-1) 

At the end of time unit 19...
  Core  0: 00023135425862a18697
  Core  1: -11124216714975b4cde

  Queue: 7(0) 14(1) 10(-1) 5(-1) 15(-1) 1(-1) 11(-1) 16(-1) 8(-1) 17(-1) 6(-1) 12(-1) 9(-1) 13(-1) 

=== [TIME 20] ===
Job 7, running on core 0, finished. Core 0 is now running job 10.
  Queue: 14(1) 10(0) 5(-1) 15(-1) 1(-1) 11(-1) 16(-1) 8(-1) 17(-1) 6(-1) 12(-1) 9(-1) 13(-1) 

Job 14, running on core 1, had its quantum expire. Core 1 is now running job 5.
  Queue: 10(0) 5(1) 15(-1) 1(-1) 11(-1) 16(-1) 8(-1) 17(-1) 6(-1) 12(-1) 9(-1) 13(-1) 14(-1) 

At the end of time unit 20...
  Core  0: 00023135425862a18697a
  Core  1: -11124216714975b4cde5

  Queue: 10(0) 5(1) 15(-1) 1(-1) 11(-1) 16(-1) 8(-1) 17(-1) 6(-1) 12(-1) 9(-1) 13(-1) 14(-1) 

=== [TIME 21] ===
Job 10, running on core 0, had its quantum expire. Core 0 is now running job 15.
  Queue: 5(1) 15(0) 1(-1) 11(-1) 16(-1) 8(-1) 17(-1) 6(-1) 12(-1) 9(-1) 13(-1) 14(-1) 10(-1) 

Job 5, running on core 1, had its quantum expire. Core 1 is now running job 1.
  Queue: 15(0) 1(1) 11(-1) 16(-1) 8(-1) 17(-1) 6(-1) 12(-1) 9(-1) 13(-1) 14(-1) 10(-1) 5(-1) 

At the end of time unit 21...
  Core  0: 00023135425862a18697af
  Core  1: -11124216714975b4cde51

  Queue: 15(0) 1(1) 11(-1) 16(-1) 8(-1) 17(-1) 6(-1) 12(-1) 9(-1) 13(-1) 14(-1) 10(-1) 5(-1) 

=== [TIME 22] ===
Job 15, running on core 0, had its quantum expire. Core 0 is now running job 11.
  Queue: 1(1) 11(0) 16(-1) 8(-1) 17(-1) 6(-1) 12(-1) 9(-1) 13(-1) 14(-1) 10(-1) 5(-1) 15(-1) 

Job 1, running on core 1, had its quantum expire. Core 1 is now running job 16.
  Queue: 11(0) 16(1) 8(-1) 17(-1) 6(-1) 12(-1) 9(-1) 13(-1) 14(-1) 10(-1) 5(-1) 15(-1) 1(-1) 

At the end of time unit 22...
  Core  0: 00023135425862a18697afb
  Core  1: -11124216714975b4cde51g

  Queue: 11(0) 16(1) 8(-1) 17(-1) 6(-1) 12(-1) 9(-1) 13(-1) 14(-1) 10(-1) 5(-1) 15(-1) 1(-1) 

=== [TIME 23] ===
Job 11, running on core 0, had its quantum expire. Core 0 is now running job 8.
  Queue: 16(1) 8(0) 17(-1) 6(-1) 12(-1) 9(-1) 13(-1) 14(-1) 10(-1) 5(-1) 15(-1) 1(-1) 11(-1) 

Job 16, running on core 1, had its quantum expire. Core 1 is now running job 17.
  Queue: 8(0) 17(1) 6(-1) 12(-1) 9(-1) 13(-1) 14(-1) 10(-1) 5(-1) 15(-1) 1(-1) 11(-1) 16(-1) 

At the end of time unit 23...
  Core  0: 00023135425862a18697afb8
  Core  1: -11124216714975b4cde51gh

  Queue: 8(0) 17(1) 6(-1) 12(-1) 9(-1) 13(-1) 14(-1) 10(-1) 5(-1) 15(-1) 1(-1) 11(-1) 16(-1) 

=== [TIME 24] ===
Job 8, running on core 0, had its quantum expire. Core 0 is now running job 6.
  Queue: 17(1) 6(0) 12(-1) 9(-1) 13(-1) 14(-1) 10(-1) 5(-1) 15(-1) 1(-1) 11(-1) 16(-1) 8(-1) 

Job 17, running on core 1, had its quantum expire. Core 1 is now running job 12.
  Queue: 6(0) 12(1) 9(-1) 13(-1) 14(-1) 10(-1) 5(-1) 15(-1) 1(-1) 11(-1) 16(-1) 8(-1) 17(-1) 

At the end of time unit 24...
  Core  0: 00023135425862a18697afb86
  Core  1: -11124216714975b4cde51ghc

  Queue: 6(0) 12(1) 9(-1) 13(-1) 14(-1) 10(-1) 5(-1) 15(-1) 1(-1) 11(-1) 16(-1) 8(-1) 17(-1) 

=== [TIME 25] ===
Job 6, running on core 0, had its quantum expire. Core 0 is now running job 9.
  Queue: 12(1) 9(0) 13(-1) 14(-1) 10(-1) 5(-1) 15(-1) 1(-1) 11(-1) 16(-1) 8(-1) 17(-1) 6(-1) 

Job 12, running on core 1, had its quantum expire. Core 1 is now running job 13.
  Queue: 9(0) 13(1) 14(-1) 10(-1) 5(-1) 15(-1) 1(-1) 11(-1) 16(-1) 8(-1) 17(-1) 6(-1) 12(-1) 

At the end of time unit 25...
  Core  0: 00023135425862a18697afb869
  Core  1: -11124216714975b4cde51ghcd

  Queue: 9(0) 13(1) 14(-1) 10(-1) 5(-1) 15(-1) 1(-1) 11(-1) 16(-1) 8(-1) 17(-1) 6(-1) 12(-1) 

=== [TIME 26] ===
Job 13, running on core 1, finished. Core 1 is now running job 14.
  Queue: 9(0) 14(1) 10(-1) 5(-1) 15(-1) 1(-1) 11(-1) 16(-1) 8(-1) 17(-1) 6(-1) 12(-1) 

Job 9, running on core 0, had its quantum expire. Core 0 is now running job 10.
  Queue: 14(1) 10(0) 5(-1) 15(-1) 1(-1) 11(-1) 16(-1) 8(-1) 17(-1) 6(-1) 12(-1) 9(-1) 

At the end of time unit 26...
  Core  0: 00023135425862a18697afb869a
  Core  1: -11124216714975b4cde51ghcde

  Queue: 14(1) 10(0) 5(-1) 15(-1) 1(-1) 11(-1) 16(-1) 8(-1) 17(-1) 6(-1) 12(-1) 9(-1) 

=== [TIME 27] ===
Job 10, running on core 0, had its quantum expire. Core 0 is now running job 5.
  Queue: 14(1) 5(0) 15(-1) 1(-1) 11(-1) 16(-1) 8(-1) 17(-1) 6(-1) 12(-1) 9(-1) 10(-1) 

Job 14, running on core 1, had its quantum expire. Core 1 is now running job 15.
  Queue: 5(0) 15(1) 1(-1) 11(-1) 16(-1) 8(-1) 17(-1) 6(-1) 12(-1) 9(-1) 10(-1) 14(-1) 

At the end of time unit 27...
  Core  0: 00023135425862a18697afb869a5
  Core  1: -11124216714975b4cde51ghcdef

  Queue: 5(0) 15(1) 1(-1) 11(-1) 16(-1) 8(-1) 17(-1) 6(-1) 12(-1) 9(-1) 10(-1) 14(-1) 

=== [TIME 28] ===
Job 5, running on core 0, had its quantum expire. Core 0 is now running job 1.
  Queue: 15(1) 1(0) 11(-1) 16(-1) 8(-1) 17(-1) 6(-1) 12(-1) 9(-1) 10(-1) 14(-1) 5(-1) 

Job 15, running on core 1, had its quantum expire. Core 1 is now running job 11.
  Queue: 1(0) 11(1) 16(-1) 8(-1) 17(-1) 6(-1) 12(-1) 9(-1) 10(-1) 14(-1) 5(-1) 15(-1) 

At the end of time unit 28...
  Core  0: 00023135425862a18697afb869a51
  Core  1: -11124216714975b4cde51ghcdefb

  Queue: 1(0) 11(1) 16(-1) 8(-1) 17(-1) 6(-1) 12(-1) 9(-1) 10(-1) 14(-1) 5(-1) 15(-1) 

=== [TIME 29] ===
Job 1, running on core 0, had its quantum expire. Core 0 is now running job 16.
  Queue: 11(1) 16(0) 8(-1) 17(-1) 6(-1) 12(-1) 9(-1) 10(-1) 14(-1) 5(-1) 15(-1) 1(-1) 

Job 11, running on core 1, had its quantum expire. Core 1 is now running job 8.
  Queue: 16(0) 8(1) 17(-1) 6(-1) 12(-1) 9(-1) 10(-1) 14(-1) 5(-1) 15(-1) 1(-1) 11(-1) 

At the end of time unit 29...
  Core  0: 00023135425862a18697afb869a51g
  Core  1: -11124216714975b4cde51ghcdefb8

  Queue: 16(0) 8(1) 17(-1) 6(-1) 12(-1) 9(-1) 10(-1) 14(-1) 5(-1) 15(-1) 1(-1) 11(-1) 

=== [TIME 30] ===
Job 16, running on core 0, had its quantum expire. Core 0 is now running job 17.
  Queue: 8(1) 17(0) 6(-1) 12(-1) 9(-1) 10(-1) 14(-1) 5(-1) 15(-1) 1(-1) 11(-1) 16(-1) 

Job 8, running on core 1, had its quantum expire. Core 1 is now running job 6.
  Queue: 17(0) 6(1) 12(-1) 9(-1) 10(-1) 14(-1) 5(-1) 15(-1) 1(-1) 11(-1) 16(-1) 8(-1) 

At the end of time unit 30...
  Core  0: 00023135425862a18697afb869a51gh
  Core  1: -11124216714975b4cde51ghcdefb86

  Queue: 17(0) 6(1) 12(-1) 9(-1) 10(-1) 14(-1) 5(-1) 15(-1) 1(-1) 11(-1) 16(-1) 8(-1) 

=== [TIME 31] ===
Job 17, running on core 0, had its quantum expire. Core 0 is now running job 12.
  Queue: 6(1) 12(0) 9(-1) 10(-1) 14(-1) 5(-1) 15(-1) 1(-1) 11(-1) 16(-1) 8(-1) 17(-1) 

Job 6, running on core 1, had its quantum expire. Core 1 is now running job 9.
  Queue: 12(0) 9(1) 10(-1) 14(-1) 5(-1) 15(-1) 1(-1) 11(-1) 16(-1) 8(-1) 17(-1) 6(-1) 

At the end of time unit 31...
  Core  0: 00023135425862a18697afb869a51ghc
  Core  1: -11124216714975b4cde51ghcdefb869

  Queue: 12(0) 9(1) 10(-1) 14(-1) 5(-1) 15(-1) 1(-1) 11(-1) 16(-1) 8(-1) 17(-1) 6(-1) 

=== [TIME 32] ===
Job 12, running on core 0, had its quantum expire. Core 0 is now running job 10.
  Queue: 9(1) 10(0) 14(-1) 5(-1) 15(-1) 1(-1) 11(-1) 16(-1) 8(-1) 17(-1) 6(-1) 12(-1) 

Job 9, running on core 1, had its quantum expire. Core 1 is now running job 14.
  Queue: 10(0) 14(1) 5(-1) 15(-1) 1(-1) 11(-1) 16(-1) 8(-1) 17(-1) 6(-1) 12(-1) 9(-1) 

At the end of time unit 32...
  Core  0: 00023135425862a18697afb869a51ghca
  Core  1: -11124216714975b4cde51ghcdefb869e

  Queue: 10(0) 14(1) 5(-1) 15(-1) 1(-1) 11(-1) 16(-1) 8(-1) 17(-1) 6(-1) 12(-1) 9(-1) 

=== [TIME 33] ===
Job 10, running on core 0, had its quantum expire. Core 0 is now running job 5.
  Queue: 14(1) 5(0) 15(-1) 1(-1) 11(-1) 16(-1) 8(-1) 17(-1) 6(-1) 12(-1) 9(-1) 10(-1) 

Job 14, running on core 1, had its quantum expire. Core 1 is now running job 15.
  Queue: 5(0) 15(1) 1(-1) 11(-1) 16(-1) 8(-1) 17(-1) 6(-1) 12(-1) 9(-1) 10(-1) 14(-1) 

At the end of time unit 33...
  Core  0: 00023135425862a18697afb869a51ghca5
  Core  1: -11124216714975b4cde51ghcdefb869ef

  Queue: 5(0) 15(1) 1(-1) 11(-1) 16(-1) 8(-1) 17(-1) 6(-1) 12(-1) 9(-1) 10(-1) 14(-1) 

=== [TIME 34] ===
Job 5, running on core 0, had its quantum expire. Core 0 is now running job 1.
  Queue: 15(1) 1(0) 11(-1) 16(-1) 8(-1) 17(-1) 6(-1) 12(-1) 9(-1) 10(-1) 14(-1) 5(-1) 

Job 15, running on core 1, had its quantum expire. Core 1 is now running job 11.
  Queue: 1(0) 11(1) 16(-1) 8(-1) 17(-1) 6(-1) 12(-1) 9(-1) 10(-1) 14(-1) 5(-1) 15(-1) 

At the end of time unit 34...
  Core  0: 00023135425862a18697afb869a51ghca51
  Core  1: -11124216714975b4cde51ghcdefb869efb

  Queue: 1(0) 11(1) 16(-1) 8(-1) 17(-1) 6(-1) 12(-1) 9(-1) 10(-1) 14(-1) 5(-1) 15(-1) 

=== [TIME 35] ===
Job 1, running on core 0, had its quantum expire. Core 0 is now running job 16.
  Queue: 11(1) 16(0) 8(-1) 17(-1) 6(-1) 12(-1) 9(-1) 10(-1) 14(-1) 5(-1) 15(-1) 1(-1) 

Job 11, running on core 1, had its quantum expire. Core 1 is now running job 8.
  Queue: 16(0) 8(1) 17(-1) 6(-1) 12(-1) 9(-1) 10(-1) 14(-1) 5(-1) 15(-1) 1(-1) 11(-1) 

At the end of time unit 35...
  Core  0: 00023135425862a18697afb869a51ghca51g
  Core  1: -11124216714975b4cde51ghcdefb869efb8

  Queue: 16(0) 8(1) 17(-1) 6(-1) 12(-1) 9(-1) 10(-1) 14(-1) 5(-1) 15(-1) 1(-1) 11(-1) 

=== [TIME 36] ===
Job 16, running on core 0, had its quantum expire. Core 0 is now running job 17.
  Queue: 8(1) 17(0) 6(-1) 12(-1) 9(-1) 10(-1) 14(-1) 5(-1) 15(-1) 1(-1) 11(-1) 16(-1) 

Job 8, running on core 1, had its quantum expire. Core 1 is now running job 6.
  Queue: 17(0) 6(1) 12(-1) 9(-1) 10(-1) 14(-1) 5(-1) 15(-1) 1(-1) 11(-1) 16(-1) 8(-1) 

At the end of time unit 36...
  Core  0: 00023135425862a18697afb869a51ghca51gh
  Core  1: -11124216714975b4cde51ghcdefb869efb86

  Queue: 17(0) 6(1) 12(-1) 9(-1) 10(-1) 14(-1) 5(-1) 15(-1) 1(-1) 11(-1) 16(-1) 8(-1) 

=== [TIME 37] ===
Job 17, running on core 0, had its quantum expire. Core 0 is now running job 12.
  Queue: 6(1) 12(0) 9(-1) 10(-1) 14(-1) 5(-1) 15(-1) 1(-1) 11(-1) 16(-1) 8(-1) 17(-1) 

Job 6, running on core 1, had its quantum expire. Core 1 is now running job 9.
  Queue: 12(0) 9(1) 10(-1) 14(-1) 5(-1) 15(-1) 1(-1) 11(-1) 16(-1) 8(-1) 17(-1) 6(-1) 

At the end of time unit 37...
  Core  0: 00023135425862a18697afb869a51ghca51ghc
  Core  1: -11124216714975b4cde51ghcdefb869efb869

  Queue: 12(0) 9(1) 10(-1) 14(-1) 5(-1) 15(-1) 1(-1) 11(-1) 16(-1) 8(-1) 17(-1) 6(-1) 

=== [TIME 38] ===
Job 12, running on core 0, had its quantum expire. Core 0 is now running job 10.
  Queue: 9(1) 10(0) 14(-1) 5(-1) 15(-1) 1(-1) 11(-1) 16(-1) 8(-1) 17(-1) 6(-1) 12(-1) 

Job 9, running on core 1, had its quantum expire. Core 1 is now running job 14.
  Queue: 10(0) 14(1) 5(-1) 15(-1) 1(-1) 11(-1) 16(-1) 8(-1) 17(-1) 6(-1) 12(-1) 9(-1) 

At the end of time unit 38...
  Core  0: 00023135425862a18697afb869a51ghca51ghca
  Core  1: -11124216714975b4cde51ghcdefb869efb869e

  Queue: 10(0) 14(1) 5(-1) 15(-1) 1(-1) 11(-1) 16(-1) 8(-1) 17(-1) 6(-1) 12(-1) 9(-1) 

=== [TIME 39] ===
Job 10, running on core 0, had its quantum expire. Core 0 is now running job 5.
  Queue: 14(1) 5(0) 15(-1) 1(-1) 11(-1) 16(-1) 8(-1) 17(-1) 6(-1) 12(-1) 9(-1) 10(-1) 

Job 14, running on core 1, had its quantum expire. Core 1 is now running job 15.
  Queue: 5(0) 15(1) 1(-1) 11(-1) 16(-1) 8(-1) 17(-1) 6(-1) 12(-1) 9(-1) 10(-1) 14(-1) 

At the end of time unit 39...
  Core  0: 00023135425862a18697afb869a51ghca51ghca5
  Core  1: -11124216714975b4cde51ghcdefb869efb869ef

  Queue: 5(0) 15(1) 1(-1) 11(-1) 16(-1) 8(-1) 17(-1) 6(-1) 12(-1) 9(-1) 10(-1) 14(-1) 

=== [TIME 40] ===
Job 5, running on core 0, had its quantum expire. Core 0 is now running job 1.
  Queue: 15(1) 1(0) 11(-1) 16(-1) 8(-1) 17(-1) 6(-1) 12(-1) 9(-1) 10(-1) 14(-1) 5(-1) 

Job 15, running on core 1, had its quantum expire. Core 1 is now running job 11.
  Queue: 1(0) 11(1) 16(-1) 8(-1) 17(-1) 6(-1) 12(-1) 9(-1) 10(-1) 14(-1) 5(-1) 15(-1) 

At the end of time unit 40...
  Core  0: 00023135425862a18697afb869a51ghca51ghca51
  Core  1: -11124216714975b4cde51ghcdefb869efb869efb

  Queue: 1(0) 11(1) 16(-1) 8(-1) 17(-1) 6(-1) 12(-1) 9(-1) 10(-1) 14(-1) 5(-1) 15(-1) 

=== [TIME 41] ===
Job 1, running on core 0, had its quantum expire. Core 0 is now running job 16.
  Queue: 11(1) 16(0) 8(-1) 17(-1) 6(-1) 12(-1) 9(-1) 10(-1) 14(-1) 5(-1) 15(-1) 1(-1) 

Job 11, running on core 1, had its quantum expire. Core 1 is now running job 8.
  Queue: 16(0) 8(1) 17(-1) 6(-1) 12(-1) 9(-1) 10(-1) 14(-1) 5(-1) 15(-1) 1(-1) 11(-1) 

At the end of time unit 41...
  Core  0: 00023135425862a18697afb869a51ghca51ghca51g
  Core  1: -11124216714975b4cde51ghcdefb869efb869efb8

  Queue: 16(0) 8(1) 17(-1) 6(-1) 12(-1) 9(-1) 10(-1) 14(-1) 5(-1) 15(-1) 1(-1) 11(-1) 

=== [TIME 42] ===
Job 16, running on core 0, had its quantum expire. Core 0 is now running job 17.
  Queue: 8(1) 17(0) 6(-1) 12(-1) 9(-1) 10(-1) 14(-1) 5(-1) 15(-1) 1(-1) 11(-1) 16(-1) 

Job 8, running on core 1, had its quantum expire. Core 1 is now running job 6.
  Queue: 17(0) 6(1) 12(-1) 9(-1) 10(-1) 14(-1) 5(-1) 15(-1) 1(-1) 11(-1) 16(-1) 8(-1) 

At the end of time unit 42...
  Core  0: 00023135425862a18697afb869a51ghca51ghca51gh
  Core  1: -11124216714975b4cde51ghcdefb869efb869efb86

  Queue: 17(0) 6(1) 12(-1) 9(-1) 10(-1) 14(-1) 5(-1) 15(-1) 1(-1) 11(-1) 16(-1) 8(-1) 

=== [TIME 43] ===
Job 17, running on core 0, had its quantum expire. Core 0 is now running job 12.
  Queue: 6(1) 12(0) 9(-1) 10(-1) 14(-1) 5(-1) 15(-1) 1(-1) 11(-1) 16(-1) 8(-1) 17(-1) 

Job 6, running on core 1, had its quantum expire. Core 1 is now running job 9.
  Queue: 12(0) 9(1) 10(-1) 14(-1) 5(-1) 15(-1) 1(-1) 11(-1) 16(-1) 8(-1) 17(-1) 6(-1) 

At the end of time unit 43...
  Core  0: 00023135425862a18697afb869a51ghca51ghca51ghc
  Core  1: -11124216714975b4cde51ghcdefb869efb869efb869

  Queue: 12(0) 9(1) 10(-1) 14(-1) 5(-1) 15(-1) 1(-1) 11(-1) 16(-1) 8(-1) 17(-1) 6(-1) 

=== [TIME 44] ===
Job 12, running on core 0, had its quantum expire. Core 0 is now running job 10.
  Queue: 9(1) 10(0) 14(-1) 5(-1) 15(-1) 1(-1) 11(-1) 16(-1) 8(-1) 17(-1) 6(-1) 12(-1) 

Job 9, running on core 1, had its quantum expire. Core 1 is now running job 14.
  Queue: 10(0) 14(1) 5(-1) 15(-1) 1(-1) 11(-1) 16(-1) 8(-1) 17(-1) 6(-1) 12(-1) 9(-1) 

At the end of time unit 44...
  Core  0: 00023135425862a18697afb869a51ghca51ghca51ghca
  Core  1: -11124216714975b4cde51ghcdefb869efb869efb869e

  Queue: 10(0) 14(1) 5(-1) 15(-1) 1(-1) 11(-1) 16(-1) 8(-1) 17(-1) 6(-1) 12(-1) 9(-1) 

=== [TIME 45] ===
Job 10, running on core 0, had its quantum expire. Core 0 is now running job 5.
  Queue: 14(1) 5(0) 15(-1) 1(-1) 11(-1) 16(-1) 8(-1) 17(-1) 6(-1) 12(-1) 9(-1) 10(-1) 

Job 14, running on core 1, had its quantum expire. Core 1 is now running job 15.
  Queue: 5(0) 15(1) 1(-1) 11(-1) 16(-1) 8(-1) 17(-1) 6(-1) 12(-1) 9(-1) 10(-1) 14(-1) 

At the end of time unit 45...
  Core  0: 00023135425862a18697afb869a51ghca51ghca51ghca5
  Core  1: -11124216714975b4cde51ghcdefb869efb869efb869ef

  Queue: 5(0) 15(1) 1(-1) 11(-1) 16(-1) 8(-1) 17(-1) 6(-1) 12(-1) 9(-1) 10(-1) 14(-1) 

=== [TIME 46] ===
Job 5, running on core 0, finished. Core 0 is now running job 1.
  Queue: 15(1) 1(0) 11(-1) 16(-1) 8(-1) 17(-1) 6(-1) 12(-1) 9(-1) 10(-1) 14(-1) 

Job 15, running on core 1, had its quantum expire. Core 1 is now running job 11.
  Queue: 1(0) 11(1) 16(-1) 8(-1) 17(-1) 6(-1) 12(-1) 9(-1) 10(-1) 14(-1) 15(-1) 

At the end of time unit 46...
  Core  0: 00023135425862a18697afb869a51ghca51ghca51ghca51
  Core  1: -11124216714975b4cde51ghcdefb869efb869efb869efb

  Queue: 1(0) 11(1) 16(-1) 8(-1) 17(-1) 6(-1) 12(-1) 9(-1) 10(-1) 14(-1) 15(-1) 

=== [TIME 47] ===
Job 1, running on core 0, had its quantum expire. Core 0 is now running job 16.
  Queue: 11(1) 16(0) 8(-1) 17(-1) 6(-1) 12(-1) 9(-1) 10(-1) 14(-1) 15(-1) 1(-1) 

Job 11, running on core 1, had its quantum expire. Core 1 is now running job 8.
  Queue: 16(0) 8(1) 17(-1) 6(-1) 12(-1) 9(-1) 10(-1) 14(-1) 15(-1) 1(-1) 11(-1) 

At the end of time unit 47...
  Core  0: 00023135425862a18697afb869a51ghca51ghca51ghca51g
  Core  1: -11124216714975b4cde51ghcdefb869efb869efb869efb8

  Queue: 16(0) 8(1) 17(-1) 6(-1) 12(-1) 9(-1) 10(-1) 14(-1) 15(-1) 1(-1) 11(-1) 

=== [TIME 48] ===
Job 16, running on core 0, had its quantum expire. Core 0 is now running job 17.
  Queue: 8(1) 17(0) 6(-1) 12(-1) 9(-1) 10(-1) 14(-1) 15(-1) 1(-1) 11(-1) 16(-1) 

Job 8, running on core 1, had its quantum expire. Core 1 is now running job 6.
  Queue: 17(0) 6(1) 12(-1) 9(-1) 10(-1) 14(-1) 15(-1) 1(-1) 11(-1) 16(-1) 8(-1) 

At the end of time unit 48...
  Core  0: 00023135425862a18697afb869a51ghca51ghca51ghca51gh
  Core  1: -11124216714975b4cde51ghcdefb869efb869efb869efb86

  Queue: 17(0) 6(1) 12(-1) 9(-1) 10(-1) 14(-1) 15(-1) 1(-1) 11(-1) 16(-1) 8(-1) 

=== [TIME 49] ===
Job 17, running on core 0, had its quantum expire. Core 0 is now running job 12.
  Queue: 6(1) 12(0) 9(-1) 10(-1) 14(-1) 15(-1) 1(-1) 11(-1) 16(-1) 8(-1) 17(-1) 

Job 6, running on core 1, had its quantum expire. Core 1 is now running job 9.
  Queue: 12(0) 9(1) 10(-1) 14(-1) 15(-1) 1(-1) 11(-1) 16(-1) 8(-1) 17(-1) 6(-1) 

At the end of time unit 49...
  Core  0: 00023135425862a18697afb869a51ghca51ghca51ghca51ghc
  Core  1: -11124216714975b4cde51ghcdefb869efb869efb869efb869

  Queue: 12(0) 9(1) 10(-1) 14(-1) 15(-1) 1(-1) 11(-1) 16(-1) 8(-1) 17(-1) 6(-1) 

=== [TIME 50] ===
Job 12, running on core 0, had its quantum expire. Core 0 is now running job 10.
  Queue: 9(1) 10(0) 14(-1) 15(-1) 1(-1) 11(-1) 16(-1) 8(-1) 17(-1) 6(-1) 12(-1) 

Job 9, running on core 1, had its quantum expire. Core 1 is now running job 14.
  Queue: 10(0) 14(1) 15(-1) 1(-1) 11(-1) 16(-1) 8(-1) 17(-1) 6(-1) 12(-1) 9(-1) 

At the end of time unit 50...
  Core  0: 00023135425862a18697afb869a51ghca51ghca51ghca51ghca
  Core  1: -11124216714975b4cde51ghcdefb869efb869efb869efb869e

  Queue: 10(0) 14(1) 15(-1) 1(-1) 11(-1) 16(-1) 8(-1) 17(-1) 6(-1) 12(-1) 9(-1) 

=== [TIME 51] ===
Job 10, running on core 0, had its quantum expire. Core 0 is now running job 15.
  Queue: 14(1) 15(0) 1(-1) 11(-1) 16(-1) 8(-1) 17(-1) 6(-1) 12(-1) 9(-1) 10(-1) 

Job 14, running on core 1, had its quantum expire. Core 1 is now running job 1.
  Queue: 15(0) 1(1) 11(-1) 16(-1) 8(-1) 17(-1) 6(-1) 12(-1) 9(-1) 10(-1) 14(-1) 

At the end of time unit 51...
  Core  0: 00023135425862a18697afb869a51ghca51ghca51ghca51ghcaf
  Core  1: -11124216714975b4cde51ghcdefb869efb869efb869efb869e1

  Queue: 15(0) 1(1) 11(-1) 16(-1) 8(-1) 17(-1) 6(-1) 12(-1) 9(-1) 10(-1) 14(-1) 

=== [TIME 52] ===
Job 15, running on core 0, had its quantum expire. Core 0 is now running job 11.
  Queue: 1(1) 11(0) 16(-1) 8(-1) 17(-1) 6(-1) 12(-1) 9(-1) 10(-1) 14(-1) 15(-1) 

Job 1, running on core 1, had its quantum expire. Core 1 is now running job 16.
  Queue: 11(0) 16(1) 8(-1) 17(-1) 6(-1) 12(-1) 9(-1) 10(-1) 14(-1) 15(-1) 1(-1) 

At the end of time unit 52...
  Core  0: 00023135425862a18697afb869a51ghca51ghca51ghca51ghcafb
  Core  1: -11124216714975b4cde51ghcdefb869efb869efb869efb869e1g

  Queue: 11(0) 16(1) 8(-1) 17(-1) 6(-1) 12(-1) 9(-1) 10(-1) 14(-1) 15(-1) 1(-1) 

=== [TIME 53] ===
Job 11, running on core 0, had its quantum expire. Core 0 is now running job 8.
  Queue: 16(1) 8(0) 17(-1) 6(-1) 12(-1) 9(-1) 10(-1) 14(-1) 15(-1) 1(-1) 11(-1) 

Job 16, running on core 1, had its quantum expire. Core 1 is now running job 17.
  Queue: 8(0) 17(1) 6(-1) 12(-1) 9(-1) 10(-1) 14(-1) 15(-1) 1(-1) 11(-1) 16(-1) 

At the end of time unit 53...
  Core  0: 00023135425862a18697afb869a51ghca51ghca51ghca51ghcafb8
  Core  1: -11124216714975b4cde51ghcdefb869efb869efb869efb869e1gh

  Queue: 8(0) 17(1) 6(-1) 12(-1) 9(-1) 10(-1) 14(-1) 15(-1) 1(-1) 11(-1) 16(-1) 

=== [TIME 54] ===
Job 8, running on core 0, had its quantum expire. Core 0 is now running job 6.
  Queue: 17(1) 6(0) 12(-1) 9(-1) 10(-1) 14(-1) 15(-1) 1(-1) 11(-1) 16(-1) 8(-1) 

Job 17, running on core 1, had its quantum expire. Core 1 is now running job 12.
  Queue: 6(0) 12(1) 9(-1) 10(-1) 14(-1) 15(-1) 1(-1) 11(-1) 16(-1) 8(-1) 17(-1) 

At the end of time unit 54...
  Core  0: 00023135425862a18697afb869a51ghca51ghca51ghca51ghcafb86
  Core  1: -11124216714975b4cde51ghcdefb869efb869efb869efb869e1ghc

  Queue: 6(0) 12(1) 9(-1) 10(-1) 14(-1) 15(-1) 1(-1) 11(-1) 16(-1) 8(-1) 17(-1) 

=== [TIME 55] ===
Job 6, running on core 0, had its quantum expire. Core 0 is now running job 9.
  Queue: 12(1) 9(0) 10(-1) 14(-1) 15(-1) 1(-1) 11(-1) 16(-1) 8(-1) 17(-1) 6(-1) 

Job 12, running on core 1, had its quantum expire. Core 1 is now running job 10.
  Queue: 9(0) 10(1) 14(-1) 15(-1) 1(-1) 11(-1) 16(-1) 8(-1) 17(-1) 6(-1) 12(-1) 

At the end of time unit 55...
  Core  0: 00023135425862a18697afb869a51ghca51ghca51ghca51ghcafb869
  Core  1: -11124216714975b4cde51ghcdefb869efb869efb869efb869e1ghca

  Queue: 9(0) 10(1) 14(-1) 15(-1) 1(-1) 11(-1) 16(-1) 8(-1) 17(-1) 6(-1) 12(-1) 

=== [TIME 56] ===
Job 9, running on core 0, had its quantum expire. Core 0 is now running job 14.
  Queue: 10(1) 14(0) 15(-1) 1(-1) 11(-1) 16(-1) 8(-1) 17(-1) 6(-1) 12(-1) 9(-1) 

Job 10, running on core 1, had its quantum expire. Core 1 is now running job 15.
  Queue: 14(0) 15(1) 1(-1) 11(-1) 16(-1) 8(-1) 17(-1) 6(-1) 12(-1) 9(-1) 10(-1) 

At the end of time unit 56...
  Core  0: 00023135425862a18697afb869a51ghca51ghca51ghca51ghcafb869e
  Core  1: -11124216714975b4cde51ghcdefb869efb869efb869efb869e1ghcaf

  Queue: 14(0) 15(1) 1(-1) 11(-1) 16(-1) 8(-1) 17(-1) 6(-1) 12(-1) 9(-1) 10(-1) 

=== [TIME 57] ===
Job 14, running on core 0, finished. Core 0 is now running job 1.
  Queue: 15(1) 1(0) 11(-1) 16(-1) 8(-1) 17(-1) 6(-1) 12(-1) 9(-1) 10(-1) 

Job 15, running on core 1, had its quantum expire. Core 1 is now running job 11.
  Queue: 1(0) 11(1) 16(-1) 8(-1) 17(-1) 6(-1) 12(-1) 9(-1) 10(-1) 15(-1) 

At the end of time unit 57...
  Core  0: 00023135425862a18697afb869a51ghca51ghca51ghca51ghcafb869e1
  Core  1: -11124216714975b4cde51ghcdefb869efb869efb869efb869e1ghcafb

  Queue: 1(0) 11(1) 16(-1) 8(-1) 17(-1) 6(-1) 12(-1) 9(-1) 10(-1) 15(-1) 

=== [TIME 58] ===
Job 1, running on core 0, had its quantum expire. Core 0 is now running job 16.
  Queue: 11(1) 16(0) 8(-1) 17(-1) 6(-1) 12(-1) 9(-1) 10(-1) 15(-1) 1(-1) 

Job 11, running on core 1, had its quantum expire. Core 1 is now running job 8.
  Queue: 16(0) 8(1) 17(-1) 6(-1) 12(-1) 9(-1) 10(-1) 15(-1) 1(-1) 11(-1) 

At the end of time unit 58...
  Core  0: 00023135425862a18697afb869a51ghca51ghca51ghca51ghcafb869e1g
  Core  1: -11124216714975b4cde51ghcdefb869efb869efb869efb869e1ghcafb8

  Queue: 16(0) 8(1) 17(-1) 6(-1) 12(-1) 9(-1) 10(-1) 15(-1) 1(-1) 11(-1) 

=== [TIME 59] ===
Job 16, running on core 0, had its quantum expire. Core 0 is now running job 17.
  Queue: 8(1) 17(0) 6(-1) 12(-1) 9(-1) 10(-1) 15(-1) 1(-1) 11(-1) 16(-1) 

Job 8, running on core 1, had its quantum expire. Core 1 is now running job 6.
  Queue: 17(0) 6(1) 12(-1) 9(-1) 10(-1) 15(-1) 1(-1) 11(-1) 16(-1) 8(-1) 

At the end of time unit 59...
  Core  0: 00023135425862a18697afb869a51ghca51ghca51ghca51ghcafb869e1gh
  Core  1: -11124216714975b4cde51ghcdefb869efb869efb869efb869e1ghcafb86

  Queue: 17(0) 6(1) 12(-1) 9(-1) 10(-1) 15(-1) 1(-1) 11(-1) 16(-1) 8(-1) 

=== [TIME 60] ===
Job 17, running on core 0, had its quantum expire. Core 0 is now running job 12.
  Queue: 6(1) 12(0) 9(-1) 10(-1) 15(-1) 1(-1) 11(-1) 16(-1) 8(-1) 17(-1) 

Job 6, running on core 1, had its quantum expire. Core 1 is now running job 9.
  Queue: 12(0) 9(1) 10(-1) 15(-1) 1(-1) 11(-1) 16(-1) 8(-1) 17(-1) 6(-1) 

At the end of time unit 60...
  Core  0: 00023135425862a18697afb869a51ghca51ghca51ghca51ghcafb869e1ghc
  Core  1: -11124216714975b4cde51ghcdefb869efb869efb869efb869e1ghcafb869

  Queue: 12(0) 9(1) 10(-1) 15(-1) 1(-1) 11(-1) 16(-1) 8(-1) 17(-1) 6(-1) 

=== [TIME 61] ===
Job 9, running on core 1, finished. Core 1 is now running job 10.
  Queue: 12(0) 10(1) 15(-1) 1(-1) 11(-1) 16(-1) 8(-1) 17(-1) 6(-1) 

Job 12, running on core 0, had its quantum expire. Core 0 is now running job 15.
  Queue: 10(1) 15(0) 1(-1) 11(-1) 16(-1) 8(-1) 17(-1) 6(-1) 12(-1) 

At the end of time unit 61...
  Core  0: 00023135425862a18697afb869a51ghca51ghca51ghca51ghcafb869e1ghcf
  Core  1: -11124216714975b4cde51ghcdefb869efb869efb869efb869e1ghcafb869a

  Queue: 10(1) 15(0) 1(-1) 11(-1) 16(-1) 8(-1) 17(-1) 6(-1) 12(-1) 

=== [TIME 62] ===
Job 15, running on core 0, had its quantum expire. Core 0 is now running job 1.
  Queue: 10(1) 1(0) 11(-1) 16(-1) 8(-1) 17(-1) 6(-1) 12(-1) 15(-1) 

Job 10, running on core 1, had its quantum expire. Core 1 is now running job 11.
  Queue: 1(0) 11(1) 16(-1) 8(-1) 17(-1) 6(-1) 12(-1) 15(-1) 10(-1) 

At the end of time unit 62...
  Core  0: 00023135425862a18697afb869a51ghca51ghca51ghca51ghcafb869e1ghcf1
  Core  1: -11124216714975b4cde51ghcdefb869efb869efb869efb869e1ghcafb869ab

  Queue: 1(0) 11(1) 16(-1) 8(-1) 17(-1) 6(-1) 12(-1) 15(-1) 10(-1) 

=== [TIME 63] ===
Job 11, running on core 1, finished. Core 1 is now running job 16.
  Queue: 1(0) 16(1) 8(-1) 17(-1) 6(-1) 12(-1) 15(-1) 10(-1) 

Job 1, running on core 0, had its quantum expire. Core 0 is now running job 8.
  Queue: 16(1) 8(0) 17(-1) 6(-1) 12(-1) 15(-1) 10(-1) 1(-1) 

At the end of time unit 63...
  Core  0: 00023135425862a18697afb869a51ghca51ghca51ghca51ghcafb869e1ghcf18
  Core  1: -11124216714975b4cde51ghcdefb869efb869efb869efb869e1ghcafb869abg

  Queue: 16(1) 8(0) 17(-1) 6(-1) 12(-1) 15(-1) 10(-1) 1(-1) 

=== [TIME 64] ===
Job 8, running on core 0, had its quantum expire. Core 0 is now running job 17.
  Queue: 16(1) 17(0) 6(-1) 12(-1) 15(-1) 10(-1) 1(-1) 8(-1) 

Job 16, running on core 1, had its quantum expire. Core 1 is now running job 6.
  Queue: 17(0) 6(1) 12(-1) 15(-1) 10(-1) 1(-1) 8(-1) 16(-1) 

At the end of time unit 64...
  Core  0: 00023135425862a18697afb869a51ghca51ghca51ghca51ghcafb869e1ghcf18h
  Core  1: -11124216714975b4cde51ghcdefb869efb869efb869efb869e1ghcafb869abg6

  Queue: 17(0) 6(1) 12(-1) 15(-1) 10(-1) 1(-1) 8(-1) 16(-1) 

=== [TIME 65] ===
Job 6, running on core 1, finished. Core 1 is now running job 12.
  Queue: 17(0) 12(1) 15(-1) 10(-1) 1(-1) 8(-1) 16(-1) 

Job 17, running on core 0, had its quantum expire. Core 0 is now running job 15.
  Queue: 12(1) 15(0) 10(-1) 1(-1) 8(-1) 16(-1) 17(-1) 

At the end of time unit 65...
  Core  0: 00023135425862a18697afb869a51ghca51ghca51ghca51ghcafb869e1ghcf18hf
  Core  1: -11124216714975b4cde51ghcdefb869efb869efb869efb869e1ghcafb869abg6c

  Queue: 12(1) 15(0) 10(-1) 1(-1) 8(-1) 16(-1) 17(-1) 

=== [TIME 66] ===
Job 15, running on core 0, had its quantum expire. Core 0 is now running job 10.
  Queue: 12(1) 10(0) 1(-1) 8(-1) 16(-1) 17(-1) 15(-1) 

Job 12, running on core 1, had its quantum expire. Core 1 is now running job 1.
  Queue: 10(0) 1(1) 8(-1) 16(-1) 17(-1) 15(-1) 12(-1) 

At the end of time unit 66...
  Core  0: 00023135425862a18697afb869a51ghca51ghca51ghca51ghcafb869e1ghcf18hfa
  Core  1: -11124216714975b4cde51ghcdefb869efb869efb869efb869e1ghcafb869abg6c1

  Queue: 10(0) 1(1) 8(-1) 16(-1) 17(-1) 15(-1) 12(-1) 

=== [TIME 67] ===
Job 10, running on core 0, had its quantum expire. Core 0 is now running job 8.
  Queue: 1(1) 8(0) 16(-1) 17(-1) 15(-1) 12(-1) 10(-1) 

Job 1, running on core 1, had its quantum expire. Core 1 is now running job 16.
  Queue: 8(0) 16(1) 17(-1) 15(-1) 12(-1) 10(-1) 1(-1) 

At the end of time unit 67...
  Core  0: 00023135425862a18697afb869a51ghca51ghca51ghca51ghcafb869e1ghcf18hfa8
  Core  1: -11124216714975b4cde51ghcdefb869efb869efb869efb869e1ghcafb869abg6c1g

  Queue: 8(0) 16(1) 17(-1) 15(-1) 12(-1) 10(-1) 1(-1) 

=== [TIME 68] ===
Job 8, running on core 0, had its quantum expire. Core 0 is now running job 17.
  Queue: 16(1) 17(0) 15(-1) 12(-1) 10(-1) 1(-1) 8(-1) 

Job 16, running on core 1, had its quantum expire. Core 1 is now running job 15.
  Queue: 17(0) 15(1) 12(-1) 10(-1) 1(-1) 8(-1) 16(-1) 

At the end of time unit 68...
  Core  0: 00023135425862a18697afb869a51ghca51ghca51ghca51ghcafb869e1ghcf18hfa8h
  Core  1: -11124216714975b4cde51ghcdefb869efb869efb869efb869e1ghcafb869abg6c1gf

  Queue: 17(0) 15(1) 12(-1) 10(-1) 1(-1) 8(-1) 16(-1) 

=== [TIME 69] ===
Job 17, running on core 0, finished. Core 0 is now running job 12.
  Queue: 15(1) 12(0) 10(-1) 1(-1) 8(-1) 16(-1) 

Job 15, running on core 1, had its quantum expire. Core 1 is now running job 10.
  Queue: 12(0) 10(1) 1(-1) 8(-1) 16(-1) 15(-1) 

At the end of time unit 69...
  Core  0: 00023135425862a18697afb869a51ghca51ghca51ghca51ghcafb869e1ghcf18hfa8hc
  Core  1: -11124216714975b4cde51ghcdefb869efb869efb869efb869e1ghcafb869abg6c1gfa

  Queue: 12(0) 10(1) 1(-1) 8(-1) 16(-1) 15(-1) 

=== [TIME 70] ===
Job 12, running on core 0, had its quantum expire. Core 0 is now running job 1.
  Queue: 10(1) 1(0) 8(-1) 16(-1) 15(-1) 12(-1) 

Job 10, running on core 1, had its quantum expire. Core 1 is now running job 8.
  Queue: 1(0) 8(1) 16(-1) 15(-1) 12(-1) 10(-1) 

At the end of time unit 70...
  Core  0: 00023135425862a18697afb869a51ghca51ghca51ghca51ghcafb869e1ghcf18hfa8hc1
  Core  1: -11124216714975b4cde51ghcdefb869efb869efb869efb869e1ghcafb869abg6c1gfa8

  Queue: 1(0) 8(1) 16(-1) 15(-1) 12(-1) 10(-1) 

=== [TIME 71] ===
Job 1, running on core 0, had its quantum expire. Core 0 is now running job 16.
  Queue: 8(1) 16(0) 15(-1) 12(-1) 10(-1) 1(-1) 

Job 8, running on core 1, had its quantum expire. Core 1 is now running job 15.
  Queue: 16(0) 15(1) 12(-1) 10(-1) 1(-1) 8(-1) 

At the end of time unit 71...
  Core  0: 00023135425862a18697afb869a51ghca51ghca51ghca51ghcafb869e1ghcf18hfa8hc1g
  Core  1: -11124216714975b4cde51ghcdefb869efb869efb869efb869e1ghcafb869abg6c1gfa8f

  Queue: 16(0) 15(1) 12(-1) 10(-1) 1(-1) 8(-1) 

=== [TIME 72] ===
Job 16, running on core 0, had its quantum expire. Core 0 is now running job 12.
  Queue: 15(1) 12(0) 10(-1) 1(-1) 8(-1) 16(-1) 

Job 15, running on core 1, had its quantum expire. Core 1 is now running job 10.
  Queue: 12(0) 10(1) 1(-1) 8(-1) 16(-1) 15(-1) 

At the end of time unit 72...
  Core  0: 00023135425862a18697afb869a51ghca51ghca51ghca51ghcafb869e1ghcf18hfa8hc1gc
  Core  1: -11124216714975b4cde51ghcdefb869efb869efb869efb869e1ghcafb869abg6c1gfa8fa

  Queue: 12(0) 10(1) 1(-1) 8(-1) 16(-1) 15(-1) 

=== [TIME 73] ===
Job 10, running on core 1, finished. Core 1 is now running job 1.
  Queue: 12(0) 1(1) 8(-1) 16(-1) 15(-1) 

Job 12, running on core 0, had its quantum expire. Core 0 is now running job 8.
  Queue: 1(1) 8(0) 16(-1) 15(-1) 12(-1) 

At the end of time unit 73...
  Core  0: 00023135425862a18697afb869a51ghca51ghca51ghca51ghcafb869e1ghcf18hfa8hc1gc8
  Core  1: -11124216714975b4cde51ghcdefb869efb869efb869efb869e1ghcafb869abg6c1gfa8fa1

  Queue: 1(1) 8(0) 16(-1) 15(-1) 12(-1) 

=== [TIME 74] ===
Job 8, running on core 0, had its quantum expire. Core 0 is now running job 16.
  Queue: 1(1) 16(0) 15(-1) 12(-1) 8(-1) 

Job 1, running on core 1, had its quantum expire. Core 1 is now running job 15.
  Queue: 16(0) 15(1) 12(-1) 8(-1) 1(-1) 

At the end of time unit 74...
  Core  0: 00023135425862a18697afb869a51ghca51ghca51ghca51ghcafb869e1ghcf18hfa8hc1gc8g
  Core  1: -11124216714975b4cde51ghcdefb869efb869efb869efb869e1ghcafb869abg6c1gfa8fa1f

  Queue: 16(0) 15(1) 12(-1) 8(-1) 1(-1) 

=== [TIME 75] ===
Job 15, running on core 1, finished. Core 1 is now running job 12.
  Queue: 16(0) 12(1) 8(-1) 1(-1) 

Job 16, running on core 0, had its quantum expire. Core 0 is now running job 8.
  Queue: 12(1) 8(0) 1(-1) 16(-1) 

At the end of time unit 75...
  Core  0: 00023135425862a18697afb869a51ghca51ghca51ghca51ghcafb869e1ghcf18hfa8hc1gc8g8
  Core  1: -11124216714975b4cde51ghcdefb869efb869efb869efb869e1ghcafb869abg6c1gfa8fa1fc

  Queue: 12(1) 8(0) 1(-1) 16(-1) 

=== [TIME 76] ===
Job 8, running on core 0, had its quantum expire. Core 0 is now running job 1.
  Queue: 12(1) 1(0) 16(-1) 8(-1) 

Job 12, running on core 1, had its quantum expire. Core 1 is now running job 16.
  Queue: 1(0) 16(1) 8(-1) 12(-1) 

At the end of time unit 76...
  Core  0: 00023135425862a18697afb869a51ghca51ghca51ghca51ghcafb869e1ghcf18hfa8hc1gc8g81
  Core  1: -11124216714975b4cde51ghcdefb869efb869efb869efb869e1ghcafb869abg6c1gfa8fa1fcg

  Queue: 1(0) 16(1) 8(-1) 12(-1) 

=== [TIME 77] ===
Job 1, running on core 0, had its quantum expire. Core 0 is now running job 8.
  Queue: 16(1) 8(0) 12(-1) 1(-1) 

Job 16, running on core 1, had its quantum expire. Core 1 is now running job 12.
  Queue: 8(0) 12(1) 1(-1) 16(-1) 

At the end of time unit 77...
  Core  0: 00023135425862a18697afb869a51ghca51ghca51ghca51ghcafb869e1ghcf18hfa8hc1gc8g818
  Core  1: -11124216714975b4cde51ghcdefb869efb869efb869efb869e1ghcafb869abg6c1gfa8fa1fcgc

  Queue: 8(0) 12(1) 1(-1) 16(-1) 

=== [TIME 78] ===
Job 8, running on core 0, finished. Core 0 is now running job 1.
  Queue: 12(1) 1(0) 16(-1) 

Job 12, running on core 1, had its quantum expire. Core 1 is now running job 16.
  Queue: 1(0) 16(1) 12(-1) 

At the end of time unit 78...
  Core  0: 00023135425862a18697afb869a51ghca51ghca51ghca51ghcafb869e1ghcf18hfa8hc1gc8g8181
  Core  1: -11124216714975b4cde51ghcdefb869efb869efb869efb869e1ghcafb869abg6c1gfa8fa1fcgcg

  Queue: 1(0) 16(1) 12(-1) 

=== [TIME 79] ===
Job 1, running on core 0, finished. Core 0 is now running job 12.
  Queue: 16(1) 12(0) 

Job 16, running on core 1, had its quantum expire. Core 1 is now running job 16.
  Queue: 12(0) 16(1) 

At the end of time unit 79...
  Core  0: 00023135425862a18697afb869a51ghca51ghca51ghca51ghcafb869e1ghcf18hfa8hc1gc8g8181c
  Core  1: -11124216714975b4cde51ghcdefb869efb869efb869efb869e1ghcafb869abg6c1gfa8fa1fcgcgg

  Queue: 12(0) 16(1) 

=== [TIME 80] ===
Job 12, running on core 0, finished. Core 0 is now running job -1.
  Queue: 16(1) 

Job 16, running on core 1, had its quantum expire. Core 1 is now running job 16.
  Queue: 16(1) 

At the end of time unit 80...
  Core  0: 00023135425862a18697afb869a51ghca51ghca51ghca51ghcafb869e1ghcf18hfa8hc1gc8g8181c-
  Core  1: -11124216714975b4cde51ghcdefb869efb869efb869efb869e1ghcafb869abg6c1gfa8fa1fcgcggg

  Queue: 16(1) 

=== [TIME 81] ===
Job 16, running on core 1, finished. Core 1 is now running job -1.
  Queue: 

FINAL TIMING DIAGRAM:
  Core  0: 00023135425862a18697afb869a51ghca51ghca51ghca51ghcafb869e1ghcf18hfa8hc1gc8g8181c-
  Core  1: -11124216714975b4cde51ghcdefb869efb869efb869efb869e1ghcafb869abg6c1gfa8fa1fcgcggg

Average Waiting Time: 33.39
Average Turnaround Time: 42.28
Average Response Time: 3.11
