Loaded 2 core(s) and 18 job(s) using Round Robin (RR) with a quantum of 2 scheduling...

=== [TIME 0] ===
A new job, job 0 (running time=3, priority=2), arrived. Job 0 is now running on core 0.
  Queue: 0(0) 

At the end of time unit 0...
  Core  0: 0
  Core  1: -

  Queue: 0(0) 

=== [TIME 1] ===
A new job, job 1 (running time=20, priority=3), arrived. Job 1 is now running on core 1.
  Queue: 0(0) 1(1) 

At the end of time unit 1...
  Core  0: 00
  Core  1: -1

  Queue: 0(0) 1(1) 

=== [TIME 2] ===
Job 0, running on core 0, had its quantum expire. Core 0 is now running job 0.
  Queue: 1(1) 0(0) 

A new job, job 2 (running time=5, priority=1), arrived. Job 2 is set to idle (-1).
  Queue: 1(1) 0(0) 2(-1) 

At the end of time unit 2...
  Core  0: 000
  Core  1: -11

  Queue: 1(1) 0(0) 2(-1) 

=== [TIME 3] ===
Job 0, running on core 0, finished. Core 0 is now running job 2.
  Queue: 1(1) 2(0) 

Job 1, running on core 1, had its quantum expire. Core 1 is now running job 1.
  Queue: 2(0) 1(1) 

A new job, job 3 (running time=2, priority=4), arrived. Job 3 is set to idle (-1).
  Queue: 2(0) 1(1) 3(-1) 

At the end of time unit 3...
  Core  0: 0002
  Core  1: -111

  Queue: 2(0) 1(1) 3(-1) 

=== [TIME 4] ===
A new job, job 4 (running time=4, priority=5), arrived. Job 4 is set to idle (-1).
  Queue: 2(0) 1(1) 3(-1) 4(-1) 

At the end of time unit 4...
  Core  0: 00022
  Core  1: -1111

  Queue: 2(0) 1(1) 3(-1) 4(-1) 

=== [TIME 5] ===
Job 2, running on core 0, had its quantum expire. Core 0 is now running job 3.
  Queue: 1(1) 3(0) 4(-1) 2(-1) 

Job 1, running on core 1, had its quantum expire. Core 1 is now running job 4.
  Queue: 3(0) 4(1) 2(-1) 1(-1) 

A new job, job 5 (running time=8, priority=3), arrived. Job 5 is set to idle (-1).
  Queue: 3(0) 4(1) 2(-1) 1(-1) 5(-1) 

At the end of time unit 5...
  Core  0: 000223
  Core  1: -11114

  Queue: 3(0) 4(1) 2(-1) 1(-1) 5(-1) 

=== [TIME 6] ===
A new job, job 6 (running time=11, priority=2), arrived. Job 6 is set to idle (-1).
  Queue: 3(0) 4(1) 2(-1) 1(-1) 5(-1) 6(-1) 

At the end of time unit 6...
  Core  0: 0002233
  Core  1: -111144

  Queue: 3(0) 4(1) 2(-1) 1(-1) 5(-1) 6(-1) 

=== [TIME 7] ===
Job 3, running on core 0, finished. Core 0 is now running job 2.
  Queue: 4(1) 2(0) 1(-1) 5(-1) 6(-1) 

Job 4, running on core 1, had its quantum expire. Core 1 is now running job 1.
  Queue: 2(0) 1(1) 5(-1) 6(-1) 4(-1) 

A new job, job 7 (running time=3, priority=4), arrived. Job 7 is set to idle (-1).
  Queue: 2(0) 1(1) 5(-1) 6(-1) 4(-1) 7(-1) 

At the end of time unit 7...
  Core  0: 00022332
  Core  1: -1111441

  Queue: 2(0) 1(1) 5(-1) 6(-1) 4(-1) 7(-1) 

=== [TIME 8] ===
A new job, job 8 (running time=15, priority=1), arrived. Job 8 is set to idle (-1).
  Queue: 2(0) 1(1) 5(-1) 6(-1) 4(-1) 7(-1) 8(-1) 

At the end of time unit 8...
  Core  0: 000223322
  Core  1: -11114411

  Queue: 2(0) 1(1) 5(-1) 6(-1) 4(-1) 7(-1) 8(-1) 

=== [TIME 9] ===
Job 2, running on core 0, had its quantum expire. Core 0 is now running job 5.
  Queue: 1(1) 5(0) 6(-1) 4(-1) 7(-1) 8(-1) 2(-1) 

Job 1, running on core 1, had its quantum expire. Core 1 is now running job 6.
  Queue: 5(0) 6(1) 4(-1) 7(-1) 8(-1) 2(-1) 1(-1) 

A new job, job 9 (running time=9, priority=4), arrived. Job 9 is set to idle (-1).
  Queue: 5(0) 6(1) 4(-1) 7(-1) 8(-1) 2(-1) 1(-1) 9(-1) 

At the end of time unit 9...
  Core  0: 0002233225
  Core  1: -111144116

  Queue: 5(0) 6(1) 4(-1) 7(-1) 8(-1) 2(-1) 1(-1) 9(-1) 

=== [TIME 10] ===
A new job, job 10 (running time=12, priority=2), arrived. Job 10 is set to idle (-1).
  Queue: 5(0) 6(1) 4(-1) 7(-1) 8(-1) 2(-1) 1(-1) 9(-1) 10(-1) 

At the end of time unit 10...
  Core  0: 00022332255
  Core  1: -1111441166

  Queue: 5(0) 6(1) 4(-1) 7(-1) 8(-1) 2(-1) 1(-1) 9(-1) 10(-1) 

=== [TIME 11] ===
Job 5, running on core 0, had its quantum expire. Core 0 is now running job 4.
  Queue: 6(1) 4(0) 7(-1) 8(-1) 2(-1) 1(-1) 9(-1) 10(-1) 5(-1) 

Job 6, running on core 1, had its quantum expire. Core 1 is now running job 7.
  Queue: 4(0) 7(1) 8(-1) 2(-1) 1(-1) 9(-1) 10(-1) 5(-1) 6(-1) 

A new job, job 11 (running time=9, priority=3), arrived. Job 11 is set to idle (-1).
  Queue: 4(0) 7(1) 8(-1) 2(-1) 1(-1) 9(-1) 10(-1) 5(-1) 6(-1) 11(-1) 

At the end of time unit 11...
  Core  0: 000223322554
  Core  1: -11114411667

  Queue: 4(0) 7(1) 8(-1) 2(-1) 1(-1) 9(-1) 10(-1) 5(-1) 6(-1) 11(-1) 

=== [TIME 12] ===
A new job, job 12 (running time=14, priority=2), arrived. Job 12 is set to idle (-1).
  Queue: 4(0) 7(1) 8(-1) 2(-1) 1(-1) 9(-1) 10(-1) 5(-1) 6(-1) 11(-1) 12(-1) 

At the end of time unit 12...
  Core  0: 0002233225544
  Core  1: -111144116677

  Queue: 4(0) 7(1) 8(-1) 2(-1) 1(-1) 9(-1) 10(-1) 5(-1) 6(-1) 11(-1) 12(-1) 

=== [TIME 13] ===
Job 4, running on core 0, finished. Core 0 is now running job 8.
  Queue: 7(1) 8(0) 2(-1) 1(-1) 9(-1) 10(-1) 5(-1) 6(-1) 11(-1) 12(-1) 

Job 7, running on core 1, had its quantum expire. Core 1 is now running job 2.
  Queue: 8(0) 2(1) 1(-1) 9(-1) 10(-1) 5(-1) 6(-1) 11(-1) 12(-1) 7(-1) 

A new job, job 13 (running time=2, priority=5), arrived. Job 13 is set to idle (-1).
  Queue: 8(0) 2(1) 1(-1) 9(-1) 10(-1) 5(-1) 6(-1) 11(-1) 12(-1) 7(-1) 13(-1) 

At the end of time unit 13...
  Core  0: 00022332255448
  Core  1: -1111441166772

  Queue: 8(0) 2(1) 1(-1) 9(-1) 10(-1) 5(-1) 6(-1) 11(-1) 12(-1) 7(-1) 13(-1) 

=== [TIME 14] ===
Job 2, running on core 1, finished. Core 1 is now running job 1.
  Queue: 8(0) 1(1) 9(-1) 10(-1) 5(-1) 6(-1) 11(-1) 12(-1) 7(-1) 13(-1) 

A new job, job 14 (running time=7, priority=3), arrived. Job 14 is set to idle (-1).
  Queue: 8(0) 1(1) 9(-1) 10(-1) 5(-1) 6(-1) 11(-1) 12(-1) 7(-1) 13(-1) 14(-1) 

At the end of time unit 14...
  Core  0: 000223322554488
  Core  1: -11114411667721

  Queue: 8(0) 1(1) 9(-1) 10(-1) 5(-1) 6(-1) 11(-1) 12(-1) 7(-1) 13(-1) 14(-1) 

=== [TIME 15] ===
Job 8, running on core 0, had its quantum expire. Core 0 is now running job 9.
  Queue: 1(1) 9(0) 10(-1) 5(-1) 6(-1) 11(-1) 12(-1) 7(-1) 13(-1) 14(-1) 8(-1) 

A new job, job 15 (running time=12, priority=2), arrived. Job 15 is set to idle (-1).
  Queue: 1(1) 9(0) 10(-1) 5(-1) 6(-1) 11(-1) 12(-1) 7(-1) 13(-1) 14(-1) 8(-1) 15(-1) 

At the end of time unit 15...
  Core  0: 0002233225544889
  Core  1: -111144116677211

  Queue: 1(1) 9(0) 10(-1) 5(-1) 6(-1) 11(-1) 12(-1) 7(-1) 13(-1) 14(-1) 8(-1) 15(-1) 

=== [TIME 16] ===
Job 1, running on core 1, had its quantum expire. Core 1 is now running job 10.
  Queue: 9(0) 10(1) 5(-1) 6(-1) 11(-1) 12(-1) 7(-1) 13(-1) 14(-1) 8(-1) 15(-1) 1(-1) 

A new job, job 16 (running time=15, priority=1), arrived. Job 16 is set to idle (-1).
  Queue: 9(0) 10(1) 5(-1) 6(-1) 11(-1) 12(-1) 7(-1) 13(-1) 14(-1) 8(-1) 15(-1) 1(-1) 16(-1) 

At the end of time unit 16...
  Core  0: 00022332255448899
  Core  1: -111144116677211a

  Queue: 9(0) 10(1) 5(-1) 6(-1) 11(-1) 12(-1) 7(-1) 13(-1) 14(-1) 8(-1) 15(-1) 1(-1) 16(-1) 

=== [TIME 17] ===
Job 9, running on core 0, had its quantum expire. Core 0 is now running job 5.
  Queue: 10(1) 5(0) 6(-1) 11(-1) 12(-1) 7(-1) 13(-1) 14(-1) 8(-1) 15(-1) 1(-1) 16(-1) 9(-1) 

A new job, job 17 (running time=9, priority=4), arrived. Job 17 is set to idle (-1).
  Queue: 10(1) 5(0) 6(-1) 11(-1) 12(-1) 7(-1) 13(-1) 14(-1) 8(-1) 15(-1) 1(-1) 16(-1) 9(-1) 17(-1) 

At the end of time unit 17...
  Core  0: 000223322554488995
  Core  1: -111144116677211aa

  Queue: 10(1) 5(0) 6(-1) 11(-1) 12(-1) 7(-1) 13(-1) 14(-1) 8(-1) 15(-1) 1(-1) 16(-1) 9(-1) 17(-1) 

=== [TIME 18] ===
Job 10, running on core 1, had its quantum expire. Core 1 is now running job 6.
  Queue: 5(0) 6(1) 11(-1) 12(-1) 7(-1) 13(-1) 14(-1) 8(-1) 15(-1) 1(-1) 16(-1) 9(-1) 17(-1) 10(-1) 

At the end of time unit 18...
  Core  0: 0002233225544889955
  Core  1: -111144116677211aa6

  Queue: 5(0) 6(1) 11(-1) 12(-1) 7(-1) 13(-1) 14(-1) 8(-1) 15(-1) 1(-1) 16(-1) 9(-1) 17(-1) 10(-1) 

=== [TIME 19] ===
Job 5, running on core 0, had its quantum expire. Core 0 is now running job 11.
  Queue: 6(1) 11(0) 12(-1) 7(-1) 13(-1) 14(-1) 8(-1) 15(-1) 1(-1) 16(-1) 9(-1) 17(-1) 10(-1) 5(-1) 

At the end of time unit 19...
  Core  0: 0002233225544889955b
  Core  1: -111144116677211aa66

  Queue: 6(1) 11(0) 12(-1) 7(-1) 13(-1) 14(-1) 8(-1) 15(-1) 1(-1) 16(-1) 9(-1) 17(-1) 10(-1) 5(-1) 

=== [TIME 20] ===
Job 6, running on core 1, had its quantum expire. Core 1 is now running job 12.
  Queue: 11(0) 12(1) 7(-1) 13(-1) 14(-1) 8(-1) 15(-1) 1(-1) 16(-1) 9(-1) 17(-1) 10(-1) 5(-1) 6(-1) 

At the end of time unit 20...
  Core  0: 0002233225544889955bb
  Core  1: -111144116677211aa66c

  Queue: 11(0) 12(1) 7(-1) 13(-1) 14(-1) 8(-1) 15(-1) 1(-1) 16(-1) 9(-1) 17(-1) 10(-1) 5(-1) 6(-1) 

=== [TIME 21] ===
Job 11, running on core 0, had its quantum expire. Core 0 is now running job 7.
  Queue: 12(1) 7(0) 13(-1) 14(-1) 8(-1) 15(-1) 1(-1) 16(-1) 9(-1) 17(-1) 10(-1) 5(-1) 6(-1) 11(-1) 

At the end of time unit 21...
  Core  0: 0002233225544889955bb7
  Core  1: -111144116677211aa66cc

  Queue: 12(1) 7(0) 13(-1) 14(-1) 8(-1) 15(-1) 1(-1) 16(-1) 9(-1) 17(-1) 10(-1) 5(-1) 6(-1) 11(-1) 

=== [TIME 22] ===
Job 7, running on core 0, finished. Core 0 is now running job 13.
  Queue: 12(1) 13(0) 14(-1) 8(-1) 15(-1) 1(-1) 16(-1) 9(-1) 17(-1) 10(-1) 5(-1) 6(-1) 11(-1) 

Job 12, running on core 1, had its quantum expire. Core 1 is now running job 14.
  Queue: 13(0) 14(1) 8(-1) 15(-1) 1(-1) 16(-1) 9(-1) 17(-1) 10(-1) 5(-1) 6(-1) 11(-1) 12(-1) 

At the end of time unit 22...
  Core  0: 0002233225544889955bb7d
  Core  1: -111144116677211aa66cce

  Queue: 13(0) 14(1) 8(-1) 15(-1) 1(-1) 16(-1) 9(-1) 17(-1) 10(-1) 5(-1) 6(-1) 11(-1) 12(-1) 

=== [TIME 23] ===
At the end of time unit 23...
  Core  0: 0002233225544889955bb7dd
  Core  1: -111144116677211aa66ccee

  Queue: 13(0) 14(1) 8(-1) 15(-1) 1(-1) 16(-1) 9(-1) 17(-1) 10(-1) 5(-1) 6(-1) 11(-1) 12(-1) 

=== [TIME 24] ===
Job 13, running on core 0, finished. Core 0 is now running job 8.
  Queue: 14(1) 8(0) 15(-1) 1(-1) 16(-1) 9(-1) 17(-1) 10(-1) 5(-1) 6(-1) 11(-1) 12(-1) 

Job 14, running on core 1, had its quantum expire. Core 1 is now running job 15.
  Queue: 8(0) 15(1) 1(-1) 16(-1) 9(-1) 17(-1) 10(-1) 5(-1) 6(-1) 11(-1) 12(-1) 14(-1) 

At the end of time unit 24...
  Core  0: 0002233225544889955bb7dd8
  Core  1: -111144116677211aa66cceef

  Queue: 8(0) 15(1) 1(-1) 16(-1) 9(-1) 17(-1) 10(-1) 5(-1) 6(-1) 11(-1) 12(-1) 14(-1) 

=== [TIME 25] ===
At the end of time unit 25...
  Core  0: 0002233225544889955bb7dd88
  Core  1: -111144116677211aa66cceeff

  Queue: 8(0) 15(1) 1(-1) 16(-1) 9(-1) 17(-1) 10(-1) 5(-1) 6(-1) 11(-1) 12(-1) 14(-1) 

=== [TIME 26] ===
Job 8, running on core 0, had its quantum expire. Core 0 is now running job 1.
  Queue: 15(1) 1(0) 16(-1) 9(-1) 17(-1) 10(-1) 5(-1) 6(-1) 11(-1) 12(-1) 14(-1) 8(-1) 

Job 15, running on core 1, had its quantum expire. Core 1 is now running job 16.
  Queue: 1(0) 16(1) 9(-1) 17(-1) 10(-1) 5(-1) 6(-1) 11(-1) 12(-1) 14(-1) 8(-1) 15(-1) 

At the end of time unit 26...
  Core  0: 0002233225544889955bb7dd881
  Core  1: -111144116677211aa66cceeffg

  Queue: 1(0) 16(1) 9(-1) 17(-1) 10(-1) 5(-1) 6(-1) 11(-1) 12(-1) 14(-1) 8(-1) 15(-1) 

=== [TIME 27] ===
At the end of time unit 27...
  Core  0: 0002233225544889955bb7dd8811
  Core  1: -111144116677211aa66cceeffgg

  Queue: 1(0) 16(1) 9(-1) 17(-1) 10(-1) 5(-1) 6(-1) 11(-1) 12(-1) 14(-1) 8(-1) 15(-1) 

=== [TIME 28] ===
Job 1, running on core 0, had its quantum expire. Core 0 is now running job 9.
  Queue: 16(1) 9(0) 17(-1) 10(-1) 5(-1) 6(-1) 11(-1) 12(-1) 14(-1) 8(-1) 15(-1) 1(-1) 

Job 16, running on core 1, had its quantum expire. Core 1 is now running job 17.
  Queue: 9(0) 17(1) 10(-1) 5(-1) 6(-1) 11(-1) 12(-1) 14(-1) 8(-1) 15(-1) 1(-1) 16(-1) 

At the end of time unit 28...
  Core  0: 0002233225544889955bb7dd88119
  Core  1: -111144116677211aa66cceeffggh

  Queue: 9(0) 17(1) 10(-1) 5(-1) 6(-1) 11(-1) 12(-1) 14(-1) 8(-1) 15(-1) 1(-1) 16(-1) 

=== [TIME 29] ===
At the end of time unit 29...
  Core  0: 0002233225544889955bb7dd881199
  Core  1: -111144116677211aa66cceeffgghh

  Queue: 9(0) 17(1) 10(-1) 5(-1) 6(-1) 11(-1) 12(-1) 14(-1) 8(-1) 15(-1) 1(-1) 16(-1) 

=== [TIME 30] ===
Job 9, running on core 0, had its quantum expire. Core 0 is now running job 10.
  Queue: 17(1) 10(0) 5(-1) 6(-1) 11(-1) 12(-1) 14(-1) 8(-1) 15(-1) 1(-1) 16(-1) 9(-1) 

Job 17, running on core 1, had its quantum expire. Core 1 is now running job 5.
  Queue: 10(0) 5(1) 6(-1) 11(-1) 12(-1) 14(-1) 8(-1) 15(-1) 1(-1) 16(-1) 9(-1) 17(-1) 

At the end of time unit 30...
  Core  0: 0002233225544889955bb7dd881199a
  Core  1: -111144116677211aa66cceeffgghh5

  Queue: 10(0) 5(1) 6(-1) 11(-1) 12(-1) 14(-1) 8(-1) 15(-1) 1(-1) 16(-1) 9(-1) 17(-1) 

=== [TIME 31] ===
At the end of time unit 31...
  Core  0: 0002233225544889955bb7dd881199aa
  Core  1: -111144116677211aa66cceeffgghh55

  Queue: 10(0) 5(1) 6(-1) 11(-1) 12(-1) 14(-1) 8(-1) 15(-1) 1(-1) 16(-1) 9(-1) 17(-1) 

=== [TIME 32] ===
Job 10, running on core 0, had its quantum expire. Core 0 is now running job 6.
  Queue: 5(1) 6(0) 11(-1) 12(-1) 14(-1) 8(-1) 15(-1) 1(-1) 16(-1) 9(-1) 17(-1) 10(-1) 

Job 5, running on core 1, had its quantum expire. Core 1 is now running job 11.
  Queue: 6(0) 11(1) 12(-1) 14(-1) 8(-1) 15(-1) 1(-1) 16(-1) 9(-1) 17(-1) 10(-1) 5(-1) 

At the end of time unit 32...
  Core  0: 0002233225544889955bb7dd881199aa6
  Core  1: -111144116677211aa66cceeffgghh55b

  Queue: 6(0) 11(1) 12(-1) 14(-1) 8(-1) 15(-1) 1(-1) 16(-1) 9(-1) 17(-1) 10(-1) 5(-1) 

=== [TIME 33] ===
At the end of time unit 33...
  Core  0: 0002233225544889955bb7dd881199aa66
  Core  1: -111144116677211aa66cceeffgghh55bb

  Queue: 6(0) 11(1) 12(-1) 14(-1) 8(-1) 15(-1) 1(-1) 16(-1) 9(-1) 17(-1) 10(-1) 5(-1) 

=== [TIME 34] ===
Job 6, running on core 0, had its quantum expire. Core 0 is now running job 12.
  Queue: 11(1) 12(0) 14(-1) 8(-1) 15(-1) 1(-1) 16(-1) 9(-1) 17(-1) 10(-1) 5(-1) 6(-1) 

Job 11, running on core 1, had its quantum expire. Core 1 is now running job 14.
  Queue: 12(0) 14(1) 8(-1) 15(-1) 1(-1) 16(-1) 9(-1) 17(-1) 10(-1) 5(-1) 6(-1) 11(-1) 

At the end of time unit 34...
  Core  0: 0002233225544889955bb7dd881199aa66c
  Core  1: -111144116677211aa66cceeffgghh55bbe

  Queue: 12(0) 14(1) 8(-1) 15(-1) 1(-1) 16(-1) 9(-1) 17(-1) 10(-1) 5(-1) 6(-1) 11(-1) 

=== [TIME 35] ===
At the end of time unit 35...
  Core  0: 0002233225544889955bb7dd881199aa66cc
  Core  1: -111144116677211aa66cceeffgghh55bbee

  Queue: 12(0) 14(1) 8(-1) 15(-1) 1(-1) 16(-1) 9(-1) 17(-1) 10(-1) 5(-1) 6(-1) 11(-1) 

=== [TIME 36] ===
Job 12, running on core 0, had its quantum expire. Core 0 is now running job 8.
  Queue: 14(1) 8(0) 15(-1) 1(-1) 16(-1) 9(-1) 17(-1) 10(-1) 5(-1) 6(-1) 11(-1) 12(-1) 

Job 14, running on core 1, had its quantum expire. Core 1 is now running job 15.
  Queue: 8(0) 15(1) 1(-1) 16(-1) 9(-1) 17(-1) 10(-1) 5(-1) 6(-1) 11(-1) 12(-1) 14(-1) 

At the end of time unit 36...
  Core  0: 0002233225544889955bb7dd881199aa66cc8
  Core  1: -111144116677211aa66cceeffgghh55bbeef

  Queue: 8(0) 15(1) 1(-1) 16(-1) 9(-1) 17(-1) 10(-1) 5(-1) 6(-1) 11(-1) 12(-1) 14(-1) 

=== [TIME 37] ===
At the end of time unit 37...
  Core  0: 0002233225544889955bb7dd881199aa66cc88
  Core  1: -111144116677211aa66cceeffgghh55bbeeff

  Queue: 8(0) 15(1) 1(-1) 16(-1) 9(-1) 17(-1) 10(-1) 5(-1) 6(-1) 11(-1) 12(-1) 14(-1) 

=== [TIME 38] ===
Job 8, running on core 0, had its quantum expire. Core 0 is now running job 1.
  Queue: 15(1) 1(0) 16(-1) 9(-1) 17(-1) 10(-1) 5(-1) 6(-1) 11(-1) 12(-1) 14(-1) 8(-1) 

Job 15, running on core 1, had its quantum expire. Core 1 is now running job 16.
  Queue: 1(0) 16(1) 9(-1) 17(-1) 10(-1) 5(-1) 6(-1) 11(-1) 12(-1) 14(-1) 8(-1) 15(-1) 

At the end of time unit 38...
  Core  0: 0002233225544889955bb7dd881199aa66cc881
  Core  1: -111144116677211aa66cceeffgghh55bbeeffg

  Queue: 1(0) 16(1) 9(-1) 17(-1) 10(-1) 5(-1) 6(-1) 11(-1) 12(-1) 14(-1) 8(-1) 15(-1) 

=== [TIME 39] ===
At the end of time unit 39...
  Core  0: 0002233225544889955bb7dd881199aa66cc8811
  Core  1: -111144116677211aa66cceeffgghh55bbeeffgg

  Queue: 1(0) 16(1) 9(-1) 17(-1) 10(-1) 5(-1) 6(-1) 11(-1) 12(-1) 14(-1) 8(-1) 15(-1) 

=== [TIME 40] ===
Job 1, running on core 0, had its quantum expire. Core 0 is now running job 9.
  Queue: 16(1) 9(0) 17(-1) 10(-1) 5(-1) 6(-1) 11(-1) 12(-1) 14(-1) 8(-1) 15(-1) 1(-1) 

Job 16, running on core 1, had its quantum expire. Core 1 is now running job 17.
  Queue: 9(0) 17(1) 10(-1) 5(-1) 6(-1) 11(-1) 12(-1) 14(-1) 8(-1) 15(-1) 1(-1) 16(-1) 

At the end of time unit 40...
  Core  0: 0002233225544889955bb7dd881199aa66cc88119
  Core  1: -111144116677211aa66cceeffgghh55bbeeffggh

  Queue: 9(0) 17(1) 10(-1) 5(-1) 6(-1) 11(-1) 12(-1) 14(-1) 8(-1) 15(-1) 1(-1) 16(-1) 

=== [TIME 41] ===
At the end of time unit 41...
  Core  0: 0002233225544889955bb7dd881199aa66cc881199
  Core  1: -111144116677211aa66cceeffgghh55bbeeffgghh

  Queue: 9(0) 17(1) 10(-1) 5(-1) 6(-1) 11(-1) 12(-1) 14(-1) 8(-1) 15(-1) 1(-1) 16(-1) 

=== [TIME 42] ===
Job 9, running on core 0, had its quantum expire. Core 0 is now running job 10.
  Queue: 17(1) 10(0) 5(-1) 6(-1) 11(-1) 12(-1) 14(-1) 8(-1) 15(-1) 1(-1) 16(-1) 9(-1) 

Job 17, running on core 1, had its quantum expire. Core 1 is now running job 5.
  Queue: 10(0) 5(1) 6(-1) 11(-1) 12(-1) 14(-1) 8(-1) 15(-1) 1(-1) 16(-1) 9(-1) 17(-1) 

At the end of time unit 42...
  Core  0: 0002233225544889955bb7dd881199aa66cc881199a
  Core  1: -111144116677211aa66cceeffgghh55bbeeffgghh5

  Queue: 10(0) 5(1) 6(-1) 11(-1) 12(-1) 14(-1) 8(-1) 15(-1) 1(-1) 16(-1) 9(-1) 17(-1) 

=== [TIME 43] ===
At the end of time unit 43...
  Core  0: 0002233225544889955bb7dd881199aa66cc881199aa
  Core  1: -111144116677211aa66cceeffgghh55bbeeffgghh55

  Queue: 10(0) 5(1) 6(-1) 11(-1) 12(-1) 14(-1) 8(-1) 15(-1) 1(-1) 16(-1) 9(-1) 17(-1) 

=== [TIME 44] ===
Job 5, running on core 1, finished. Core 1 is now running job 6.
  Queue: 10(0) 6(1) 11(-1) 12(-1) 14(-1) 8(-1) 15(-1) 1(-1) 16(-1) 9(-1) 17(-1) 

Job 10, running on core 0, had its quantum expire. Core 0 is now running job 11.
  Queue: 6(1) 11(0) 12(-1) 14(-1) 8(-1) 15(-1) 1(-1) 16(-1) 9(-1) 17(-1) 10(-1) 

At the end of time unit 44...
  Core  0: 0002233225544889955bb7dd881199aa66cc881199aab
  Core  1: -111144116677211aa66cceeffgghh55bbeeffgghh556

  Queue: 6(1) 11(0) 12(-1) 14(-1) 8(-1) 15(-1) 1(-1) 16(-1) 9(-1) 17(-1) 10(-1) 

=== [TIME 45] ===
At the end of time unit 45...
  Core  0: 0002233225544889955bb7dd881199aa66cc881199aabb
  Core  1: -111144116677211aa66cceeffgghh55bbeeffgghh5566

  Queue: 6(1) 11(0) 12(-1) 14(-1) 8(-1) 15(-1) 1(-1) 16(-1) 9(-1) 17(-1) 10(-1) 

=== [TIME 46] ===
Job 11, running on core 0, had its quantum expire. Core 0 is now running job 12.
  Queue: 6(1) 12(0) 14(-1) 8(-1) 15(-1) 1(-1) 16(-1) 9(-1) 17(-1) 10(-1) 11(-1) 

Job 6, running on core 1, had its quantum expire. Core 1 is now running job 14.
  Queue: 12(0) 14(1) 8(-1) 15(-1) 1(-1) 16(-1) 9(-1) 17(-1) 10(-1) 11(-1) 6(-1) 

At the end of time unit 46...
  Core  0: 0002233225544889955bb7dd881199aa66cc881199aabbc
  Core  1: -111144116677211aa66cceeffgghh55bbeeffgghh5566e

  Queue: 12(0) 14(1) 8(-1) 15(-1) 1(-1) 16(-1) 9(-1) 17(-1) 10(-1) 11(-1) 6(-1) 

=== [TIME 47] ===
At the end of time unit 47...
  Core  0: 0002233225544889955bb7dd881199aa66cc881199aabbcc
  Core  1: -111144116677211aa66cceeffgghh55bbeeffgghh5566ee

  Queue: 12(0) 14(1) 8(-1) 15(-1) 1(-1) 16(-1) 9(-1) 17(-1) 10(-1) 11(-1) 6(-1) 

=== [TIME 48] ===
Job 12, running on core 0, had its quantum expire. Core 0 is now running job 8.
  Queue: 14(1) 8(0) 15(-1) 1(-1) 16(-1) 9(-1) 17(-1) 10(-1) 11(-1) 6(-1) 12(-1) 

Job 14, running on core 1, had its quantum expire. Core 1 is now running job 15.
  Queue: 8(0) 15(1) 1(-1) 16(-1) 9(-1) 17(-1) 10(-1) 11(-1) 6(-1) 12(-1) 14(-1) 

At the end of time unit 48...
  Core  0: 0002233225544889955bb7dd881199aa66cc881199aabbcc8
  Core  1: -111144116677211aa66cceeffgghh55bbeeffgghh5566eef

  Queue: 8(0) 15(1) 1(-1) 16(-1) 9(-1) 17(-1) 10(-1) 11(-1) 6(-1) 12(-1) 14(-1) 

=== [TIME 49] ===
At the end of time unit 49...
  Core  0: 0002233225544889955bb7dd881199aa66cc881199aabbcc88
  Core  1: -111144116677211aa66cceeffgghh55bbeeffgghh5566eeff

  Queue: 8(0) 15(1) 1(-1) 16(-1) 9(-1) 17(-1) 10(-1) 11(-1) 6(-1) 12(-1) 14(-1) 

=== [TIME 50] ===
Job 8, running on core 0, had its quantum expire. Core 0 is now running job 1.
  Queue: 15(1) 1(0) 16(-1) 9(-1) 17(-1) 10(-1) 11(-1) 6(-1) 12(-1) 14(-1) 8(-1) 

Job 15, running on core 1, had its quantum expire. Core 1 is now running job 16.
  Queue: 1(0) 16(1) 9(-1) 17(-1) 10(-1) 11(-1) 6(-1) 12(-1) 14(-1) 8(-1) 15(-1) 

At the end of time unit 50...
  Core  0: 0002233225544889955bb7dd881199aa66cc881199aabbcc881
  Core  1: -111144116677211aa66cceeffgghh55bbeeffgghh5566eeffg

  Queue: 1(0) 16(1) 9(-1) 17(-1) 10(-1) 11(-1) 6(-1) 12(-1) 14(-1) 8(-1) 15(-1) 

=== [TIME 51] ===
At the end of time unit 51...
  Core  0: 0002233225544889955bb7dd881199aa66cc881199aabbcc8811
  Core  1: -111144116677211aa66cceeffgghh55bbeeffgghh5566eeffgg

  Queue: 1(0) 16(1) 9(-1) 17(-1) 10(-1) 11(-1) 6(-1) 12(-1) 14(-1) 8(-1) 15(-1) 

=== [TIME 52] ===
Job 1, running on core 0, had its quantum expire. Core 0 is now running job 9.
  Queue: 16(1) 9(0) 17(-1) 10(-1) 11(-1) 6(-1) 12(-1) 14(-1) 8(-1) 15(-1) 1(-1) 

Job 16, running on core 1, had its quantum expire. Core 1 is now running job 17.
  Queue: 9(0) 17(1) 10(-1) 11(-1) 6(-1) 12(-1) 14(-1) 8(-1) 15(-1) 1(-1) 16(-1) 

At the end of time unit 52...
  Core  0: 0002233225544889955bb7dd881199aa66cc881199aabbcc88119
  Core  1: -111144116677211aa66cceeffgghh55bbeeffgghh5566eeffggh

  Queue: 9(0) 17(1) 10(-1) 11(-1) 6(-1) 12(-1) 14(-1) 8(-1) 15(-1) 1(-1) 16(-1) 

=== [TIME 53] ===
At the end of time unit 53...
  Core  0: 0002233225544889955bb7dd881199aa66cc881199aabbcc881199
  Core  1: -111144116677211aa66cceeffgghh55bbeeffgghh5566eeffgghh

  Queue: 9(0) 17(1) 10(-1) 11(-1) 6(-1) 12(-1) 14(-1) 8(-1) 15(-1) 1(-1) 16(-1) 

=== [TIME 54] ===
Job 9, running on core 0, had its quantum expire. Core 0 is now running job 10.
  Queue: 17(1) 10(0) 11(-1) 6(-1) 12(-1) 14(-1) 8(-1) 15(-1) 1(-1) 16(-1) 9(-1) 

Job 17, running on core 1, had its quantum expire. Core 1 is now running job 11.
  Queue: 10(0) 11(1) 6(-1) 12(-1) 14(-1) 8(-1) 15(-1) 1(-1) 16(-1) 9(-1) 17(-1) 

At the end of time unit 54...
  Core  0: 0002233225544889955bb7dd881199aa66cc881199aabbcc881199a
  Core  1: -111144116677211aa66cceeffgghh55bbeeffgghh5566eeffgghhb

  Queue: 10(0) 11(1) 6(-1) 12(-1) 14(-1) 8(-1) 15(-1) 1(-1) 16(-1) 9(-1) 17(-1) 

=== [TIME 55] ===
At the end of time unit 55...
  Core  0: 0002233225544889955bb7dd881199aa66cc881199aabbcc881199aa
  Core  1: -111144116677211aa66cceeffgghh55bbeeffgghh5566eeffgghhbb

  Queue: 10(0) 11(1) 6(-1) 12(-1) 14(-1) 8(-1) 15(-1) 1(-1) 16(-1) 9(-1) 17(-1) 

=== [TIME 56] ===
Job 10, running on core 0, had its quantum expire. Core 0 is now running job 6.
  Queue: 11(1) 6(0) 12(-1) 14(-1) 8(-1) 15(-1) 1(-1) 16(-1) 9(-1) 17(-1) 10(-1) 

Job 11, running on core 1, had its quantum expire. Core 1 is now running job 12.
  Queue: 6(0) 12(1) 14(-1) 8(-1) 15(-1) 1(-1) 16(-1) 9(-1) 17(-1) 10(-1) 11(-1) 

At the end of time unit 56...
  Core  0: 0002233225544889955bb7dd881199aa66cc881199aabbcc881199aa6
  Core  1: -111144116677211aa66cceeffgghh55bbeeffgghh5566eeffgghhbbc

  Queue: 6(0) 12(1) 14(-1) 8(-1) 15(-1) 1(-1) 16(-1) 9(-1) 17(-1) 10(-1) 11(-1) 

=== [TIME 57] ===
At the end of time unit 57...
  Core  0: 0002233225544889955bb7dd881199aa66cc881199aabbcc881199aa66
  Core  1: -111144116677211aa66cceeffgghh55bbeeffgghh5566eeffgghhbbcc

  Queue: 6(0) 12(1) 14(-1) 8(-1) 15(-1) 1(-1) 16(-1) 9(-1) 17(-1) 10(-1) 11(-1) 

=== [TIME 58] ===
Job 6, running on core 0, had its quantum expire. Core 0 is now running job 14.
  Queue: 12(1) 14(0) 8(-1) 15(-1) 1(-1) 16(-1) 9(-1) 17(-1) 10(-1) 11(-1) 6(-1) 

Job 12, running on core 1, had its quantum expire. Core 1 is now running job 8.
  Queue: 14(0) 8(1) 15(-1) 1(-1) 16(-1) 9(-1) 17(-1) 10(-1) 11(-1) 6(-1) 12(-1) 

At the end of time unit 58...
  Core  0: 0002233225544889955bb7dd881199aa66cc881199aabbcc881199aa66e
  Core  1: -111144116677211aa66cceeffgghh55bbeeffgghh5566eeffgghhbbcc8

  Queue: 14(0) 8(1) 15(-1) 1(-1) 16(-1) 9(-1) 17(-1) 10(-1) 11(-1) 6(-1) 12(-1) 

=== [TIME 59] ===
Job 14, running on core 0, finished. Core 0 is now running job 15.
  Queue: 8(1) 15(0) 1(-1) 16(-1) 9(-1) 17(-1) 10(-1) 11(-1) 6(-1) 12(-1) 

At the end of time unit 59...
  Core  0: 0002233225544889955bb7dd881199aa66cc881199aabbcc881199aa66ef
  Core  1: -111144116677211aa66cceeffgghh55bbeeffgghh5566eeffgghhbbcc88

  Queue: 8(1) 15(0) 1(-1) 16(-1) 9(-1) 17(-1) 10(-1) 11(-1) 6(-1) 12(-1) 

=== [TIME 60] ===
Job 8, running on core 1, had its quantum expire. Core 1 is now running job 1.
  Queue: 15(0) 1(1) 16(-1) 9(-1) 17(-1) 10(-1) 11(-1) 6(-1) 12(-1) 8(-1) 

At the end of time unit 60...
  Core  0: 0002233225544889955bb7dd881199aa66cc881199aabbcc881199aa66eff
  Core  1: -111144116677211aa66cceeffgghh55bbeeffgghh5566eeffgghhbbcc881

  Queue: 15(0) 1(1) 16(-1) 9(-1) 17(-1) 10(-1) 11(-1) 6(-1) 12(-1) 8(-1) 

=== [TIME 61] ===
Job 15, running on core 0, had its quantum expire. Core 0 is now running job 16.
  Queue: 1(1) 16(0) 9(-1) 17(-1) 10(-1) 11(-1) 6(-1) 12(-1) 8(-1) 15(-1) 

At the end of time unit 61...
  Core  0: 0002233225544889955bb7dd881199aa66cc881199aabbcc881199aa66effg
  Core  1: -111144116677211aa66cceeffgghh55bbeeffgghh5566eeffgghhbbcc8811

  Queue: 1(1) 16(0) 9(-1) 17(-1) 10(-1) 11(-1) 6(-1) 12(-1) 8(-1) 15(-1) 

=== [TIME 62] ===
Job 1, running on core 1, had its quantum expire. Core 1 is now running job 9.
  Queue: 16(0) 9(1) 17(-1) 10(-1) 11(-1) 6(-1) 12(-1) 8(-1) 15(-1) 1(-1) 

At the end of time unit 62...
  Core  0: 0002233225544889955bb7dd881199aa66cc881199aabbcc881199aa66effgg
  Core  1: -111144116677211aa66cceeffgghh55bbeeffgghh5566eeffgghhbbcc88119

  Queue: 16(0) 9(1) 17(-1) 10(-1) 11(-1) 6(-1) 12(-1) 8(-1) 15(-1) 1(-1) 

=== [TIME 63] ===
Job 9, running on core 1, finished. Core 1 is now running job 17.
  Queue: 16(0) 17(1) 10(-1) 11(-1) 6(-1) 12(-1) 8(-1) 15(-1) 1(-1) 

Job 16, running on core 0, had its quantum expire. Core 0 is now running job 10.
  Queue: 17(1) 10(0) 11(-1) 6(-1) 12(-1) 8(-1) 15(-1) 1(-1) 16(-1) 

At the end of time unit 63...
  Core  0: 0002233225544889955bb7dd881199aa66cc881199aabbcc881199aa66effgga
  Core  1: -111144116677211aa66cceeffgghh55bbeeffgghh5566eeffgghhbbcc88119h

  Queue: 17(1) 10(0) 11(-1) 6(-1) 12(-1) 8(-1) 15(-1) 1(-1) 16(-1) 

=== [TIME 64] ===
At the end of time unit 64...
  Core  0: 0002233225544889955bb7dd881199aa66cc881199aabbcc881199aa66effggaa
  Core  1: -111144116677211aa66cceeffgghh55bbeeffgghh5566eeffgghhbbcc88119hh

  Queue: 17(1) 10(0) 11(-1) 6(-1) 12(-1) 8(-1) 15(-1) 1(-1) 16(-1) 

=== [TIME 65] ===
Job 10, running on core 0, had its quantum expire. Core 0 is now running job 11.
  Queue: 17(1) 11(0) 6(-1) 12(-1) 8(-1) 15(-1) 1(-1) 16(-1) 10(-1) 

Job 17, running on core 1, had its quantum expire. Core 1 is now running job 6.
  Queue: 11(0) 6(1) 12(-1) 8(-1) 15(-1) 1(-1) 16(-1) 10(-1) 17(-1) 

At the end of time unit 65...
  Core  0: 0002233225544889955bb7dd881199aa66cc881199aabbcc881199aa66effggaab
  Core  1: -111144116677211aa66cceeffgghh55bbeeffgghh5566eeffgghhbbcc88119hh6

  Queue: 11(0) 6(1) 12(-1) 8(-1) 15(-1) 1(-1) 16(-1) 10(-1) 17(-1) 

=== [TIME 66] ===
Job 11, running on core 0, finished. Core 0 is now running job 12.
  Queue: 6(1) 12(0) 8(-1) 15(-1) 1(-1) 16(-1) 10(-1) 17(-1) 

Job 6, running on core 1, finished. Core 1 is now running job 8.
  Queue: 12(0) 8(1) 15(-1) 1(-1) 16(-1) 10(-1) 17(-1) 

At the end of time unit 66...
  Core  0: 0002233225544889955bb7dd881199aa66cc881199aabbcc881199aa66effggaabc
  Core  1: -111144116677211aa66cceeffgghh55bbeeffgghh5566eeffgghhbbcc88119hh68

  Queue: 12(0) 8(1) 15(-1) 1(-1) 16(-1) 10(-1) 17(-1) 

=== [TIME 67] ===
At the end of time unit 67...
  Core  0: 0002233225544889955bb7dd881199aa66cc881199aabbcc881199aa66effggaabcc
  Core  1: -111144116677211aa66cceeffgghh55bbeeffgghh5566eeffgghhbbcc88119hh688

  Queue: 12(0) 8(1) 15(-1) 1(-1) 16(-1) 10(-1) 17(-1) 

=== [TIME 68] ===
Job 12, running on core 0, had its quantum expire. Core 0 is now running job 15.
  Queue: 8(1) 15(0) 1(-1) 16(-1) 10(-1) 17(-1) 12(-1) 

Job 8, running on core 1, had its quantum expire. Core 1 is now running job 1.
  Queue: 15(0) 1(1) 16(-1) 10(-1) 17(-1) 12(-1) 8(-1) 

At the end of time unit 68...
  Core  0: 0002233225544889955bb7dd881199aa66cc881199aabbcc881199aa66effggaabccf
  Core  1: -111144116677211aa66cceeffgghh55bbeeffgghh5566eeffgghhbbcc88119hh6881

  Queue: 15(0) 1(1) 16(-1) 10(-1) 17(-1) 12(-1) 8(-1) 

=== [TIME 69] ===
At the end of time unit 69...
  Core  0: 0002233225544889955bb7dd881199aa66cc881199aabbcc881199aa66effggaabccff
  Core  1: -111144116677211aa66cceeffgghh55bbeeffgghh5566eeffgghhbbcc88119hh68811

  Queue: 15(0) 1(1) 16(-1) 10(-1) 17(-1) 12(-1) 8(-1) 

=== [TIME 70] ===
Job 15, running on core 0, had its quantum expire. Core 0 is now running job 16.
  Queue: 1(1) 16(0) 10(-1) 17(-1) 12(-1) 8(-1) 15(-1) 

Job 1, running on core 1, had its quantum expire. Core 1 is now running job 10.
  Queue: 16(0) 10(1) 17(-1) 12(-1) 8(-1) 15(-1) 1(-1) 

At the end of time unit 70...
  Core  0: 0002233225544889955bb7dd881199aa66cc881199aabbcc881199aa66effggaabccffg
  Core  1: -111144116677211aa66cceeffgghh55bbeeffgghh5566eeffgghhbbcc88119hh68811a

  Queue: 16(0) 10(1) 17(-1) 12(-1) 8(-1) 15(-1) 1(-1) 

=== [TIME 71] ===
At the end of time unit 71...
  Core  0: 0002233225544889955bb7dd881199aa66cc881199aabbcc881199aa66effggaabccffgg
  Core  1: -111144116677211aa66cceeffgghh55bbeeffgghh5566eeffgghhbbcc88119hh68811aa

  Queue: 16(0) 10(1) 17(-1) 12(-1) 8(-1) 15(-1) 1(-1) 

=== [TIME 72] ===
Job 10, running on core 1, finished. Core 1 is now running job 17.
  Queue: 16(0) 17(1) 12(-1) 8(-1) 15(-1) 1(-1) 

Job 16, running on core 0, had its quantum expire. Core 0 is now running job 12.
  Queue: 17(1) 12(0) 8(-1) 15(-1) 1(-1) 16(-1) 

At the end of time unit 72...
  Core  0: 0002233225544889955bb7dd881199aa66cc881199aabbcc881199aa66effggaabccffggc
  Core  1: -111144116677211aa66cceeffgghh55bbeeffgghh5566eeffgghhbbcc88119hh68811aah

  Queue: 17(1) 12(0) 8(-1) 15(-1) 1(-1) 16(-1) 

=== [TIME 73] ===
Job 17, running on core 1, finished. Core 1 is now running job 8.
  Queue: 12(0) 8(1) 15(-1) 1(-1) 16(-1) 

At the end of time unit 73...
  Core  0: 0002233225544889955bb7dd881199aa66cc881199aabbcc881199aa66effggaabccffggcc
  Core  1: -111144116677211aa66cceeffgghh55bbeeffgghh5566eeffgghhbbcc88119hh68811aah8

  Queue: 12(0) 8(1) 15(-1) 1(-1) 16(-1) 

=== [TIME 74] ===
Job 12, running on core 0, had its quantum expire. Core 0 is now running job 15.
  Queue: 8(1) 15(0) 1(-1) 16(-1) 12(-1) 

At the end of time unit 74...
  Core  0: 0002233225544889955bb7dd881199aa66cc881199aabbcc881199aa66effggaabccffggccf
  Core  1: -111144116677211aa66cceeffgghh55bbeeffgghh5566eeffgghhbbcc88119hh68811aah88

  Queue: 8(1) 15(0) 1(-1) 16(-1) 12(-1) 

=== [TIME 75] ===
Job 8, running on core 1, had its quantum expire. Core 1 is now running job 1.
  Queue: 15(0) 1(1) 16(-1) 12(-1) 8(-1) 

At the end of time unit 75...
  Core  0: 0002233225544889955bb7dd881199aa66cc881199aabbcc881199aa66effggaabccffggccff
  Core  1: -111144116677211aa66cceeffgghh55bbeeffgghh5566eeffgghhbbcc88119hh68811aah881

  Queue: 15(0) 1(1) 16(-1) 12(-1) 8(-1) 

=== [TIME 76] ===
Job 15, running on core 0, finished. Core 0 is now running job 16.
  Queue: 1(1) 16(0) 12(-1) 8(-1) 

At the end of time unit 76...
  Core  0: 0002233225544889955bb7dd881199aa66cc881199aabbcc881199aa66effggaabccffggccffg
  Core  1: -111144116677211aa66cceeffgghh55bbeeffgghh5566eeffgghhbbcc88119hh68811aah8811

  Queue: 1(1) 16(0) 12(-1) 8(-1) 

=== [TIME 77] ===
Job 1, running on core 1, finished. Core 1 is now running job 12.
  Queue: 16(0) 12(1) 8(-1) 

At the end of time unit 77...
  Core  0: 0002233225544889955bb7dd881199aa66cc881199aabbcc881199aa66effggaabccffggccffgg
  Core  1: -111144116677211aa66cceeffgghh55bbeeffgghh5566eeffgghhbbcc88119hh68811aah8811c

  Queue: 16(0) 12(1) 8(-1) 

=== [TIME 78] ===
Job 16, running on core 0, had its quantum expire. Core 0 is now running job 8.
  Queue: 12(1) 8(0) 16(-1) 

At the end of time unit 78...
  Core  0: 0002233225544889955bb7dd881199aa66cc881199aabbcc881199aa66effggaabccffggccffgg8
  Core  1: -111144116677211aa66cceeffgghh55bbeeffgghh5566eeffgghhbbcc88119hh68811aah8811cc

  Queue: 12(1) 8(0) 16(-1) 

=== [TIME 79] ===
Job 8, running on core 0, finished. Core 0 is now running job 16.
  Queue: 12(1) 16(0) 

Job 12, running on core 1, finished. Core 1 is now running job -1.
  Queue: 16(0) 

At the end of time unit 79...
  Core  0: 0002233225544889955bb7dd881199aa66cc881199aabbcc881199aa66effggaabccffggccffgg8g
  Core  1: -111144116677211aa66cceeffgghh55bbeeffgghh5566eeffgghhbbcc88119hh68811aah8811cc-

  Queue: 16(0) 

=== [TIME 80] ===
At the end of time unit 80...
  Core  0: 0002233225544889955bb7dd881199aa66cc881199aabbcc881199aa66effggaabccffggccffgg8gg
  Core  1: -111144116677211aa66cceeffgghh55bbeeffgghh5566eeffgghhbbcc88119hh68811aah8811cc--

  Queue: 16(0) 

=== [TIME 81] ===
Job 16, running on core 0, had its quantum expire. Core 0 is now running job 16.
  Queue: 16(0) 

At the end of time unit 81...
  Core  0: 0002233225544889955bb7dd881199aa66cc881199aabbcc881199aa66effggaabccffggccffgg8ggg
  Core  1: -111144116677211aa66cceeffgghh55bbeeffgghh5566eeffgghhbbcc88119hh68811aah8811cc---

  Queue: 16(0) 

=== [TIME 82] ===
Job 16, running on core 0, finished. Core 0 is now running job -1.
  Queue: 

FINAL TIMING DIAGRAM:
  Core  0: 0002233225544889955bb7dd881199aa66cc881199aabbcc881199aa66effggaabccffggccffgg8ggg
  Core  1: -111144116677211aa66cceeffgghh55bbeeffgghh5566eeffgghhbbcc88119hh68811aah8811cc---

Average Waiting Time: 33.67
Average Turnaround Time: 42.56
Average Response Time: 5.28
