Loaded 1 core(s) and 18 job(s) using Round Robin (RR) with a quantum of 1 scheduling...

=== [TIME 0] ===
A new job, job 0 (running time=3, priority=2), arrived. Job 0 is now running on core 0.
  Queue: 0(0) 

At the end of time unit 0...
  Core  0: 0

  Queue: 0(0) 

=== [TIME 1] ===
Job 0, running on core 0, had its quantum expire. Core 0 is now running job 0.
  Queue: 0(0) 

A new job, job 1 (running time=20, priority=3), arrived. Job 1 is set to idle (-1).
  Queue: 0(0) 1(-1) 

At the end of time unit 1...
  Core  0: 00

  Queue: 0(0) 1(-1) 

=== [TIME 2] ===
Job 0, running on core 0, had its quantum expire. Core 0 is now running job 1.
  Queue: 1(0) 0(-1) 

A new job, job 2 (running time=5, priority=1), arrived. Job 2 is set to idle (-1).
  Queue: 1(0) 0(-1) 2(-1) 

At the end of time unit 2...
  Core  0: 001

  Queue: 1(0) 0(-1) 2(-1) 

=== [TIME 3] ===
Job 1, running on core 0, had its quantum expire. Core 0 is now running job 0.
  Queue: 0(0) 2(-1) 1(-1) 

A new job, job 3 (running time=2, priority=4), arrived. Job 3 is set to idle (-1).
  Queue: 0(0) 2(-1) 1(-1) 3(-1) 

At the end of time unit 3...
  Core  0: 0010

  Queue: 0(0) 2(-1) 1(-1) 3(-1) 

=== [TIME 4] ===
Job 0, running on core 0, finished. Core 0 is now running job 2.
  Queue: 2(0) 1(-1) 3(-1) 

A new job, job 4 (running time=4, priority=5), arrived. Job 4 is set to idle (-1).
  Queue: 2(0) 1(-1) 3(-1) 4(-1) 

At the end of time unit 4...
  Core  0: 00102

  Queue: 2(0) 1(-1) 3(-1) 4(-1) 

=== [TIME 5] ===
Job 2, running on core 0, had its quantum expire. Core 0 is now running job 1.
  Queue: 1(0) 3(-1) 4(-1) 2(-1) 

A new job, job 5 (running time=8, priority=3), arrived. Job 5 is set to idle (-1).
  Queue: 1(0) 3(-1) 4(-1) 2(-1) 5(-1) 

At the end of time unit 5...
  Core  0: 001021

  Queue: 1(0) 3(-1) 4(-1) 2(-1) 5(-1) 

=== [TIME 6] ===
Job 1, running on core 0, had its quantum expire. Core 0 is now running job 3.
  Queue: 3(0) 4(-1) 2(-1) 5(-1) 1(-1) 

A new job, job 6 (running time=11, priority=2), arrived. Job 6 is set to idle (-1).
  Queue: 3(0) 4(-1) 2(-1) 5(-1) 1(-1) 6(-1) 

At the end of time unit 6...
  Core  0: 0010213

  Queue: 3(0) 4(-1) 2(-1) 5(-1) 1(-1) 6(-1) 

=== [TIME 7] ===
Job 3, running on core 0, had its quantum expire. Core 0 is now running job 4.
  Queue: 4(0) 2(-1) 5(-1) 1(-1) 6(-1) 3(-1) 

A new job, job 7 (running time=3, priority=4), arrived. Job 7 is set to idle (-1).
  Queue: 4(0) 2(-1) 5(-1) 1(-1) 6(-1) 3(-1) 7(-1) 

At the end of time unit 7...
  Core  0: 00102134

  Queue: 4(0) 2(-1) 5(-1) 1(-1) 6(-1) 3(-1) 7(-1) 

=== [TIME 8] ===
Job 4, running on core 0, had its quantum expire. Core 0 is now running job 2.
  Queue: 2(0) 5(-1) 1(-1) 6(-1) 3(-1) 7(-1) 4(-1) 

A new job, job 8 (running time=15, priority=1), arrived. Job 8 is set to idle (-1).
  Queue: 2(0) 5(-1) 1(-1) 6(-1) 3(-1) 7(-1) 4(-1) 8(-1) 

At the end of time unit 8...
  Core  0: 001021342

  Queue: 2(0) 5(-1) 1(-1) 6(-1) 3(-1) 7(-1) 4(-1) 8(-1) 

=== [TIME 9] ===
Job 2, running on core 0, had its quantum expire. Core 0 is now running job 5.
  Queue: 5(0) 1(-1) 6(-1) 3(-1) 7(-1) 4(-1) 8(-1) 2(-1) 

A new job, job 9 (running time=9, priority=4), arrived. Job 9 is set to idle (-1).
  Queue: 5(0) 1(-1) 6(-1) 3(-1) 7(-1) 4(-1) 8(-1) 2(-1) 9(-1) 

At the end of time unit 9...
  Core  0: 0010213425

  Queue: 5(0) 1(-1) 6(-1) 3(-1) 7(-1) 4(-1) 8(-1) 2(-1) 9(-1) 

=== [TIME 10] ===
Job 5, running on core 0, had its quantum expire. Core 0 is now running job 1.
  Queue: 1(0) 6(-1) 3(-1) 7(-1) 4(-1) 8(-1) 2(-1) 9(-1) 5(-1) 

A new job, job 10 (running time=12, priority=2), arrived. Job 10 is set to idle (-1).
  Queue: 1(0) 6(-1) 3(-1) 7(-1) 4(-1) 8(-1) 2(-1) 9(-1) 5(-1) 10(-1) 

At the end of time unit 10...
  Core  0: 00102134251

  Queue: 1(0) 6(-1) 3(-1) 7(-1) 4(-1) 8(-1) 2(-1) 9(-1) 5(-1) 10(-1) 

=== [TIME 11] ===
Job 1, running on core 0, had its quantum expire. Core 0 is now running job 6.
  Queue: 6(0) 3(-1) 7(-1) 4(-1) 8(-1) 2(-1) 9(-1) 5(-1) 10(-1) 1(-1) 

A new job, job 11 (running time=9, priority=3), arrived. Job 11 is set to idle (-1).
  Queue: 6(0) 3(-1) 7(-1) 4(-1) 8(-1) 2(-1) 9(-1) 5(-1) 10(-1) 1(-1) 11(-1) 

At the end of time unit 11...
  Core  0: 001021342516

  Queue: 6(0) 3(-1) 7(-1) 4(-1) 8(-1) 2(-1) 9(-1) 5(-1) 10(-1) 1(-1) 11(-1) 

=== [TIME 12] ===
Job 6, running on core 0, had its quantum expire. Core 0 is now running job 3.
  Queue: 3(0) 7(-1) 4(-1) 8(-1) 2(-1) 9(-1) 5(-1) 10(-1) 1(-1) 11(-1) 6(-1) 

A new job, job 12 (running time=14, priority=2), arrived. Job 12 is set to idle (-1).
  Queue: 3(0) 7(-1) 4(-1) 8(-1) 2(-1) 9(-1) 5(-1) 10(-1) 1(-1) 11(-1) 6(-1) 12(-1) 

At the end of time unit 12...
  Core  0: 0010213425163

  Queue: 3(0) 7(-1) 4(-1) 8(-1) 2(-1) 9(-1) 5(-1) 10(-1) 1(-1) 11(-1) 6(-1) 12(-1) 

=== [TIME 13] ===
Job 3, running on core 0, finished. Core 0 is now running job 7.
  Queue: 7(0) 4(-1) 8(-1) 2(-1) 9(-1) 5(-1) 10(-1) 1(-1) 11(-1) 6(-1) 12(-1) 

A new job, job 13 (running time=2, priority=5), arrived. Job 13 is set to idle (-1).
  Queue: 7(0) 4(-1) 8(-1) 2(-1) 9(-1) 5(-1) 10(-1) 1(-1) 11(-1) 6(-1) 12(-1) 13(-1) 

At the end of time unit 13...
  Core  0: 00102134251637

  Queue: 7(0) 4(-1) 8(-1) 2(-1) 9(-1) 5(-1) 10(-1) 1(-1) 11(-1) 6(-1) 12(-1) 13(-1) 

=== [TIME 14] ===
Job 7, running on core 0, had its quantum expire. Core 0 is now running job 4.
  Queue: 4(0) 8(-1) 2(-1) 9(-1) 5(-1) 10(-1) 1(-1) 11(-1) 6(-1) 12(-1) 13(-1) 7(-1) 

A new job, job 14 (running time=7, priority=3), arrived. Job 14 is set to idle (-1).
  Queue: 4(0) 8(-1) 2(-1) 9(-1) 5(-1) 10(-1) 1(-1) 11(-1) 6(-1) 12(-1) 13(-1) 7(-1) 14(-1) 

At the end of time unit 14...
  Core  0: 001021342516374

  Queue: 4(0) 8(-1) 2(-1) 9(-1) 5(-1) 10(-1) 1(-1) 11(-1) 6(-1) 12(-1) 13(-1) 7(-1) 14(-1) 

=== [TIME 15] ===
Job 4, running on core 0, had its quantum expire. Core 0 is now running job 8.
  Queue: 8(0) 2(-1) 9(-1) 5(-1) 10(-1) 1(-1) 11(-1) 6(-1) 12(-1) 13(-1) 7(-1) 14(-1) 4(-1) 

A new job, job 15 (running time=12, priority=2), arrived. Job 15 is set to idle (-1).
  Queue: 8(0) 2(-1) 9(-1) 5(-1) 10(-1) 1(-1) 11(-1) 6(-1) 12(-1) 13(-1) 7(-1) 14(-1) 4(-1) 15(-1) 

At the end of time unit 15...
  Core  0: 0010213425163748

  Queue: 8(0) 2(-1) 9(-1) 5(-1) 10(-1) 1(-1) 11(-1) 6(-1) 12(-1) 13(-1) 7(-1) 14(-1) 4(-1) 15(-1) 

=== [TIME 16] ===
Job 8, running on core 0, had its quantum expire. Core 0 is now running job 2.
  Queue: 2(0) 9(-1) 5(-1) 10(-1) 1(-1) 11(-1) 6(-1) 12(-1) 13(-1) 7(-1) 14(-1) 4(-1) 15(-1) 8(-1) 

A new job, job 16 (running time=15, priority=1), arrived. Job 16 is set to idle (-1).
  Queue: 2(0) 9(-1) 5(-1) 10(-1) 1(-1) 11(-1) 6(-1) 12(-1) 13(-1) 7(-1) 14(-1) 4(-1) 15(-1) 8(-1) 16(-1) 

At the end of time unit 16...
  Core  0: 00102134251637482

  Queue: 2(0) 9(-1) 5(-1) 10(-1) 1(-1) 11(-1) 6(-1) 12(-1) 13(-1) 7(-1) 14(-1) 4(-1) 15(-1) 8(-1) 16(-1) 

=== [TIME 17] ===
Job 2, running on core 0, had its quantum expire. Core 0 is now running job 9.
  Queue: 9(0) 5(-1) 10(-1) 1(-1) 11(-1) 6(-1) 12(-1) 13(-1) 7(-1) 14(-1) 4(-1) 15(-1) 8(-1) 16(-1) 2(-1) 

A new job, job 17 (running time=9, priority=4), arrived. Job 17 is set to idle (-1).
  Queue: 9(0) 5(-1) 10(-1) 1(-1) 11(-1) 6(-1) 12(-1) 13(-1) 7(-1) 14(-1) 4(-1) 15(-1) 8(-1) 16(-1) 2(-1) 17(-1) 

At the end of time unit 17...
  Core  0: 001021342516374829

  Queue: 9(0) 5(-1) 10(-1) 1(-1) 11(-1) 6(-1) 12(-1) 13(-1) 7(-1) 14(-1) 4(-1) 15(-1) 8(-1) 16(-1) 2(-1) 17(-1) 

=== [TIME 18] ===
Job 9, running on core 0, had its quantum expire. Core 0 is now running job 5.
  Queue: 5(0) 10(-1) 1(-1) 11(-1) 6(-1) 12(-1) 13(-1) 7(-1) 14(-1) 4(-1) 15(-1) 8(-1) 16(-1) 2(-1) 17(-1) 9(-1) 

At the end of time unit 18...
  Core  0: 0010213425163748295

  Queue: 5(0) 10(-1) 1(-1) 11(-1) 6(-1) 12(-1) 13(-1) 7(-1) 14(-1) 4(-1) 15(-1) 8(-1) 16(-1) 2(-1) 17(-1) 9(-1) 

=== [TIME 19] ===
Job 5, running on core 0, had its quantum expire. Core 0 is now running job 10.
  Queue: 10(0) 1(-1) 11(-1) 6(-1) 12(-1) 13(-1) 7(-1) 14(-1) 4(-1) 15(-1) 8(-1) 16(-1) 2(-1) 17(-1) 9(-1) 5(-1) 

At the end of time unit 19...
  Core  0: 0010213425163748295a

  Queue: 10(0) 1(-1) 11(-1) 6(-1) 12(-1) 13(-1) 7(-1) 14(-1) 4(-1) 15(-1) 8(-1) 16(-1) 2(-1) 17(-1) 9(-1) 5(-1) 

=== [TIME 20] ===
Job 10, running on core 0, had its quantum expire. Core 0 is now running job 1.
  Queue: 1(0) 11(-1) 6(-1) 12(-1) 13(-1) 7(-1) 14(-1) 4(-1) 15(-1) 8(-1) 16(-1) 2(-1) 17(-1) 9(-1) 5(-1) 10(-1) 

At the end of time unit 20...
  Core  0: 0010213425163748295a1

  Queue: 1(0) 11(-1) 6(-1) 12(-1) 13(-1) 7(-1) 14(-1) 4(-1) 15(-1) 8(-1) 16(-1) 2(-1) 17(-1) 9(-1) 5(-1) 10(-1) 

=== [TIME 21] ===
Job 1, running on core 0, had its quantum expire. Core 0 is now running job 11.
  Queue: 11(0) 6(-1) 12(-1) 13(-1) 7(-1) 14(-1) 4(-1) 15(-1) 8(-1) 16(-1) 2(-1) 17(-1) 9(-1) 5(-1) 10(-1) 1(-1) 

At the end of time unit 21...
  Core  0: 0010213425163748295a1b

  Queue: 11(0) 6(-1) 12(-1) 13(-1) 7(-1) 14(-1) 4(-1) 15(-1) 8(-1) 16(-1) 2(-1) 17(-1) 9(-1) 5(-1) 10(-1) 1(-1) 

=== [TIME 22] ===
Job 11, running on core 0, had its quantum expire. Core 0 is now running job 6.
  Queue: 6(0) 12(-1) 13(-1) 7(-1) 14(-1) 4(-1) 15(-1) 8(-1) 16(-1) 2(-1) 17(-1) 9(-1) 5(-1) 10(-1) 1(-1) 11(-1) 

At the end of time unit 22...
  Core  0: 0010213425163748295a1b6

  Queue: 6(0) 12(-1) 13(-1) 7(-1) 14(-1) 4(-1) 15(-1) 8(-1) 16(-1) 2(-1) 17(-1) 9(-1) 5(-1) 10(-1) 1(-1) 11(-1) 

=== [TIME 23] ===
Job 6, running on core 0, had its quantum expire. Core 0 is now running job 12.
  Queue: 12(0) 13(-1) 7(-1) 14(-1) 4(-1) 15(-1) 8(-1) 16(-1) 2(-1) 17(-1) 9(-1) 5(-1) 10(-1) 1(-1) 11(-1) 6(-1) 

At the end of time unit 23...
  Core  0: 0010213425163748295a1b6c

  Queue: 12(0) 13(-1) 7(-1) 14(-1) 4(-1) 15(-1) 8(-1) 16(-1) 2(-1) 17(-1) 9(-1) 5(-1) 10(-1) 1(-1) 11(-1) 6(-1) 

=== [TIME 24] ===
Job 12, running on core 0, had its quantum expire. Core 0 is now running job 13.
  Queue: 13(0) 7(-1) 14(-1) 4(-1) 15(-1) 8(-1) 16(-1) 2(-1) 17(-1) 9(-1) 5(-1) 10(-1) 1(-1) 11(-1) 6(-1) 12(-1) 

At the end of time unit 24...
  Core  0: 0010213425163748295a1b6cd

  Queue: 13(0) 7(-1) 14(-1) 4(-1) 15(-1) 8(-1) 16(-1) 2(-1) 17(-1) 9(-1) 5(-1) 10(-1) 1(-1) 11(-1) 6(-1) 12(-1) 

=== [TIME 25] ===
Job 13, running on core 0, had its quantum expire. Core 0 is now running job 7.
  Queue: 7(0) 14(-1) 4(-1) 15(-1) 8(-1) 16(-1) 2(-1) 17(-1) 9(-1) 5(-1) 10(-1) 1(-1) 11(-1) 6(-1) 12(-1) 13(-1) 

At the end of time unit 25...
  Core  0: 0010213425163748295a1b6cd7

  Queue: 7(0) 14(-1) 4(-1) 15(-1) 8(-1) 16(-1) 2(-1) 17(-1) 9(-1) 5(-1) 10(-1) 1(-1) 11(-1) 6(-1) 12(-1) 13(-1) 

=== [TIME 26] ===
Job 7, running on core 0, had its quantum expire. Core 0 is now running job 14.
  Queue: 14(0) 4(-1) 15(-1) 8(-1) 16(-1) 2(-1) 17(-1) 9(-1) 5(-1) 10(-1) 1(-1) 11(-1) 6(-1) 12(-1) 13(-1) 7(-1) 

At the end of time unit 26...
  Core  0: 0010213425163748295a1b6cd7e

  Queue: 14(0) 4(-1) 15(-1) 8(-1) 16(-1) 2(-1) 17(-1) 9(-1) 5(-1) 10(-1) 1(-1) 11(-1) 6(-1) 12(-1) 13(-1) 7(-1) 

=== [TIME 27] ===
Job 14, running on core 0, had its quantum expire. Core 0 is now running job 4.
  Queue: 4(0) 15(-1) 8(-1) 16(-1) 2(-1) 17(-1) 9(-1) 5(-1) 10(-1) 1(-1) 11(-1) 6(-1) 12(-1) 13(-1) 7(-1) 14(-1) 

At the end of time unit 27...
  Core  0: 0010213425163748295a1b6cd7e4

  Queue: 4(0) 15(-1) 8(-1) 16(-1) 2(-1) 17(-1) 9(-1) 5(-1) 10(-1) 1(-1) 11(-1) 6(-1) 12(-1) 13(-1) 7(-1) 14(-1) 

=== [TIME 28] ===
Job 4, running on core 0, had its quantum expire. Core 0 is now running job 15.
  Queue: 15(0) 8(-1) 16(-1) 2(-1) 17(-1) 9(-1) 5(-1) 10(-1) 1(-1) 11(-1) 6(-1) 12(-1) 13(-1) 7(-1) 14(-1) 4(-1) 

At the end of time unit 28...
  Core  0: 0010213425163748295a1b6cd7e4f

  Queue: 15(0) 8(-1) 16(-1) 2(-1) 17(-1) 9(-1) 5(-1) 10(-1) 1(-1) 11(-1) 6(-1) 12(-1) 13(-1) 7(-1) 14(-1) 4(-1) 

=== [TIME 29] ===
Job 15, running on core 0, had its quantum expire. Core 0 is now running job 8.
  Queue: 8(0) 16(-1) 2(-1) 17(-1) 9(-1) 5(-1) 10(-1) 1(-1) 11(-1) 6(-1) 12(-1) 13(-1) 7(-1) 14(-1) 4(-1) 15(-1) 

At the end of time unit 29...
  Core  0: 0010213425163748295a1b6cd7e4f8

  Queue: 8(0) 16(-1) 2(-1) 17(-1) 9(-1) 5(-1) 10(-1) 1(-1) 11(-1) 6(-1) 12(-1) 13(-1) 7(-1) 14(-1) 4(-1) 15(-1) 

=== [TIME 30] ===
Job 8, running on core 0, had its quantum expire. Core 0 is now running job 16.
  Queue: 16(0) 2(-1) 17(-1) 9(-1) 5(-1) 10(-1) 1(-1) 11(-1) 6(-1) 12(-1) 13(-1) 7(-1) 14(-1) 4(-1) 15(-1) 8(-1) 

At the end of time unit 30...
  Core  0: 0010213425163748295a1b6cd7e4f8g

  Queue: 16(0) 2(-1) 17(-1) 9(-1) 5(-1) 10(-1) 1(-1) 11(-1) 6(-1) 12(-1) 13(-1) 7(-1) 14(-1) 4(-1) 15(-1) 8(-1) 

=== [TIME 31] ===
Job 16, running on core 0, had its quantum expire. Core 0 is now running job 2.
  Queue: 2(0) 17(-1) 9(-1) 5(-1) 10(-1) 1(-1) 11(-1) 6(-1) 12(-1) 13(-1) 7(-1) 14(-1) 4(-1) 15(-1) 8(-1) 16(-1) 

At the end of time unit 31...
  Core  0: 0010213425163748295a1b6cd7e4f8g2

  Queue: 2(0) 17(-1) 9(-1) 5(-1) 10(-1) 1(-1) 11(-1) 6(-1) 12(-1) 13(-1) 7(-1) 14(-1) 4(-1) 15(-1) 8(-1) 16(-1) 

=== [TIME 32] ===
Job 2, running on core 0, had its quantum expire. Core 0 is now running job 17.
  Queue: 17(0) 9(-1) 5(-1) 10(-1) 1(-1) 11(-1) 6(-1) 12(-1) 13(-1) 7(-1) 14(-1) 4(-1) 15(-1) 8(-1) 16(-1) 2(-1) 

At the end of time unit 32...
  Core  0: 0010213425163748295a1b6cd7e4f8g2h

  Queue: 17(0) 9(-1) 5(-1) 10(-1) 1(-1) 11(-1) 6(-1) 12(-1) 13(-1) 7(-1) 14(-1) 4(-1) 15(-1) 8(-1) 16(-1) 2(-1) 

=== [TIME 33] ===
Job 17, running on core 0, had its quantum expire. Core 0 is now running job 9.
  Queue: 9(0) 5(-1) 10(-1) 1(-1) 11(-1) 6(-1) 12(-1) 13(-1) 7(-1) 14(-1) 4(-1) 15(-1) 8(-1) 16(-1) 2(-1) 17(-1) 

At the end of time unit 33...
  Core  0: 0010213425163748295a1b6cd7e4f8g2h9

  Queue: 9(0) 5(-1) 10(-1) 1(-1) 11(-1) 6(-1) 12(-1) 13(-1) 7(-1) 14(-1) 4(-1) 15(-1) 8(-1) 16(-1) 2(-1) 17(-1) 

=== [TIME 34] ===
Job 9, running on core 0, had its quantum expire. Core 0 is now running job 5.
  Queue: 5(0) 10(-1) 1(-1) 11(-1) 6(-1) 12(-1) 13(-1) 7(-1) 14(-1) 4(-1) 15(-1) 8(-1) 16(-1) 2(-1) 17(-1) 9(-1) 

At the end of time unit 34...
  Core  0: 0010213425163748295a1b6cd7e4f8g2h95

  Queue: 5(0) 10(-1) 1(-1) 11(-1) 6(-1) 12(-1) 13(-1) 7(-1) 14(-1) 4(-1) 15(-1) 8(-1) 16(-1) 2(-1) 17(-1) 9(-1) 

=== [TIME 35] ===
Job 5, running on core 0, had its quantum expire. Core 0 is now running job 10.
  Queue: 10(0) 1(-1) 11(-1) 6(-1) 12(-1) 13(-1) 7(-1) 14(-1) 4(-1) 15(-1) 8(-1) 16(-1) 2(-1) 17(-1) 9(-1) 5(-1) 

At the end of time unit 35...
  Core  0: 0010213425163748295a1b6cd7e4f8g2h95a

  Queue: 10(0) 1(-1) 11(-1) 6(-1) 12(-1) 13(-1) 7(-1) 14(-1) 4(-1) 15(-1) 8(-1) 16(-1) 2(-1) 17(-1) 9(-1) 5(-1) 

=== [TIME 36] ===
Job 10, running on core 0, had its quantum expire. Core 0 is now running job 1.
  Queue: 1(0) 11(-1) 6(-1) 12(-1) 13(-1) 7(-1) 14(-1) 4(-1) 15(-1) 8(-1) 16(-1) 2(-1) 17(-1) 9(-1) 5(-1) 10(-1) 

At the end of time unit 36...
  Core  0: 0010213425163748295a1b6cd7e4f8g2h95a1

  Queue: 1(0) 11(-1) 6(-1) 12(-1) 13(-1) 7(-1) 14(-1) 4(-1) 15(-1) 8(-1) 16(-1) 2(-1) 17(-1) 9(-1) 5(-1) 10(-1) 

=== [TIME 37] ===
Job 1, running on core 0, had its quantum expire. Core 0 is now running job 11.
  Queue: 11(0) 6(-1) 12(-1) 13(-1) 7(-1) 14(-1) 4(-1) 15(-1) 8(-1) 16(-1) 2(-1) 17(-1) 9(-1) 5(-1) 10(-1) 1(-1) 

At the end of time unit 37...
  Core  0: 0010213425163748295a1b6cd7e4f8g2h95a1b

  Queue: 11(0) 6(-1) 12(-1) 13(-1) 7(-1) 14(-1) 4(-1) 15(-1) 8(-1) 16(-1) 2(-1) 17(-1) 9(-1) 5(-1) 10(-1) 1(-1) 

=== [TIME 38] ===
Job 11, running on core 0, had its quantum expire. Core 0 is now running job 6.
  Queue: 6(0) 12(-1) 13(-1) 7(-1) 14(-1) 4(-1) 15(-1) 8(-1) 16(-1) 2(-1) 17(-1) 9(-1) 5(-1) 10(-1) 1(-1) 11(-1) 

At the end of time unit 38...
  Core  0: 0010213425163748295a1b6cd7e4f8g2h95a1b6

  Queue: 6(0) 12(-1) 13(-1) 7(-1) 14(-1) 4(-1) 15(-1) 8(-1) 16(-1) 2(-1) 17(-1) 9(-1) 5(-1) 10(-1) 1(-1) 11(-1) 

=== [TIME 39] ===
Job 6, running on core 0, had its quantum expire. Core 0 is now running job 12.
  Queue: 12(0) 13(-1) 7(-1) 14(-1) 4(-1) 15(-1) 8(-1) 16(-1) 2(-1) 17(-1) 9(-1) 5(-1) 10(-1) 1(-1) 11(-1) 6(-1) 

At the end of time unit 39...
  Core  0: 0010213425163748295a1b6cd7e4f8g2h95a1b6c

  Queue: 12(0) 13(-1) 7(-1) 14(-1) 4(-1) 15(-1) 8(-1) 16(-1) 2(-1) 17(-1) 9(-1) 5(-1) 10(-1) 1(-1) 11(-1) 6(-1) 

=== [TIME 40] ===
Job 12, running on core 0, had its quantum expire. Core 0 is now running job 13.
  Queue: 13(0) 7(-1) 14(-1) 4(-1) 15(-1) 8(-1) 16(-1) 2(-1) 17(-1) 9(-1) 5(-1) 10(-1) 1(-1) 11(-1) 6(-1) 12(-1) 

At the end of time unit 40...
  Core  0: 0010213425163748295a1b6cd7e4f8g2h95a1b6cd

  Queue: 13(0) 7(-1) 14(-1) 4(-1) 15(-1) 8(-1) 16(-1) 2(-1) 17(-1) 9(-1) 5(-1) 10(-1) 1(-1) 11(-1) 6(-1) 12(-1) 

=== [TIME 41] ===
Job 13, running on core 0, finished. Core 0 is now running job 7.
  Queue: 7(0) 14(-1) 4(-1) 15(-1) 8(-1) 16(-1) 2(-1) 17(-1) 9(-1) 5(-1) 10(-1) 1(-1) 11(-1) 6(-1) 12(-1) 

At the end of time unit 41...
  Core  0: 0010213425163748295a1b6cd7e4f8g2h95a1b6cd7

  Queue: 7(0) 14(-1) 4(-1) 15(-1) 8(-1) 16(-1) 2(-1) 17(-1) 9(-1) 5(-1) 10(-1) 1(-1) 11(-1) 6(-1) 12(-1) 

=== [TIME 42] ===
Job 7, running on core 0, finished. Core 0 is now running job 14.
  Queue: 14(0) 4(-1) 15(-1) 8(-1) 16(-1) 2(-1) 17(-1) 9(-1) 5(-1) 10(-1) 1(-1) 11(-1) 6(-1) 12(-1) 

At the end of time unit 42...
  Core  0: 0010213425163748295a1b6cd7e4f8g2h95a1b6cd7e

  Queue: 14(0) 4(-1) 15(-1) 8(-1) 16(-1) 2(-1) 17(-1) 9(-1) 5(-1) 10(-1) 1(-1) 11(-1) 6(-1) 12(-1) 

=== [TIME 43] ===
Job 14, running on core 0, had its quantum expire. Core 0 is now running job 4.
  Queue: 4(0) 15(-1) 8(-1) 16(-1) 2(-1) 17(-1) 9(-1) 5(-1) 10(-1) 1(-1) 11(-1) 6(-1) 12(-1) 14(-1) 

At the end of time unit 43...
  Core  0: 0010213425163748295a1b6cd7e4f8g2h95a1b6cd7e4

  Queue: 4(0) 15(-1) 8(-1) 16(-1) 2(-1) 17(-1) 9(-1) 5(-1) 10(-1) 1(-1) 11(-1) 6(-1) 12(-1) 14(-1) 

=== [TIME 44] ===
Job 4, running on core 0, finished. Core 0 is now running job 15.
  Queue: 15(0) 8(-1) 16(-1) 2(-1) 17(-1) 9(-1) 5(-1) 10(-1) 1(-1) 11(-1) 6(-1) 12(-1) 14(-1) 

At the end of time unit 44...
  Core  0: 0010213425163748295a1b6cd7e4f8g2h95a1b6cd7e4f

  Queue: 15(0) 8(-1) 16(-1) 2(-1) 17(-1) 9(-1) 5(-1) 10(-1) 1(-1) 11(-1) 6(-1) 12(-1) 14(-1) 

=== [TIME 45] ===
Job 15, running on core 0, had its quantum expire. Core 0 is now running job 8.
  Queue: 8(0) 16(-1) 2(-1) 17(-1) 9(-1) 5(-1) 10(-1) 1(-1) 11(-1) 6(-1) 12(-1) 14(-1) 15(-1) 

At the end of time unit 45...
  Core  0: 0010213425163748295a1b6cd7e4f8g2h95a1b6cd7e4f8

  Queue: 8(0) 16(-1) 2(-1) 17(-1) 9(-1) 5(-1) 10(-1) 1(-1) 11(-1) 6(-1) 12(-1) 14(-1) 15(-1) 

=== [TIME 46] ===
Job 8, running on core 0, had its quantum expire. Core 0 is now running job 16.
  Queue: 16(0) 2(-1) 17(-1) 9(-1) 5(-1) 10(-1) 1(-1) 11(-1) 6(-1) 12(-1) 14(-1) 15(-1) 8(-1) 

At the end of time unit 46...
  Core  0: 0010213425163748295a1b6cd7e4f8g2h95a1b6cd7e4f8g

  Queue: 16(0) 2(-1) 17(-1) 9(-1) 5(-1) 10(-1) 1(-1) 11(-1) 6(-1) 12(-1) 14(-1) 15(-1) 8(-1) 

=== [TIME 47] ===
Job 16, running on core 0, had its quantum expire. Core 0 is now running job 2.
  Queue: 2(0) 17(-1) 9(-1) 5(-1) 10(-1) 1(-1) 11(-1) 6(-1) 12(-1) 14(-1) 15(-1) 8(-1) 16(-1) 

At the end of time unit 47...
  Core  0: 0010213425163748295a1b6cd7e4f8g2h95a1b6cd7e4f8g2

  Queue: 2(0) 17(-1) 9(-1) 5(-1) 10(-1) 1(-1) 11(-1) 6(-1) 12(-1) 14(-1) 15(-1) 8(-1) 16(-1) 

=== [TIME 48] ===
Job 2, running on core 0, finished. Core 0 is now running job 17.
  Queue: 17(0) 9(-1) 5(-1) 10(-1) 1(-1) 11(-1) 6(-1) 12(-1) 14(-1) 15(-1) 8(-1) 16(-1) 

At the end of time unit 48...
  Core  0: 0010213425163748295a1b6cd7e4f8g2h95a1b6cd7e4f8g2h

  Queue: 17(0) 9(-1) 5(-1) 10(-1) 1(-1) 11(-1) 6(-1) 12(-1) 14(-1) 15(-1) 8(-1) 16(-1) 

=== [TIME 49] ===
Job 17, running on core 0, had its quantum expire. Core 0 is now running job 9.
  Queue: 9(0) 5(-1) 10(-1) 1(-1) 11(-1) 6(-1) 12(-1) 14(-1) 15(-1) 8(-1) 16(-1) 17(-1) 

At the end of time unit 49...
  Core  0: 0010213425163748295a1b6cd7e4f8g2h95a1b6cd7e4f8g2h9

  Queue: 9(0) 5(-1) 10(-1) 1(-1) 11(-1) 6(-1) 12(-1) 14(-1) 15(-1) 8(-1) 16(-1) 17(-1) 

=== [TIME 50] ===
Job 9, running on core 0, had its quantum expire. Core 0 is now running job 5.
  Queue: 5(0) 10(-1) 1(-1) 11(-1) 6(-1) 12(-1) 14(-1) 15(-1) 8(-1) 16(-1) 17(-1) 9(-1) 

At the end of time unit 50...
  Core  0: 0010213425163748295a1b6cd7e4f8g2h95a1b6cd7e4f8g2h95

  Queue: 5(0) 10(-1) 1(-1) 11(-1) 6(-1) 12(-1) 14(-1) 15(-1) 8(-1) 16(-1) 17(-1) 9(-1) 

=== [TIME 51] ===
Job 5, running on core 0, had its quantum expire. Core 0 is now running job 10.
  Queue: 10(0) 1(-1) 11(-1) 6(-1) 12(-1) 14(-1) 15(-1) 8(-1) 16(-1) 17(-1) 9(-1) 5(-1) 

At the end of time unit 51...
  Core  0: 0010213425163748295a1b6cd7e4f8g2h95a1b6cd7e4f8g2h95a

  Queue: 10(0) 1(-1) 11(-1) 6(-1) 12(-1) 14(-1) 15(-1) 8(-1) 16(-1) 17(-1) 9(-1) 5(-1) 

=== [TIME 52] ===
Job 10, running on core 0, had its quantum expire. Core 0 is now running job 1.
  Queue: 1(0) 11(-1) 6(-1) 12(-1) 14(-1) 15(-1) 8(-1) 16(-1) 17(-1) 9(-1) 5(-1) 10(-1) 

At the end of time unit 52...
  Core  0: 0010213425163748295a1b6cd7e4f8g2h95a1b6cd7e4f8g2h95a1

  Queue: 1(0) 11(-1) 6(-1) 12(-1) 14(-1) 15(-1) 8(-1) 16(-1) 17(-1) 9(-1) 5(-1) 10(-1) 

=== [TIME 53] ===
Job 1, running on core 0, had its quantum expire. Core 0 is now running job 11.
  Queue: 11(0) 6(-1) 12(-1) 14(-1) 15(-1) 8(-1) 16(-1) 17(-1) 9(-1) 5(-1) 10(-1) 1(-1) 

At the end of time unit 53...
  Core  0: 0010213425163748295a1b6cd7e4f8g2h95a1b6cd7e4f8g2h95a1b

  Queue: 11(0) 6(-1) 12(-1) 14(-1) 15(-1) 8(-1) 16(-1) 17(-1) 9(-1) 5(-1) 10(-1) 1(-1) 

=== [TIME 54] ===
Job 11, running on core 0, had its quantum expire. Core 0 is now running job 6.
  Queue: 6(0) 12(-1) 14(-1) 15(-1) 8(-1) 16(-1) 17(-1) 9(-1) 5(-1) 10(-1) 1(-1) 11(-1) 

At the end of time unit 54...
  Core  0: 0010213425163748295a1b6cd7e4f8g2h95a1b6cd7e4f8g2h95a1b6

  Queue: 6(0) 12(-1) 14(-1) 15(-1) 8(-1) 16(-1) 17(-1) 9(-1) 5(-1) 10(-1) 1(-1) 11(-1) 

=== [TIME 55] ===
Job 6, running on core 0, had its quantum expire. Core 0 is now running job 12.
  Queue: 12(0) 14(-1) 15(-1) 8(-1) 16(-1) 17(-1) 9(-1) 5(-1) 10(-1) 1(-1) 11(-1) 6(-1) 

At the end of time unit 55...
  Core  0: 0010213425163748295a1b6cd7e4f8g2h95a1b6cd7e4f8g2h95a1b6c

  Queue: 12(0) 14(-1) 15(-1) 8(-1) 16(-1) 17(-1) 9(-1) 5(-1) 10(-1) 1(-1) 11(-1) 6(-1) 

=== [TIME 56] ===
Job 12, running on core 0, had its quantum expire. Core 0 is now running job 14.
  Queue: 14(0) 15(-1) 8(-1) 16(-1) 17(-1) 9(-1) 5(-1) 10(-1) 1(-1) 11(-1) 6(-1) 12(-1) 

At the end of time unit 56...
  Core  0: 0010213425163748295a1b6cd7e4f8g2h95a1b6cd7e4f8g2h95a1b6ce

  Queue: 14(0) 15(-1) 8(-1) 16(-1) 17(-1) 9(-1) 5(-1) 10(-1) 1(-1) 11(-1) 6(-1) 12(-1) 

=== [TIME 57] ===
Job 14, running on core 0, had its quantum expire. Core 0 is now running job 15.
  Queue: 15(0) 8(-1) 16(-1) 17(-1) 9(-1) 5(-1) 10(-1) 1(-1) 11(-1) 6(-1) 12(-1) 14(-1) 

At the end of time unit 57...
  Core  0: 0010213425163748295a1b6cd7e4f8g2h95a1b6cd7e4f8g2h95a1b6cef

  Queue: 15(0) 8(-1) 16(-1) 17(-1) 9(-1) 5(-1) 10(-1) 1(-1) 11(-1) 6(-1) 12(-1) 14(-1) 

=== [TIME 58] ===
Job 15, running on core 0, had its quantum expire. Core 0 is now running job 8.
  Queue: 8(0) 16(-1) 17(-1) 9(-1) 5(-1) 10(-1) 1(-1) 11(-1) 6(-1) 12(-1) 14(-1) 15(-1) 

At the end of time unit 58...
  Core  0: 0010213425163748295a1b6cd7e4f8g2h95a1b6cd7e4f8g2h95a1b6cef8

  Queue: 8(0) 16(-1) 17(-1) 9(-1) 5(-1) 10(-1) 1(-1) 11(-1) 6(-1) 12(-1) 14(-1) 15(-1) 

=== [TIME 59] ===
Job 8, running on core 0, had its quantum expire. Core 0 is now running job 16.
  Queue: 16(0) 17(-1) 9(-1) 5(-1) 10(-1) 1(-1) 11(-1) 6(-1) 12(-1) 14(-1) 15(-1) 8(-1) 

At the end of time unit 59...
  Core  0: 0010213425163748295a1b6cd7e4f8g2h95a1b6cd7e4f8g2h95a1b6cef8g

  Queue: 16(0) 17(-1) 9(-1) 5(-1) 10(-1) 1(-1) 11(-1) 6(-1) 12(-1) 14(-1) 15(-1) 8(-1) 

=== [TIME 60] ===
Job 16, running on core 0, had its quantum expire. Core 0 is now running job 17.
  Queue: 17(0) 9(-1) 5(-1) 10(-1) 1(-1) 11(-1) 6(-1) 12(-1) 14(-1) 15(-1) 8(-1) 16(-1) 

At the end of time unit 60...
  Core  0: 0010213425163748295a1b6cd7e4f8g2h95a1b6cd7e4f8g2h95a1b6cef8gh

  Queue: 17(0) 9(-1) 5(-1) 10(-1) 1(-1) 11(-1) 6(-1) 12(-1) 14(-1) 15(-1) 8(-1) 16(-1) 

=== [TIME 61] ===
Job 17, running on core 0, had its quantum expire. Core 0 is now running job 9.
  Queue: 9(0) 5(-1) 10(-1) 1(-1) 11(-1) 6(-1) 12(-1) 14(-1) 15(-1) 8(-1) 16(-1) 17(-1) 

At the end of time unit 61...
  Core  0: 0010213425163748295a1b6cd7e4f8g2h95a1b6cd7e4f8g2h95a1b6cef8gh9

  Queue: 9(0) 5(-1) 10(-1) 1(-1) 11(-1) 6(-1) 12(-1) 14(-1) 15(-1) 8(-1) 16(-1) 17(-1) 

=== [TIME 62] ===
Job 9, running on core 0, had its quantum expire. Core 0 is now running job 5.
  Queue: 5(0) 10(-1) 1(-1) 11(-1) 6(-1) 12(-1) 14(-1) 15(-1) 8(-1) 16(-1) 17(-1) 9(-1) 

At the end of time unit 62...
  Core  0: 0010213425163748295a1b6cd7e4f8g2h95a1b6cd7e4f8g2h95a1b6cef8gh95

  Queue: 5(0) 10(-1) 1(-1) 11(-1) 6(-1) 12(-1) 14(-1) 15(-1) 8(-1) 16(-1) 17(-1) 9(-1) 

=== [TIME 63] ===
Job 5, running on core 0, had its quantum expire. Core 0 is now running job 10.
  Queue: 10(0) 1(-1) 11(-1) 6(-1) 12(-1) 14(-1) 15(-1) 8(-1) 16(-1) 17(-1) 9(-1) 5(-1) 

At the end of time unit 63...
  Core  0: 0010213425163748295a1b6cd7e4f8g2h95a1b6cd7e4f8g2h95a1b6cef8gh95a

  Queue: 10(0) 1(-1) 11(-1) 6(-1) 12(-1) 14(-1) 15(-1) 8(-1) 16(-1) 17(-1) 9(-1) 5(-1) 

=== [TIME 64] ===
Job 10, running on core 0, had its quantum expire. Core 0 is now running job 1.
  Queue: 1(0) 11(-1) 6(-1) 12(-1) 14(-1) 15(-1) 8(-1) 16(-1) 17(-1) 9(-1) 5(-1) 10(-1) 

At the end of time unit 64...
  Core  0: 0010213425163748295a1b6cd7e4f8g2h95a1b6cd7e4f8g2h95a1b6cef8gh95a1

  Queue: 1(0) 11(-1) 6(-1) 12(-1) 14(-1) 15(-1) 8(-1) 16(-1) 17(-1) 9(-1) 5(-1) 10(-1) 

=== [TIME 65] ===
Job 1, running on core 0, had its quantum expire. Core 0 is now running job 11.
  Queue: 11(0) 6(-1) 12(-1) 14(-1) 15(-1) 8(-1) 16(-1) 17(-1) 9(-1) 5(-1) 10(-1) 1(-1) 

At the end of time unit 65...
  Core  0: 0010213425163748295a1b6cd7e4f8g2h95a1b6cd7e4f8g2h95a1b6cef8gh95a1b

  Queue: 11(0) 6(-1) 12(-1) 14(-1) 15(-1) 8(-1) 16(-1) 17(-1) 9(-1) 5(-1) 10(-1) 1(-1) 

=== [TIME 66] ===
Job 11, running on core 0, had its quantum expire. Core 0 is now running job 6.
  Queue: 6(0) 12(-1) 14(-1) 15(-1) 8(-1) 16(-1) 17(-1) 9(-1) 5(-1) 10(-1) 1(-1) 11(-1) 

At the end of time unit 66...
  Core  0: 0010213425163748295a1b6cd7e4f8g2h95a1b6cd7e4f8g2h95a1b6cef8gh95a1b6

  Queue: 6(0) 12(-1) 14(-1) 15(-1) 8(-1) 16(-1) 17(-1) 9(-1) 5(-1) 10(-1) 1(-1) 11(-1) 

=== [TIME 67] ===
Job 6, running on core 0, had its quantum expire. Core 0 is now running job 12.
  Queue: 12(0) 14(-1) 15(-1) 8(-1) 16(-1) 17(-1) 9(-1) 5(-1) 10(-1) 1(-1) 11(-1) 6(-1) 

At the end of time unit 67...
  Core  0: 0010213425163748295a1b6cd7e4f8g2h95a1b6cd7e4f8g2h95a1b6cef8gh95a1b6c

  Queue: 12(0) 14(-1) 15(-1) 8(-1) 16(-1) 17(-1) 9(-1) 5(-1) 10(-1) 1(-1) 11(-1) 6(-1) 

=== [TIME 68] ===
Job 12, running on core 0, had its quantum expire. Core 0 is now running job 14.
  Queue: 14(0) 15(-1) 8(-1) 16(-1) 17(-1) 9(-1) 5(-1) 10(-1) 1(-1) 11(-1) 6(-1) 12(-1) 

At the end of time unit 68...
  Core  0: 0010213425163748295a1b6cd7e4f8g2h95a1b6cd7e4f8g2h95a1b6cef8gh95a1b6ce

  Queue: 14(0) 15(-1) 8(-1) 16(-1) 17(-1) 9(-1) 5(-1) 10(-1) 1(-1) 11(-1) 6(-1) 12(-1) 

=== [TIME 69] ===
Job 14, running on core 0, had its quantum expire. Core 0 is now running job 15.
  Queue: 15(0) 8(-1) 16(-1) 17(-1) 9(-1) 5(-1) 10(-1) 1(-1) 11(-1) 6(-1) 12(-1) 14(-1) 

At the end of time unit 69...
  Core  0: 0010213425163748295a1b6cd7e4f8g2h95a1b6cd7e4f8g2h95a1b6cef8gh95a1b6cef

  Queue: 15(0) 8(-1) 16(-1) 17(-1) 9(-1) 5(-1) 10(-1) 1(-1) 11(-1) 6(-1) 12(-1) 14(-1) 

=== [TIME 70] ===
Job 15, running on core 0, had its quantum expire. Core 0 is now running job 8.
  Queue: 8(0) 16(-1) 17(-1) 9(-1) 5(-1) 10(-1) 1(-1) 11(-1) 6(-1) 12(-1) 14(-1) 15(-1) 

At the end of time unit 70...
  Core  0: 0010213425163748295a1b6cd7e4f8g2h95a1b6cd7e4f8g2h95a1b6cef8gh95a1b6cef8

  Queue: 8(0) 16(-1) 17(-1) 9(-1) 5(-1) 10(-1) 1(-1) 11(-1) 6(-1) 12(-1) 14(-1) 15(-1) 

=== [TIME 71] ===
Job 8, running on core 0, had its quantum expire. Core 0 is now running job 16.
  Queue: 16(0) 17(-1) 9(-1) 5(-1) 10(-1) 1(-1) 11(-1) 6(-1) 12(-1) 14(-1) 15(-1) 8(-1) 

At the end of time unit 71...
  Core  0: 0010213425163748295a1b6cd7e4f8g2h95a1b6cd7e4f8g2h95a1b6cef8gh95a1b6cef8g

  Queue: 16(0) 17(-1) 9(-1) 5(-1) 10(-1) 1(-1) 11(-1) 6(-1) 12(-1) 14(-1) 15(-1) 8(-1) 

=== [TIME 72] ===
Job 16, running on core 0, had its quantum expire. Core 0 is now running job 17.
  Queue: 17(0) 9(-1) 5(-1) 10(-1) 1(-1) 11(-1) 6(-1) 12(-1) 14(-1) 15(-1) 8(-1) 16(-1) 

At the end of time unit 72...
  Core  0: 0010213425163748295a1b6cd7e4f8g2h95a1b6cd7e4f8g2h95a1b6cef8gh95a1b6cef8gh

  Queue: 17(0) 9(-1) 5(-1) 10(-1) 1(-1) 11(-1) 6(-1) 12(-1) 14(-1) 15(-1) 8(-1) 16(-1) 

=== [TIME 73] ===
Job 17, running on core 0, had its quantum expire. Core 0 is now running job 9.
  Queue: 9(0) 5(-1) 10(-1) 1(-1) 11(-1) 6(-1) 12(-1) 14(-1) 15(-1) 8(-1) 16(-1) 17(-1) 

At the end of time unit 73...
  Core  0: 0010213425163748295a1b6cd7e4f8g2h95a1b6cd7e4f8g2h95a1b6cef8gh95a1b6cef8gh9

  Queue: 9(0) 5(-1) 10(-1) 1(-1) 11(-1) 6(-1) 12(-1) 14(-1) 15(-1) 8(-1) 16(-1) 17(-1) 

=== [TIME 74] ===
Job 9, running on core 0, had its quantum expire. Core 0 is now running job 5.
  Queue: 5(0) 10(-1) 1(-1) 11(-1) 6(-1) 12(-1) 14(-1) 15(-1) 8(-1) 16(-1) 17(-1) 9(-1) 

At the end of time unit 74...
  Core  0: 0010213425163748295a1b6cd7e4f8g2h95a1b6cd7e4f8g2h95a1b6cef8gh95a1b6cef8gh95

  Queue: 5(0) 10(-1) 1(-1) 11(-1) 6(-1) 12(-1) 14(-1) 15(-1) 8(-1) 16(-1) 17(-1) 9(-1) 

=== [TIME 75] ===
Job 5, running on core 0, had its quantum expire. Core 0 is now running job 10.
  Queue: 10(0) 1(-1) 11(-1) 6(-1) 12(-1) 14(-1) 15(-1) 8(-1) 16(-1) 17(-1) 9(-1) 5(-1) 

At the end of time unit 75...
  Core  0: 0010213425163748295a1b6cd7e4f8g2h95a1b6cd7e4f8g2h95a1b6cef8gh95a1b6cef8gh95a

  Queue: 10(0) 1(-1) 11(-1) 6(-1) 12(-1) 14(-1) 15(-1) 8(-1) 16(-1) 17(-1) 9(-1) 5(-1) 

=== [TIME 76] ===
Job 10, running on core 0, had its quantum expire. Core 0 is now running job 1.
  Queue: 1(0) 11(-1) 6(-1) 12(-1) 14(-1) 15(-1) 8(-1) 16(-1) 17(-1) 9(-1) 5(-1) 10(-1) 

At the end of time unit 76...
  Core  0: 0010213425163748295a1b6cd7e4f8g2h95a1b6cd7e4f8g2h95a1b6cef8gh95a1b6cef8gh95a1

  Queue: 1(0) 11(-1) 6(-1) 12(-1) 14(-1) 15(-1) 8(-1) 16(-1) 17(-1) 9(-1) 5(-1) 10(-1) 

=== [TIME 77] ===
Job 1, running on core 0, had its quantum expire. Core 0 is now running job 11.
  Queue: 11(0) 6(-1) 12(-1) 14(-1) 15(-1) 8(-1) 16(-1) 17(-1) 9(-1) 5(-1) 10(-1) 1(-1) 

At the end of time unit 77...
  Core  0: 0010213425163748295a1b6cd7e4f8g2h95a1b6cd7e4f8g2h95a1b6cef8gh95a1b6cef8gh95a1b

  Queue: 11(0) 6(-1) 12(-1) 14(-1) 15(-1) 8(-1) 16(-1) 17(-1) 9(-1) 5(-1) 10(-1) 1(-1) 

=== [TIME 78] ===
Job 11, running on core 0, had its quantum expire. Core 0 is now running job 6.
  Queue: 6(0) 12(-1) 14(-1) 15(-1) 8(-1) 16(-1) 17(-1) 9(-1) 5(-1) 10(-1) 1(-1) 11(-1) 

At the end of time unit 78...
  Core  0: 0010213425163748295a1b6cd7e4f8g2h95a1b6cd7e4f8g2h95a1b6cef8gh95a1b6cef8gh95a1b6

  Queue: 6(0) 12(-1) 14(-1) 15(-1) 8(-1) 16(-1) 17(-1) 9(-1) 5(-1) 10(-1) 1(-1) 11(-1) 

=== [TIME 79] ===
Job 6, running on core 0, had its quantum expire. Core 0 is now running job 12.
  Queue: 12(0) 14(-1) 15(-1) 8(-1) 16(-1) 17(-1) 9(-1) 5(-1) 10(-1) 1(-1) 11(-1) 6(-1) 

At the end of time unit 79...
  Core  0: 0010213425163748295a1b6cd7e4f8g2h95a1b6cd7e4f8g2h95a1b6cef8gh95a1b6cef8gh95a1b6c

  Queue: 12(0) 14(-1) 15(-1) 8(-1) 16(-1) 17(-1) 9(-1) 5(-1) 10(-1) 1(-1) 11(-1) 6(-1) 

=== [TIME 80] ===
Job 12, running on core 0, had its quantum expire. Core 0 is now running job 14.
  Queue: 14(0) 15(-1) 8(-1) 16(-1) 17(-1) 9(-1) 5(-1) 10(-1) 1(-1) 11(-1) 6(-1) 12(-1) 

At the end of time unit 80...
  Core  0: 0010213425163748295a1b6cd7e4f8g2h95a1b6cd7e4f8g2h95a1b6cef8gh95a1b6cef8gh95a1b6ce

  Queue: 14(0) 15(-1) 8(-1) 16(-1) 17(-1) 9(-1) 5(-1) 10(-1) 1(-1) 11(-1) 6(-1) 12(-1) 

=== [TIME 81] ===
Job 14, running on core 0, had its quantum expire. Core 0 is now running job 15.
  Queue: 15(0) 8(-1) 16(-1) 17(-1) 9(-1) 5(-1) 10(-1) 1(-1) 11(-1) 6(-1) 12(-1) 14(-1) 

At the end of time unit 81...
  Core  0: 0010213425163748295a1b6cd7e4f8g2h95a1b6cd7e4f8g2h95a1b6cef8gh95a1b6cef8gh95a1b6cef

  Queue: 15(0) 8(-1) 16(-1) 17(-1) 9(-1) 5(-1) 10(-1) 1(-1) 11(-1) 6(-1) 12(-1) 14(-1) 

=== [TIME 82] ===
Job 15, running on core 0, had its quantum expire. Core 0 is now running job 8.
  Queue: 8(0) 16(-1) 17(-1) 9(-1) 5(-1) 10(-1) 1(-1) 11(-1) 6(-1) 12(-1) 14(-1) 15(-1) 

At the end of time unit 82...
  Core  0: 0010213425163748295a1b6cd7e4f8g2h95a1b6cd7e4f8g2h95a1b6cef8gh95a1b6cef8gh95a1b6cef8

  Queue: 8(0) 16(-1) 17(-1) 9(-1) 5(-1) 10(-1) 1(-1) 11(-1) 6(-1) 12(-1) 14(-1) 15(-1) 

=== [TIME 83] ===
Job 8, running on core 0, had its quantum expire. Core 0 is now running job 16.
  Queue: 16(0) 17(-1) 9(-1) 5(-1) 10(-1) 1(-1) 11(-1) 6(-1) 12(-1) 14(-1) 15(-1) 8(-1) 

At the end of time unit 83...
  Core  0: 0010213425163748295a1b6cd7e4f8g2h95a1b6cd7e4f8g2h95a1b6cef8gh95a1b6cef8gh95a1b6cef8g

  Queue: 16(0) 17(-1) 9(-1) 5(-1) 10(-1) 1(-1) 11(-1) 6(-1) 12(-1) 14(-1) 15(-1) 8(-1) 

=== [TIME 84] ===
Job 16, running on core 0, had its quantum expire. Core 0 is now running job 17.
  Queue: 17(0) 9(-1) 5(-1) 10(-1) 1(-1) 11(-1) 6(-1) 12(-1) 14(-1) 15(-1) 8(-1) 16(-1) 

At the end of time unit 84...
  Core  0: 0010213425163748295a1b6cd7e4f8g2h95a1b6cd7e4f8g2h95a1b6cef8gh95a1b6cef8gh95a1b6cef8gh

  Queue: 17(0) 9(-1) 5(-1) 10(-1) 1(-1) 11(-1) 6(-1) 12(-1) 14(-1) 15(-1) 8(-1) 16(-1) 

=== [TIME 85] ===
Job 17, running on core 0, had its quantum expire. Core 0 is now running job 9.
  Queue: 9(0) 5(-1) 10(-1) 1(-1) 11(-1) 6(-1) 12(-1) 14(-1) 15(-1) 8(-1) 16(-1) 17(-1) 

At the end of time unit 85...
  Core  0: 0010213425163748295a1b6cd7e4f8g2h95a1b6cd7e4f8g2h95a1b6cef8gh95a1b6cef8gh95a1b6cef8gh9

  Queue: 9(0) 5(-1) 10(-1) 1(-1) 11(-1) 6(-1) 12(-1) 14(-1) 15(-1) 8(-1) 16(-1) 17(-1) 

=== [TIME 86] ===
Job 9, running on core 0, had its quantum expire. Core 0 is now running job 5.
  Queue: 5(0) 10(-1) 1(-1) 11(-1) 6(-1) 12(-1) 14(-1) 15(-1) 8(-1) 16(-1) 17(-1) 9(-1) 

At the end of time unit 86...
  Core  0: 0010213425163748295a1b6cd7e4f8g2h95a1b6cd7e4f8g2h95a1b6cef8gh95a1b6cef8gh95a1b6cef8gh95

  Queue: 5(0) 10(-1) 1(-1) 11(-1) 6(-1) 12(-1) 14(-1) 15(-1) 8(-1) 16(-1) 17(-1) 9(-1) 

=== [TIME 87] ===
Job 5, running on core 0, had its quantum expire. Core 0 is now running job 10.
  Queue: 10(0) 1(-1) 11(-1) 6(-1) 12(-1) 14(-1) 15(-1) 8(-1) 16(-1) 17(-1) 9(-1) 5(-1) 

At the end of time unit 87...
  Core  0: 0010213425163748295a1b6cd7e4f8g2h95a1b6cd7e4f8g2h95a1b6cef8gh95a1b6cef8gh95a1b6cef8gh95a

  Queue: 10(0) 1(-1) 11(-1) 6(-1) 12(-1) 14(-1) 15(-1) 8(-1) 16(-1) 17(-1) 9(-1) 5(-1) 

=== [TIME 88] ===
Job 10, running on core 0, had its quantum expire. Core 0 is now running job 1.
  Queue: 1(0) 11(-1) 6(-1) 12(-1) 14(-1) 15(-1) 8(-1) 16(-1) 17(-1) 9(-1) 5(-1) 10(-1) 

At the end of time unit 88...
  Core  0: 0010213425163748295a1b6cd7e4f8g2h95a1b6cd7e4f8g2h95a1b6cef8gh95a1b6cef8gh95a1b6cef8gh95a1

  Queue: 1(0) 11(-1) 6(-1) 12(-1) 14(-1) 15(-1) 8(-1) 16(-1) 17(-1) 9(-1) 5(-1) 10(-1) 

=== [TIME 89] ===
Job 1, running on core 0, had its quantum expire. Core 0 is now running job 11.
  Queue: 11(0) 6(-1) 12(-1) 14(-1) 15(-1) 8(-1) 16(-1) 17(-1) 9(-1) 5(-1) 10(-1) 1(-1) 

At the end of time unit 89...
  Core  0: 0010213425163748295a1b6cd7e4f8g2h95a1b6cd7e4f8g2h95a1b6cef8gh95a1b6cef8gh95a1b6cef8gh95a1b

  Queue: 11(0) 6(-1) 12(-1) 14(-1) 15(-1) 8(-1) 16(-1) 17(-1) 9(-1) 5(-1) 10(-1) 1(-1) 

=== [TIME 90] ===
Job 11, running on core 0, had its quantum expire. Core 0 is now running job 6.
  Queue: 6(0) 12(-1) 14(-1) 15(-1) 8(-1) 16(-1) 17(-1) 9(-1) 5(-1) 10(-1) 1(-1) 11(-1) 

At the end of time unit 90...
  Core  0: 0010213425163748295a1b6cd7e4f8g2h95a1b6cd7e4f8g2h95a1b6cef8gh95a1b6cef8gh95a1b6cef8gh95a1b6

  Queue: 6(0) 12(-1) 14(-1) 15(-1) 8(-1) 16(-1) 17(-1) 9(-1) 5(-1) 10(-1) 1(-1) 11(-1) 

=== [TIME 91] ===
Job 6, running on core 0, had its quantum expire. Core 0 is now running job 12.
  Queue: 12(0) 14(-1) 15(-1) 8(-1) 16(-1) 17(-1) 9(-1) 5(-1) 10(-1) 1(-1) 11(-1) 6(-1) 

At the end of time unit 91...
  Core  0: 0010213425163748295a1b6cd7e4f8g2h95a1b6cd7e4f8g2h95a1b6cef8gh95a1b6cef8gh95a1b6cef8gh95a1b6c

  Queue: 12(0) 14(-1) 15(-1) 8(-1) 16(-1) 17(-1) 9(-1) 5(-1) 10(-1) 1(-1) 11(-1) 6(-1) 

=== [TIME 92] ===
Job 12, running on core 0, had its quantum expire. Core 0 is now running job 14.
  Queue: 14(0) 15(-1) 8(-1) 16(-1) 17(-1) 9(-1) 5(-1) 10(-1) 1(-1) 11(-1) 6(-1) 12(-1) 

At the end of time unit 92...
  Core  0: 0010213425163748295a1b6cd7e4f8g2h95a1b6cd7e4f8g2h95a1b6cef8gh95a1b6cef8gh95a1b6cef8gh95a1b6ce

  Queue: 14(0) 15(-1) 8(-1) 16(-1) 17(-1) 9(-1) 5(-1) 10(-1) 1(-1) 11(-1) 6(-1) 12(-1) 

=== [TIME 93] ===
Job 14, running on core 0, had its quantum expire. Core 0 is now running job 15.
  Queue: 15(0) 8(-1) 16(-1) 17(-1) 9(-1) 5(-1) 10(-1) 1(-1) 11(-1) 6(-1) 12(-1) 14(-1) 

At the end of time unit 93...
  Core  0: 0010213425163748295a1b6cd7e4f8g2h95a1b6cd7e4f8g2h95a1b6cef8gh95a1b6cef8gh95a1b6cef8gh95a1b6cef

  Queue: 15(0) 8(-1) 16(-1) 17(-1) 9(-1) 5(-1) 10(-1) 1(-1) 11(-1) 6(-1) 12(-1) 14(-1) 

=== [TIME 94] ===
Job 15, running on core 0, had its quantum expire. Core 0 is now running job 8.
  Queue: 8(0) 16(-1) 17(-1) 9(-1) 5(-1) 10(-1) 1(-1) 11(-1) 6(-1) 12(-1) 14(-1) 15(-1) 

At the end of time unit 94...
  Core  0: 0010213425163748295a1b6cd7e4f8g2h95a1b6cd7e4f8g2h95a1b6cef8gh95a1b6cef8gh95a1b6cef8gh95a1b6cef8

  Queue: 8(0) 16(-1) 17(-1) 9(-1) 5(-1) 10(-1) 1(-1) 11(-1) 6(-1) 12(-1) 14(-1) 15(-1) 

=== [TIME 95] ===
Job 8, running on core 0, had its quantum expire. Core 0 is now running job 16.
  Queue: 16(0) 17(-1) 9(-1) 5(-1) 10(-1) 1(-1) 11(-1) 6(-1) 12(-1) 14(-1) 15(-1) 8(-1) 

At the end of time unit 95...
  Core  0: 0010213425163748295a1b6cd7e4f8g2h95a1b6cd7e4f8g2h95a1b6cef8gh95a1b6cef8gh95a1b6cef8gh95a1b6cef8g

  Queue: 16(0) 17(-1) 9(-1) 5(-1) 10(-1) 1(-1) 11(-1) 6(-1) 12(-1) 14(-1) 15(-1) 8(-1) 

=== [TIME 96] ===
Job 16, running on core 0, had its quantum expire. Core 0 is now running job 17.
  Queue: 17(0) 9(-1) 5(-1) 10(-1) 1(-1) 11(-1) 6(-1) 12(-1) 14(-1) 15(-1) 8(-1) 16(-1) 

At the end of time unit 96...
  Core  0: 0010213425163748295a1b6cd7e4f8g2h95a1b6cd7e4f8g2h95a1b6cef8gh95a1b6cef8gh95a1b6cef8gh95a1b6cef8gh

  Queue: 17(0) 9(-1) 5(-1) 10(-1) 1(-1) 11(-1) 6(-1) 12(-1) 14(-1) 15(-1) 8(-1) 16(-1) 

=== [TIME 97] ===
Job 17, running on core 0, had its quantum expire. Core 0 is now running job 9.
  Queue: 9(0) 5(-1) 10(-1) 1(-1) 11(-1) 6(-1) 12(-1) 14(-1) 15(-1) 8(-1) 16(-1) 17(-1) 

At the end of time unit 97...
  Core  0: 0010213425163748295a1b6cd7e4f8g2h95a1b6cd7e4f8g2h95a1b6cef8gh95a1b6cef8gh95a1b6cef8gh95a1b6cef8gh9

  Queue: 9(0) 5(-1) 10(-1) 1(-1) 11(-1) 6(-1) 12(-1) 14(-1) 15(-1) 8(-1) 16(-1) 17(-1) 

=== [TIME 98] ===
Job 9, running on core 0, had its quantum expire. Core 0 is now running job 5.
  Queue: 5(0) 10(-1) 1(-1) 11(-1) 6(-1) 12(-1) 14(-1) 15(-1) 8(-1) 16(-1) 17(-1) 9(-1) 

At the end of time unit 98...
  Core  0: 0010213425163748295a1b6cd7e4f8g2h95a1b6cd7e4f8g2h95a1b6cef8gh95a1b6cef8gh95a1b6cef8gh95a1b6cef8gh95

  Queue: 5(0) 10(-1) 1(-1) 11(-1) 6(-1) 12(-1) 14(-1) 15(-1) 8(-1) 16(-1) 17(-1) 9(-1) 

=== [TIME 99] ===
Job 5, running on core 0, finished. Core 0 is now running job 10.
  Queue: 10(0) 1(-1) 11(-1) 6(-1) 12(-1) 14(-1) 15(-1) 8(-1) 16(-1) 17(-1) 9(-1) 

At the end of time unit 99...
  Core  0: 0010213425163748295a1b6cd7e4f8g2h95a1b6cd7e4f8g2h95a1b6cef8gh95a1b6cef8gh95a1b6cef8gh95a1b6cef8gh95a

  Queue: 10(0) 1(-1) 11(-1) 6(-1) 12(-1) 14(-1) 15(-1) 8(-1) 16(-1) 17(-1) 9(-1) 

=== [TIME 100] ===
Job 10, running on core 0, had its quantum expire. Core 0 is now running job 1.
  Queue: 1(0) 11(-1) 6(-1) 12(-1) 14(-1) 15(-1) 8(-1) 16(-1) 17(-1) 9(-1) 10(-1) 

At the end of time unit 100...
  Core  0: 0010213425163748295a1b6cd7e4f8g2h95a1b6cd7e4f8g2h95a1b6cef8gh95a1b6cef8gh95a1b6cef8gh95a1b6cef8gh95a1

  Queue: 1(0) 11(-1) 6(-1) 12(-1) 14(-1) 15(-1) 8(-1) 16(-1) 17(-1) 9(-1) 10(-1) 

=== [TIME 101] ===
Job 1, running on core 0, had its quantum expire. Core 0 is now running job 11.
  Queue: 11(0) 6(-1) 12(-1) 14(-1) 15(-1) 8(-1) 16(-1) 17(-1) 9(-1) 10(-1) 1(-1) 

At the end of time unit 101...
  Core  0: 0010213425163748295a1b6cd7e4f8g2h95a1b6cd7e4f8g2h95a1b6cef8gh95a1b6cef8gh95a1b6cef8gh95a1b6cef8gh95a1b

  Queue: 11(0) 6(-1) 12(-1) 14(-1) 15(-1) 8(-1) 16(-1) 17(-1) 9(-1) 10(-1) 1(-1) 

=== [TIME 102] ===
Job 11, running on core 0, had its quantum expire. Core 0 is now running job 6.
  Queue: 6(0) 12(-1) 14(-1) 15(-1) 8(-1) 16(-1) 17(-1) 9(-1) 10(-1) 1(-1) 11(-1) 

At the end of time unit 102...
  Core  0: 0010213425163748295a1b6cd7e4f8g2h95a1b6cd7e4f8g2h95a1b6cef8gh95a1b6cef8gh95a1b6cef8gh95a1b6cef8gh95a1b6

  Queue: 6(0) 12(-1) 14(-1) 15(-1) 8(-1) 16(-1) 17(-1) 9(-1) 10(-1) 1(-1) 11(-1) 

=== [TIME 103] ===
Job 6, running on core 0, had its quantum expire. Core 0 is now running job 12.
  Queue: 12(0) 14(-1) 15(-1) 8(-1) 16(-1) 17(-1) 9(-1) 10(-1) 1(-1) 11(-1) 6(-1) 

At the end of time unit 103...
  Core  0: 0010213425163748295a1b6cd7e4f8g2h95a1b6cd7e4f8g2h95a1b6cef8gh95a1b6cef8gh95a1b6cef8gh95a1b6cef8gh95a1b6c

  Queue: 12(0) 14(-1) 15(-1) 8(-1) 16(-1) 17(-1) 9(-1) 10(-1) 1(-1) 11(-1) 6(-1) 

=== [TIME 104] ===
Job 12, running on core 0, had its quantum expire. Core 0 is now running job 14.
  Queue: 14(0) 15(-1) 8(-1) 16(-1) 17(-1) 9(-1) 10(-1) 1(-1) 11(-1) 6(-1) 12(-1) 

At the end of time unit 104...
  Core  0: 0010213425163748295a1b6cd7e4f8g2h95a1b6cd7e4f8g2h95a1b6cef8gh95a1b6cef8gh95a1b6cef8gh95a1b6cef8gh95a1b6ce

  Queue: 14(0) 15(-1) 8(-1) 16(-1) 17(-1) 9(-1) 10(-1) 1(-1) 11(-1) 6(-1) 12(-1) 

=== [TIME 105] ===
Job 14, running on core 0, finished. Core 0 is now running job 15.
  Queue: 15(0) 8(-1) 16(-1) 17(-1) 9(-1) 10(-1) 1(-1) 11(-1) 6(-1) 12(-1) 

At the end of time unit 105...
  Core  0: 0010213425163748295a1b6cd7e4f8g2h95a1b6cd7e4f8g2h95a1b6cef8gh95a1b6cef8gh95a1b6cef8gh95a1b6cef8gh95a1b6cef

  Queue: 15(0) 8(-1) 16(-1) 17(-1) 9(-1) 10(-1) 1(-1) 11(-1) 6(-1) 12(-1) 

=== [TIME 106] ===
Job 15, running on core 0, had its quantum expire. Core 0 is now running job 8.
  Queue: 8(0) 16(-1) 17(-1) 9(-1) 10(-1) 1(-1) 11(-1) 6(-1) 12(-1) 15(-1) 

At the end of time unit 106...
  Core  0: 0010213425163748295a1b6cd7e4f8g2h95a1b6cd7e4f8g2h95a1b6cef8gh95a1b6cef8gh95a1b6cef8gh95a1b6cef8gh95a1b6cef8

  Queue: 8(0) 16(-1) 17(-1) 9(-1) 10(-1) 1(-1) 11(-1) 6(-1) 12(-1) 15(-1) 

=== [TIME 107] ===
Job 8, running on core 0, had its quantum expire. Core 0 is now running job 16.
  Queue: 16(0) 17(-1) 9(-1) 10(-1) 1(-1) 11(-1) 6(-1) 12(-1) 15(-1) 8(-1) 

At the end of time unit 107...
  Core  0: 0010213425163748295a1b6cd7e4f8g2h95a1b6cd7e4f8g2h95a1b6cef8gh95a1b6cef8gh95a1b6cef8gh95a1b6cef8gh95a1b6cef8g

  Queue: 16(0) 17(-1) 9(-1) 10(-1) 1(-1) 11(-1) 6(-1) 12(-1) 15(-1) 8(-1) 

=== [TIME 108] ===
Job 16, running on core 0, had its quantum expire. Core 0 is now running job 17.
  Queue: 17(0) 9(-1) 10(-1) 1(-1) 11(-1) 6(-1) 12(-1) 15(-1) 8(-1) 16(-1) 

At the end of time unit 108...
  Core  0: 0010213425163748295a1b6cd7e4f8g2h95a1b6cd7e4f8g2h95a1b6cef8gh95a1b6cef8gh95a1b6cef8gh95a1b6cef8gh95a1b6cef8gh

  Queue: 17(0) 9(-1) 10(-1) 1(-1) 11(-1) 6(-1) 12(-1) 15(-1) 8(-1) 16(-1) 

=== [TIME 109] ===
Job 17, running on core 0, had its quantum expire. Core 0 is now running job 9.
  Queue: 9(0) 10(-1) 1(-1) 11(-1) 6(-1) 12(-1) 15(-1) 8(-1) 16(-1) 17(-1) 

At the end of time unit 109...
  Core  0: 0010213425163748295a1b6cd7e4f8g2h95a1b6cd7e4f8g2h95a1b6cef8gh95a1b6cef8gh95a1b6cef8gh95a1b6cef8gh95a1b6cef8gh9

  Queue: 9(0) 10(-1) 1(-1) 11(-1) 6(-1) 12(-1) 15(-1) 8(-1) 16(-1) 17(-1) 

=== [TIME 110] ===
Job 9, running on core 0, had its quantum expire. Core 0 is now running job 10.
  Queue: 10(0) 1(-1) 11(-1) 6(-1) 12(-1) 15(-1) 8(-1) 16(-1) 17(-1) 9(-1) 

At the end of time unit 110...
  Core  0: 0010213425163748295a1b6cd7e4f8g2h95a1b6cd7e4f8g2h95a1b6cef8gh95a1b6cef8gh95a1b6cef8gh95a1b6cef8gh95a1b6cef8gh9a

  Queue: 10(0) 1(-1) 11(-1) 6(-1) 12(-1) 15(-1) 8(-1) 16(-1) 17(-1) 9(-1) 

=== [TIME 111] ===
Job 10, running on core 0, had its quantum expire. Core 0 is now running job 1.
  Queue: 1(0) 11(-1) 6(-1) 12(-1) 15(-1) 8(-1) 16(-1) 17(-1) 9(-1) 10(-1) 

At the end of time unit 111...
  Core  0: 0010213425163748295a1b6cd7e4f8g2h95a1b6cd7e4f8g2h95a1b6cef8gh95a1b6cef8gh95a1b6cef8gh95a1b6cef8gh95a1b6cef8gh9a1

  Queue: 1(0) 11(-1) 6(-1) 12(-1) 15(-1) 8(-1) 16(-1) 17(-1) 9(-1) 10(-1) 

=== [TIME 112] ===
Job 1, running on core 0, had its quantum expire. Core 0 is now running job 11.
  Queue: 11(0) 6(-1) 12(-1) 15(-1) 8(-1) 16(-1) 17(-1) 9(-1) 10(-1) 1(-1) 

At the end of time unit 112...
  Core  0: 0010213425163748295a1b6cd7e4f8g2h95a1b6cd7e4f8g2h95a1b6cef8gh95a1b6cef8gh95a1b6cef8gh95a1b6cef8gh95a1b6cef8gh9a1b

  Queue: 11(0) 6(-1) 12(-1) 15(-1) 8(-1) 16(-1) 17(-1) 9(-1) 10(-1) 1(-1) 

=== [TIME 113] ===
Job 11, running on core 0, had its quantum expire. Core 0 is now running job 6.
  Queue: 6(0) 12(-1) 15(-1) 8(-1) 16(-1) 17(-1) 9(-1) 10(-1) 1(-1) 11(-1) 

At the end of time unit 113...
  Core  0: 0010213425163748295a1b6cd7e4f8g2h95a1b6cd7e4f8g2h95a1b6cef8gh95a1b6cef8gh95a1b6cef8gh95a1b6cef8gh95a1b6cef8gh9a1b6

  Queue: 6(0) 12(-1) 15(-1) 8(-1) 16(-1) 17(-1) 9(-1) 10(-1) 1(-1) 11(-1) 

=== [TIME 114] ===
Job 6, running on core 0, had its quantum expire. Core 0 is now running job 12.
  Queue: 12(0) 15(-1) 8(-1) 16(-1) 17(-1) 9(-1) 10(-1) 1(-1) 11(-1) 6(-1) 

At the end of time unit 114...
  Core  0: 0010213425163748295a1b6cd7e4f8g2h95a1b6cd7e4f8g2h95a1b6cef8gh95a1b6cef8gh95a1b6cef8gh95a1b6cef8gh95a1b6cef8gh9a1b6c

  Queue: 12(0) 15(-1) 8(-1) 16(-1) 17(-1) 9(-1) 10(-1) 1(-1) 11(-1) 6(-1) 

=== [TIME 115] ===
Job 12, running on core 0, had its quantum expire. Core 0 is now running job 15.
  Queue: 15(0) 8(-1) 16(-1) 17(-1) 9(-1) 10(-1) 1(-1) 11(-1) 6(-1) 12(-1) 

At the end of time unit 115...
  Core  0: 0010213425163748295a1b6cd7e4f8g2h95a1b6cd7e4f8g2h95a1b6cef8gh95a1b6cef8gh95a1b6cef8gh95a1b6cef8gh95a1b6cef8gh9a1b6cf

  Queue: 15(0) 8(-1) 16(-1) 17(-1) 9(-1) 10(-1) 1(-1) 11(-1) 6(-1) 12(-1) 

=== [TIME 116] ===
Job 15, running on core 0, had its quantum expire. Core 0 is now running job 8.
  Queue: 8(0) 16(-1) 17(-1) 9(-1) 10(-1) 1(-1) 11(-1) 6(-1) 12(-1) 15(-1) 

At the end of time unit 116...
  Core  0: 0010213425163748295a1b6cd7e4f8g2h95a1b6cd7e4f8g2h95a1b6cef8gh95a1b6cef8gh95a1b6cef8gh95a1b6cef8gh95a1b6cef8gh9a1b6cf8

  Queue: 8(0) 16(-1) 17(-1) 9(-1) 10(-1) 1(-1) 11(-1) 6(-1) 12(-1) 15(-1) 

=== [TIME 117] ===
Job 8, running on core 0, had its quantum expire. Core 0 is now running job 16.
  Queue: 16(0) 17(-1) 9(-1) 10(-1) 1(-1) 11(-1) 6(-1) 12(-1) 15(-1) 8(-1) 

At the end of time unit 117...
  Core  0: 0010213425163748295a1b6cd7e4f8g2h95a1b6cd7e4f8g2h95a1b6cef8gh95a1b6cef8gh95a1b6cef8gh95a1b6cef8gh95a1b6cef8gh9a1b6cf8g

  Queue: 16(0) 17(-1) 9(-1) 10(-1) 1(-1) 11(-1) 6(-1) 12(-1) 15(-1) 8(-1) 

=== [TIME 118] ===
Job 16, running on core 0, had its quantum expire. Core 0 is now running job 17.
  Queue: 17(0) 9(-1) 10(-1) 1(-1) 11(-1) 6(-1) 12(-1) 15(-1) 8(-1) 16(-1) 

At the end of time unit 118...
  Core  0: 0010213425163748295a1b6cd7e4f8g2h95a1b6cd7e4f8g2h95a1b6cef8gh95a1b6cef8gh95a1b6cef8gh95a1b6cef8gh95a1b6cef8gh9a1b6cf8gh

  Queue: 17(0) 9(-1) 10(-1) 1(-1) 11(-1) 6(-1) 12(-1) 15(-1) 8(-1) 16(-1) 

=== [TIME 119] ===
Job 17, running on core 0, had its quantum expire. Core 0 is now running job 9.
  Queue: 9(0) 10(-1) 1(-1) 11(-1) 6(-1) 12(-1) 15(-1) 8(-1) 16(-1) 17(-1) 

At the end of time unit 119...
  Core  0: 0010213425163748295a1b6cd7e4f8g2h95a1b6cd7e4f8g2h95a1b6cef8gh95a1b6cef8gh95a1b6cef8gh95a1b6cef8gh95a1b6cef8gh9a1b6cf8gh9

  Queue: 9(0) 10(-1) 1(-1) 11(-1) 6(-1) 12(-1) 15(-1) 8(-1) 16(-1) 17(-1) 

=== [TIME 120] ===
Job 9, running on core 0, finished. Core 0 is now running job 10.
  Queue: 10(0) 1(-1) 11(-1) 6(-1) 12(-1) 15(-1) 8(-1) 16(-1) 17(-1) 

At the end of time unit 120...
  Core  0: 0010213425163748295a1b6cd7e4f8g2h95a1b6cd7e4f8g2h95a1b6cef8gh95a1b6cef8gh95a1b6cef8gh95a1b6cef8gh95a1b6cef8gh9a1b6cf8gh9a

  Queue: 10(0) 1(-1) 11(-1) 6(-1) 12(-1) 15(-1) 8(-1) 16(-1) 17(-1) 

=== [TIME 121] ===
Job 10, running on core 0, had its quantum expire. Core 0 is now running job 1.
  Queue: 1(0) 11(-1) 6(-1) 12(-1) 15(-1) 8(-1) 16(-1) 17(-1) 10(-1) 

At the end of time unit 121...
  Core  0: 0010213425163748295a1b6cd7e4f8g2h95a1b6cd7e4f8g2h95a1b6cef8gh95a1b6cef8gh95a1b6cef8gh95a1b6cef8gh95a1b6cef8gh9a1b6cf8gh9a1

  Queue: 1(0) 11(-1) 6(-1) 12(-1) 15(-1) 8(-1) 16(-1) 17(-1) 10(-1) 

=== [TIME 122] ===
Job 1, running on core 0, had its quantum expire. Core 0 is now running job 11.
  Queue: 11(0) 6(-1) 12(-1) 15(-1) 8(-1) 16(-1) 17(-1) 10(-1) 1(-1) 

At the end of time unit 122...
  Core  0: 0010213425163748295a1b6cd7e4f8g2h95a1b6cd7e4f8g2h95a1b6cef8gh95a1b6cef8gh95a1b6cef8gh95a1b6cef8gh95a1b6cef8gh9a1b6cf8gh9a1b

  Queue: 11(0) 6(-1) 12(-1) 15(-1) 8(-1) 16(-1) 17(-1) 10(-1) 1(-1) 

=== [TIME 123] ===
Job 11, running on core 0, finished. Core 0 is now running job 6.
  Queue: 6(0) 12(-1) 15(-1) 8(-1) 16(-1) 17(-1) 10(-1) 1(-1) 

At the end of time unit 123...
  Core  0: 0010213425163748295a1b6cd7e4f8g2h95a1b6cd7e4f8g2h95a1b6cef8gh95a1b6cef8gh95a1b6cef8gh95a1b6cef8gh95a1b6cef8gh9a1b6cf8gh9a1b6

  Queue: 6(0) 12(-1) 15(-1) 8(-1) 16(-1) 17(-1) 10(-1) 1(-1) 

=== [TIME 124] ===
Job 6, running on core 0, had its quantum expire. Core 0 is now running job 12.
  Queue: 12(0) 15(-1) 8(-1) 16(-1) 17(-1) 10(-1) 1(-1) 6(-1) 

At the end of time unit 124...
  Core  0: 0010213425163748295a1b6cd7e4f8g2h95a1b6cd7e4f8g2h95a1b6cef8gh95a1b6cef8gh95a1b6cef8gh95a1b6cef8gh95a1b6cef8gh9a1b6cf8gh9a1b6c

  Queue: 12(0) 15(-1) 8(-1) 16(-1) 17(-1) 10(-1) 1(-1) 6(-1) 

=== [TIME 125] ===
Job 12, running on core 0, had its quantum expire. Core 0 is now running job 15.
  Queue: 15(0) 8(-1) 16(-1) 17(-1) 10(-1) 1(-1) 6(-1) 12(-1) 

At the end of time unit 125...
  Core  0: 0010213425163748295a1b6cd7e4f8g2h95a1b6cd7e4f8g2h95a1b6cef8gh95a1b6cef8gh95a1b6cef8gh95a1b6cef8gh95a1b6cef8gh9a1b6cf8gh9a1b6cf

  Queue: 15(0) 8(-1) 16(-1) 17(-1) 10(-1) 1(-1) 6(-1) 12(-1) 

=== [TIME 126] ===
Job 15, running on core 0, had its quantum expire. Core 0 is now running job 8.
  Queue: 8(0) 16(-1) 17(-1) 10(-1) 1(-1) 6(-1) 12(-1) 15(-1) 

At the end of time unit 126...
  Core  0: 0010213425163748295a1b6cd7e4f8g2h95a1b6cd7e4f8g2h95a1b6cef8gh95a1b6cef8gh95a1b6cef8gh95a1b6cef8gh95a1b6cef8gh9a1b6cf8gh9a1b6cf8

  Queue: 8(0) 16(-1) 17(-1) 10(-1) 1(-1) 6(-1) 12(-1) 15(-1) 

=== [TIME 127] ===
Job 8, running on core 0, had its quantum expire. Core 0 is now running job 16.
  Queue: 16(0) 17(-1) 10(-1) 1(-1) 6(-1) 12(-1) 15(-1) 8(-1) 

At the end of time unit 127...
  Core  0: 0010213425163748295a1b6cd7e4f8g2h95a1b6cd7e4f8g2h95a1b6cef8gh95a1b6cef8gh95a1b6cef8gh95a1b6cef8gh95a1b6cef8gh9a1b6cf8gh9a1b6cf8g

  Queue: 16(0) 17(-1) 10(-1) 1(-1) 6(-1) 12(-1) 15(-1) 8(-1) 

=== [TIME 128] ===
Job 16, running on core 0, had its quantum expire. Core 0 is now running job 17.
  Queue: 17(0) 10(-1) 1(-1) 6(-1) 12(-1) 15(-1) 8(-1) 16(-1) 

At the end of time unit 128...
  Core  0: 0010213425163748295a1b6cd7e4f8g2h95a1b6cd7e4f8g2h95a1b6cef8gh95a1b6cef8gh95a1b6cef8gh95a1b6cef8gh95a1b6cef8gh9a1b6cf8gh9a1b6cf8gh

  Queue: 17(0) 10(-1) 1(-1) 6(-1) 12(-1) 15(-1) 8(-1) 16(-1) 

=== [TIME 129] ===
Job 17, running on core 0, finished. Core 0 is now running job 10.
  Queue: 10(0) 1(-1) 6(-1) 12(-1) 15(-1) 8(-1) 16(-1) 

At the end of time unit 129...
  Core  0: 0010213425163748295a1b6cd7e4f8g2h95a1b6cd7e4f8g2h95a1b6cef8gh95a1b6cef8gh95a1b6cef8gh95a1b6cef8gh95a1b6cef8gh9a1b6cf8gh9a1b6cf8gha

  Queue: 10(0) 1(-1) 6(-1) 12(-1) 15(-1) 8(-1) 16(-1) 

=== [TIME 130] ===
Job 10, running on core 0, had its quantum expire. Core 0 is now running job 1.
  Queue: 1(0) 6(-1) 12(-1) 15(-1) 8(-1) 16(-1) 10(-1) 

At the end of time unit 130...
  Core  0: 0010213425163748295a1b6cd7e4f8g2h95a1b6cd7e4f8g2h95a1b6cef8gh95a1b6cef8gh95a1b6cef8gh95a1b6cef8gh95a1b6cef8gh9a1b6cf8gh9a1b6cf8gha1

  Queue: 1(0) 6(-1) 12(-1) 15(-1) 8(-1) 16(-1) 10(-1) 

=== [TIME 131] ===
Job 1, running on core 0, had its quantum expire. Core 0 is now running job 6.
  Queue: 6(0) 12(-1) 15(-1) 8(-1) 16(-1) 10(-1) 1(-1) 

At the end of time unit 131...
  Core  0: 0010213425163748295a1b6cd7e4f8g2h95a1b6cd7e4f8g2h95a1b6cef8gh95a1b6cef8gh95a1b6cef8gh95a1b6cef8gh95a1b6cef8gh9a1b6cf8gh9a1b6cf8gha16

  Queue: 6(0) 12(-1) 15(-1) 8(-1) 16(-1) 10(-1) 1(-1) 

=== [TIME 132] ===
Job 6, running on core 0, finished. Core 0 is now running job 12.
  Queue: 12(0) 15(-1) 8(-1) 16(-1) 10(-1) 1(-1) 

At the end of time unit 132...
  Core  0: 0010213425163748295a1b6cd7e4f8g2h95a1b6cd7e4f8g2h95a1b6cef8gh95a1b6cef8gh95a1b6cef8gh95a1b6cef8gh95a1b6cef8gh9a1b6cf8gh9a1b6cf8gha16c

  Queue: 12(0) 15(-1) 8(-1) 16(-1) 10(-1) 1(-1) 

=== [TIME 133] ===
Job 12, running on core 0, had its quantum expire. Core 0 is now running job 15.
  Queue: 15(0) 8(-1) 16(-1) 10(-1) 1(-1) 12(-1) 

At the end of time unit 133...
  Core  0: 0010213425163748295a1b6cd7e4f8g2h95a1b6cd7e4f8g2h95a1b6cef8gh95a1b6cef8gh95a1b6cef8gh95a1b6cef8gh95a1b6cef8gh9a1b6cf8gh9a1b6cf8gha16cf

  Queue: 15(0) 8(-1) 16(-1) 10(-1) 1(-1) 12(-1) 

=== [TIME 134] ===
Job 15, running on core 0, had its quantum expire. Core 0 is now running job 8.
  Queue: 8(0) 16(-1) 10(-1) 1(-1) 12(-1) 15(-1) 

At the end of time unit 134...
  Core  0: 0010213425163748295a1b6cd7e4f8g2h95a1b6cd7e4f8g2h95a1b6cef8gh95a1b6cef8gh95a1b6cef8gh95a1b6cef8gh95a1b6cef8gh9a1b6cf8gh9a1b6cf8gha16cf8

  Queue: 8(0) 16(-1) 10(-1) 1(-1) 12(-1) 15(-1) 

=== [TIME 135] ===
Job 8, running on core 0, had its quantum expire. Core 0 is now running job 16.
  Queue: 16(0) 10(-1) 1(-1) 12(-1) 15(-1) 8(-1) 

At the end of time unit 135...
  Core  0: 0010213425163748295a1b6cd7e4f8g2h95a1b6cd7e4f8g2h95a1b6cef8gh95a1b6cef8gh95a1b6cef8gh95a1b6cef8gh95a1b6cef8gh9a1b6cf8gh9a1b6cf8gha16cf8g

  Queue: 16(0) 10(-1) 1(-1) 12(-1) 15(-1) 8(-1) 

=== [TIME 136] ===
Job 16, running on core 0, had its quantum expire. Core 0 is now running job 10.
  Queue: 10(0) 1(-1) 12(-1) 15(-1) 8(-1) 16(-1) 

At the end of time unit 136...
  Core  0: 0010213425163748295a1b6cd7e4f8g2h95a1b6cd7e4f8g2h95a1b6cef8gh95a1b6cef8gh95a1b6cef8gh95a1b6cef8gh95a1b6cef8gh9a1b6cf8gh9a1b6cf8gha16cf8ga

  Queue: 10(0) 1(-1) 12(-1) 15(-1) 8(-1) 16(-1) 

=== [TIME 137] ===
Job 10, running on core 0, had its quantum expire. Core 0 is now running job 1.
  Queue: 1(0) 12(-1) 15(-1) 8(-1) 16(-1) 10(-1) 

At the end of time unit 137...
  Core  0: 0010213425163748295a1b6cd7e4f8g2h95a1b6cd7e4f8g2h95a1b6cef8gh95a1b6cef8gh95a1b6cef8gh95a1b6cef8gh95a1b6cef8gh9a1b6cf8gh9a1b6cf8gha16cf8ga1

  Queue: 1(0) 12(-1) 15(-1) 8(-1) 16(-1) 10(-1) 

=== [TIME 138] ===
Job 1, running on core 0, had its quantum expire. Core 0 is now running job 12.
  Queue: 12(0) 15(-1) 8(-1) 16(-1) 10(-1) 1(-1) 

At the end of time unit 138...
  Core  0: 0010213425163748295a1b6cd7e4f8g2h95a1b6cd7e4f8g2h95a1b6cef8gh95a1b6cef8gh95a1b6cef8gh95a1b6cef8gh95a1b6cef8gh9a1b6cf8gh9a1b6cf8gha16cf8ga1c

  Queue: 12(0) 15(-1) 8(-1) 16(-1) 10(-1) 1(-1) 

=== [TIME 139] ===
Job 12, running on core 0, had its quantum expire. Core 0 is now running job 15.
  Queue: 15(0) 8(-1) 16(-1) 10(-1) 1(-1) 12(-1) 

At the end of time unit 139...
  Core  0: 0010213425163748295a1b6cd7e4f8g2h95a1b6cd7e4f8g2h95a1b6cef8gh95a1b6cef8gh95a1b6cef8gh95a1b6cef8gh95a1b6cef8gh9a1b6cf8gh9a1b6cf8gha16cf8ga1cf

  Queue: 15(0) 8(-1) 16(-1) 10(-1) 1(-1) 12(-1) 

=== [TIME 140] ===
Job 15, running on core 0, had its quantum expire. Core 0 is now running job 8.
  Queue: 8(0) 16(-1) 10(-1) 1(-1) 12(-1) 15(-1) 

At the end of time unit 140...
  Core  0: 0010213425163748295a1b6cd7e4f8g2h95a1b6cd7e4f8g2h95a1b6cef8gh95a1b6cef8gh95a1b6cef8gh95a1b6cef8gh95a1b6cef8gh9a1b6cf8gh9a1b6cf8gha16cf8ga1cf8

  Queue: 8(0) 16(-1) 10(-1) 1(-1) 12(-1) 15(-1) 

=== [TIME 141] ===
Job 8, running on core 0, had its quantum expire. Core 0 is now running job 16.
  Queue: 16(0) 10(-1) 1(-1) 12(-1) 15(-1) 8(-1) 

At the end of time unit 141...
  Core  0: 0010213425163748295a1b6cd7e4f8g2h95a1b6cd7e4f8g2h95a1b6cef8gh95a1b6cef8gh95a1b6cef8gh95a1b6cef8gh95a1b6cef8gh9a1b6cf8gh9a1b6cf8gha16cf8ga1cf8g

  Queue: 16(0) 10(-1) 1(-1) 12(-1) 15(-1) 8(-1) 

=== [TIME 142] ===
Job 16, running on core 0, had its quantum expire. Core 0 is now running job 10.
  Queue: 10(0) 1(-1) 12(-1) 15(-1) 8(-1) 16(-1) 

At the end of time unit 142...
  Core  0: 0010213425163748295a1b6cd7e4f8g2h95a1b6cd7e4f8g2h95a1b6cef8gh95a1b6cef8gh95a1b6cef8gh95a1b6cef8gh95a1b6cef8gh9a1b6cf8gh9a1b6cf8gha16cf8ga1cf8ga

  Queue: 10(0) 1(-1) 12(-1) 15(-1) 8(-1) 16(-1) 

=== [TIME 143] ===
Job 10, running on core 0, finished. Core 0 is now running job 1.
  Queue: 1(0) 12(-1) 15(-1) 8(-1) 16(-1) 

At the end of time unit 143...
  Core  0: 0010213425163748295a1b6cd7e4f8g2h95a1b6cd7e4f8g2h95a1b6cef8gh95a1b6cef8gh95a1b6cef8gh95a1b6cef8gh95a1b6cef8gh9a1b6cf8gh9a1b6cf8gha16cf8ga1cf8ga1

  Queue: 1(0) 12(-1) 15(-1) 8(-1) 16(-1) 

=== [TIME 144] ===
Job 1, running on core 0, had its quantum expire. Core 0 is now running job 12.
  Queue: 12(0) 15(-1) 8(-1) 16(-1) 1(-1) 

At the end of time unit 144...
  Core  0: 0010213425163748295a1b6cd7e4f8g2h95a1b6cd7e4f8g2h95a1b6cef8gh95a1b6cef8gh95a1b6cef8gh95a1b6cef8gh95a1b6cef8gh9a1b6cf8gh9a1b6cf8gha16cf8ga1cf8ga1c

  Queue: 12(0) 15(-1) 8(-1) 16(-1) 1(-1) 

=== [TIME 145] ===
Job 12, running on core 0, had its quantum expire. Core 0 is now running job 15.
  Queue: 15(0) 8(-1) 16(-1) 1(-1) 12(-1) 

At the end of time unit 145...
  Core  0: 0010213425163748295a1b6cd7e4f8g2h95a1b6cd7e4f8g2h95a1b6cef8gh95a1b6cef8gh95a1b6cef8gh95a1b6cef8gh95a1b6cef8gh9a1b6cf8gh9a1b6cf8gha16cf8ga1cf8ga1cf

  Queue: 15(0) 8(-1) 16(-1) 1(-1) 12(-1) 

=== [TIME 146] ===
Job 15, running on core 0, finished. Core 0 is now running job 8.
  Queue: 8(0) 16(-1) 1(-1) 12(-1) 

At the end of time unit 146...
  Core  0: 0010213425163748295a1b6cd7e4f8g2h95a1b6cd7e4f8g2h95a1b6cef8gh95a1b6cef8gh95a1b6cef8gh95a1b6cef8gh95a1b6cef8gh9a1b6cf8gh9a1b6cf8gha16cf8ga1cf8ga1cf8

  Queue: 8(0) 16(-1) 1(-1) 12(-1) 

=== [TIME 147] ===
Job 8, running on core 0, had its quantum expire. Core 0 is now running job 16.
  Queue: 16(0) 1(-1) 12(-1) 8(-1) 

At the end of time unit 147...
  Core  0: 0010213425163748295a1b6cd7e4f8g2h95a1b6cd7e4f8g2h95a1b6cef8gh95a1b6cef8gh95a1b6cef8gh95a1b6cef8gh95a1b6cef8gh9a1b6cf8gh9a1b6cf8gha16cf8ga1cf8ga1cf8g

  Queue: 16(0) 1(-1) 12(-1) 8(-1) 

=== [TIME 148] ===
Job 16, running on core 0, had its quantum expire. Core 0 is now running job 1.
  Queue: 1(0) 12(-1) 8(-1) 16(-1) 

At the end of time unit 148...
  Core  0: 0010213425163748295a1b6cd7e4f8g2h95a1b6cd7e4f8g2h95a1b6cef8gh95a1b6cef8gh95a1b6cef8gh95a1b6cef8gh95a1b6cef8gh9a1b6cf8gh9a1b6cf8gha16cf8ga1cf8ga1cf8g1

  Queue: 1(0) 12(-1) 8(-1) 16(-1) 

=== [TIME 149] ===
Job 1, running on core 0, had its quantum expire. Core 0 is now running job 12.
  Queue: 12(0) 8(-1) 16(-1) 1(-1) 

At the end of time unit 149...
  Core  0: 0010213425163748295a1b6cd7e4f8g2h95a1b6cd7e4f8g2h95a1b6cef8gh95a1b6cef8gh95a1b6cef8gh95a1b6cef8gh95a1b6cef8gh9a1b6cf8gh9a1b6cf8gha16cf8ga1cf8ga1cf8g1c

  Queue: 12(0) 8(-1) 16(-1) 1(-1) 

=== [TIME 150] ===
Job 12, running on core 0, had its quantum expire. Core 0 is now running job 8.
  Queue: 8(0) 16(-1) 1(-1) 12(-1) 

At the end of time unit 150...
  Core  0: 0010213425163748295a1b6cd7e4f8g2h95a1b6cd7e4f8g2h95a1b6cef8gh95a1b6cef8gh95a1b6cef8gh95a1b6cef8gh95a1b6cef8gh9a1b6cf8gh9a1b6cf8gha16cf8ga1cf8ga1cf8g1c8

  Queue: 8(0) 16(-1) 1(-1) 12(-1) 

=== [TIME 151] ===
Job 8, running on core 0, had its quantum expire. Core 0 is now running job 16.
  Queue: 16(0) 1(-1) 12(-1) 8(-1) 

At the end of time unit 151...
  Core  0: 0010213425163748295a1b6cd7e4f8g2h95a1b6cd7e4f8g2h95a1b6cef8gh95a1b6cef8gh95a1b6cef8gh95a1b6cef8gh95a1b6cef8gh9a1b6cf8gh9a1b6cf8gha16cf8ga1cf8ga1cf8g1c8g

  Queue: 16(0) 1(-1) 12(-1) 8(-1) 

=== [TIME 152] ===
Job 16, running on core 0, had its quantum expire. Core 0 is now running job 1.
  Queue: 1(0) 12(-1) 8(-1) 16(-1) 

At the end of time unit 152...
  Core  0: 0010213425163748295a1b6cd7e4f8g2h95a1b6cd7e4f8g2h95a1b6cef8gh95a1b6cef8gh95a1b6cef8gh95a1b6cef8gh95a1b6cef8gh9a1b6cf8gh9a1b6cf8gha16cf8ga1cf8ga1cf8g1c8g1

  Queue: 1(0) 12(-1) 8(-1) 16(-1) 

=== [TIME 153] ===
Job 1, running on core 0, had its quantum expire. Core 0 is now running job 12.
  Queue: 12(0) 8(-1) 16(-1) 1(-1) 

At the end of time unit 153...
  Core  0: 0010213425163748295a1b6cd7e4f8g2h95a1b6cd7e4f8g2h95a1b6cef8gh95a1b6cef8gh95a1b6cef8gh95a1b6cef8gh95a1b6cef8gh9a1b6cf8gh9a1b6cf8gha16cf8ga1cf8ga1cf8g1c8g1c

  Queue: 12(0) 8(-1) 16(-1) 1(-1) 

=== [TIME 154] ===
Job 12, running on core 0, finished. Core 0 is now running job 8.
  Queue: 8(0) 16(-1) 1(-1) 

At the end of time unit 154...
  Core  0: 0010213425163748295a1b6cd7e4f8g2h95a1b6cd7e4f8g2h95a1b6cef8gh95a1b6cef8gh95a1b6cef8gh95a1b6cef8gh95a1b6cef8gh9a1b6cf8gh9a1b6cf8gha16cf8ga1cf8ga1cf8g1c8g1c8

  Queue: 8(0) 16(-1) 1(-1) 

=== [TIME 155] ===
Job 8, running on core 0, finished. Core 0 is now running job 16.
  Queue: 16(0) 1(-1) 

At the end of time unit 155...
  Core  0: 0010213425163748295a1b6cd7e4f8g2h95a1b6cd7e4f8g2h95a1b6cef8gh95a1b6cef8gh95a1b6cef8gh95a1b6cef8gh95a1b6cef8gh9a1b6cf8gh9a1b6cf8gha16cf8ga1cf8ga1cf8g1c8g1c8g

  Queue: 16(0) 1(-1) 

=== [TIME 156] ===
Job 16, running on core 0, had its quantum expire. Core 0 is now running job 1.
  Queue: 1(0) 16(-1) 

At the end of time unit 156...
  Core  0: 0010213425163748295a1b6cd7e4f8g2h95a1b6cd7e4f8g2h95a1b6cef8gh95a1b6cef8gh95a1b6cef8gh95a1b6cef8gh95a1b6cef8gh9a1b6cf8gh9a1b6cf8gha16cf8ga1cf8ga1cf8g1c8g1c8g1

  Queue: 1(0) 16(-1) 

=== [TIME 157] ===
Job 1, running on core 0, had its quantum expire. Core 0 is now running job 16.
  Queue: 16(0) 1(-1) 

At the end of time unit 157...
  Core  0: 0010213425163748295a1b6cd7e4f8g2h95a1b6cd7e4f8g2h95a1b6cef8gh95a1b6cef8gh95a1b6cef8gh95a1b6cef8gh95a1b6cef8gh9a1b6cf8gh9a1b6cf8gha16cf8ga1cf8ga1cf8g1c8g1c8g1g

  Queue: 16(0) 1(-1) 

=== [TIME 158] ===
Job 16, running on core 0, finished. Core 0 is now running job 1.
  Queue: 1(0) 

At the end of time unit 158...
  Core  0: 0010213425163748295a1b6cd7e4f8g2h95a1b6cd7e4f8g2h95a1b6cef8gh95a1b6cef8gh95a1b6cef8gh95a1b6cef8gh95a1b6cef8gh9a1b6cf8gh9a1b6cf8gha16cf8ga1cf8ga1cf8g1c8g1c8g1g1

  Queue: 1(0) 

=== [TIME 159] ===
Job 1, running on core 0, had its quantum expire. Core 0 is now running job 1.
  Queue: 1(0) 

At the end of time unit 159...
  Core  0: 0010213425163748295a1b6cd7e4f8g2h95a1b6cd7e4f8g2h95a1b6cef8gh95a1b6cef8gh95a1b6cef8gh95a1b6cef8gh95a1b6cef8gh9a1b6cf8gh9a1b6cf8gha16cf8ga1cf8ga1cf8g1c8g1c8g1g11

  Queue: 1(0) 

=== [TIME 160] ===
Job 1, running on core 0, finished. Core 0 is now running job -1.
  Queue: 

FINAL TIMING DIAGRAM:
  Core  0: 0010213425163748295a1b6cd7e4f8g2h95a1b6cd7e4f8g2h95a1b6cef8gh95a1b6cef8gh95a1b6cef8gh95a1b6cef8gh95a1b6cef8gh9a1b6cf8gh9a1b6cf8gha16cf8ga1cf8ga1cf8g1c8g1c8g1g11

Average Waiting Time: 83.50
Average Turnaround Time: 92.39
Average Response Time: 7.44
